<?xml version="1.0" encoding="utf-8"?>
<CoverageSession xmlns:xsd="http://www.w3.org/2001/XMLSchema" xmlns:xsi="http://www.w3.org/2001/XMLSchema-instance" Version="0.0.0.0">
  <Summary numSequencePoints="1184" visitedSequencePoints="0" numBranchPoints="0" visitedBranchPoints="0" sequenceCoverage="0.0" branchCoverage="0.0" maxCyclomaticComplexity="0" minCyclomaticComplexity="0" maxCrapScore="0" minCrapScore="0" visitedClasses="0" numClasses="19" visitedMethods="0" numMethods="83" />
  <Modules>
    <Module>
      <Summary numSequencePoints="4" visitedSequencePoints="0" numBranchPoints="0" visitedBranchPoints="0" sequenceCoverage="0.0" branchCoverage="0.0" maxCyclomaticComplexity="0" minCyclomaticComplexity="0" maxCrapScore="0" minCrapScore="0" visitedClasses="0" numClasses="1" visitedMethods="0" numMethods="2" />
      <ModuleTime>0001-01-01T00:00:00</ModuleTime>
      <ModuleName>Assembly-CSharp</ModuleName>
      <Files>
        <File uid="1" fullPath="C:/Users/EJUKESJO/OneDrive - Capgemini/Documents/GitHub/DC2TPR-MVP/DC2TPR-MVP/Assets/RestStopChanger.cs" />
      </Files>
      <Classes>
        <Class>
          <Summary numSequencePoints="4" visitedSequencePoints="0" numBranchPoints="0" visitedBranchPoints="0" sequenceCoverage="0.0" branchCoverage="0.0" maxCyclomaticComplexity="0" minCyclomaticComplexity="0" maxCrapScore="0" minCrapScore="0" visitedClasses="0" numClasses="1" visitedMethods="0" numMethods="2" />
          <FullName>RestStopChanger</FullName>
          <Methods>
            <Method visited="false" cyclomaticComplexity="0" nPathComplexity="0" sequenceCoverage="0.0" branchCoverage="0" crapScore="0" isConstructor="false" isStatic="false" isGetter="false" isSetter="false">
              <Summary numSequencePoints="2" visitedSequencePoints="0" numBranchPoints="0" visitedBranchPoints="0" sequenceCoverage="0.0" branchCoverage="0" maxCyclomaticComplexity="0" minCyclomaticComplexity="0" maxCrapScore="0" minCrapScore="0" visitedClasses="0" numClasses="0" visitedMethods="0" numMethods="1" />
              <MetadataToken>100663297</MetadataToken>
              <Name>System.Void RestStopChanger::Start()</Name>
              <FileRef uid="1" />
              <SequencePoints>
                <SequencePoint vc="0" uspid="2369" ordinal="0" offset="0" sl="9" sc="0" el="9" ec="0" bec="0" bev="0" fileid="1" />
                <SequencePoint vc="0" uspid="2370" ordinal="0" offset="1" sl="11" sc="0" el="11" ec="0" bec="0" bev="0" fileid="1" />
              </SequencePoints>
              <BranchPoints />
            </Method>
            <Method visited="false" cyclomaticComplexity="0" nPathComplexity="0" sequenceCoverage="0.0" branchCoverage="0" crapScore="0" isConstructor="false" isStatic="false" isGetter="false" isSetter="false">
              <Summary numSequencePoints="2" visitedSequencePoints="0" numBranchPoints="0" visitedBranchPoints="0" sequenceCoverage="0.0" branchCoverage="0" maxCyclomaticComplexity="0" minCyclomaticComplexity="0" maxCrapScore="0" minCrapScore="0" visitedClasses="0" numClasses="0" visitedMethods="0" numMethods="1" />
              <MetadataToken>100663298</MetadataToken>
              <Name>System.Void RestStopChanger::Update()</Name>
              <FileRef uid="1" />
              <SequencePoints>
                <SequencePoint vc="0" uspid="2371" ordinal="0" offset="0" sl="15" sc="0" el="15" ec="0" bec="0" bev="0" fileid="1" />
                <SequencePoint vc="0" uspid="2372" ordinal="0" offset="1" sl="17" sc="0" el="17" ec="0" bec="0" bev="0" fileid="1" />
              </SequencePoints>
              <BranchPoints />
            </Method>
          </Methods>
        </Class>
      </Classes>
    </Module>
    <Module>
      <Summary numSequencePoints="1180" visitedSequencePoints="0" numBranchPoints="0" visitedBranchPoints="0" sequenceCoverage="0.0" branchCoverage="0.0" maxCyclomaticComplexity="0" minCyclomaticComplexity="0" maxCrapScore="0" minCrapScore="0" visitedClasses="0" numClasses="18" visitedMethods="0" numMethods="81" />
      <ModuleTime>0001-01-01T00:00:00</ModuleTime>
      <ModuleName>Scripts</ModuleName>
      <Files>
        <File uid="2" fullPath="C:/Users/EJUKESJO/OneDrive - Capgemini/Documents/GitHub/DC2TPR-MVP/DC2TPR-MVP/Assets/Scripts/ArmorBar.cs" />
        <File uid="3" fullPath="C:/Users/EJUKESJO/OneDrive - Capgemini/Documents/GitHub/DC2TPR-MVP/DC2TPR-MVP/Assets/Scripts/Camera.cs" />
        <File uid="4" fullPath="C:/Users/EJUKESJO/OneDrive - Capgemini/Documents/GitHub/DC2TPR-MVP/DC2TPR-MVP/Assets/Scripts/Card.cs" />
        <File uid="5" fullPath="C:/Users/EJUKESJO/OneDrive - Capgemini/Documents/GitHub/DC2TPR-MVP/DC2TPR-MVP/Assets/Scripts/Enemies.cs" />
        <File uid="6" fullPath="C:/Users/EJUKESJO/OneDrive - Capgemini/Documents/GitHub/DC2TPR-MVP/DC2TPR-MVP/Assets/Scripts/Enemy.cs" />
        <File uid="7" fullPath="C:/Users/EJUKESJO/OneDrive - Capgemini/Documents/GitHub/DC2TPR-MVP/DC2TPR-MVP/Assets/Scripts/Event.cs" />
        <File uid="8" fullPath="C:/Users/EJUKESJO/OneDrive - Capgemini/Documents/GitHub/DC2TPR-MVP/DC2TPR-MVP/Assets/Scripts/EventManager.cs" />
        <File uid="9" fullPath="C:/Users/EJUKESJO/OneDrive - Capgemini/Documents/GitHub/DC2TPR-MVP/DC2TPR-MVP/Assets/Scripts/GameController.cs" />
        <File uid="10" fullPath="C:/Users/EJUKESJO/OneDrive - Capgemini/Documents/GitHub/DC2TPR-MVP/DC2TPR-MVP/Assets/Scripts/HealthBar.cs" />
        <File uid="11" fullPath="C:/Users/EJUKESJO/OneDrive - Capgemini/Documents/GitHub/DC2TPR-MVP/DC2TPR-MVP/Assets/Scripts/Menu.cs" />
        <File uid="12" fullPath="C:/Users/EJUKESJO/OneDrive - Capgemini/Documents/GitHub/DC2TPR-MVP/DC2TPR-MVP/Assets/Scripts/OverworldPlayerHealth.cs" />
        <File uid="13" fullPath="C:/Users/EJUKESJO/OneDrive - Capgemini/Documents/GitHub/DC2TPR-MVP/DC2TPR-MVP/Assets/Scripts/Player.cs" />
        <File uid="14" fullPath="C:/Users/EJUKESJO/OneDrive - Capgemini/Documents/GitHub/DC2TPR-MVP/DC2TPR-MVP/Assets/Scripts/StageCompleteTextManipulator.cs" />
        <File uid="15" fullPath="C:/Users/EJUKESJO/OneDrive - Capgemini/Documents/GitHub/DC2TPR-MVP/DC2TPR-MVP/Assets/Scripts/StageTextManipulator.cs" />
      </Files>
      <Classes>
        <Class>
          <Summary numSequencePoints="11" visitedSequencePoints="0" numBranchPoints="0" visitedBranchPoints="0" sequenceCoverage="0.0" branchCoverage="0.0" maxCyclomaticComplexity="0" minCyclomaticComplexity="0" maxCrapScore="0" minCrapScore="0" visitedClasses="0" numClasses="1" visitedMethods="0" numMethods="2" />
          <FullName>ArmorBar</FullName>
          <Methods>
            <Method visited="false" cyclomaticComplexity="0" nPathComplexity="0" sequenceCoverage="0.0" branchCoverage="0" crapScore="0" isConstructor="false" isStatic="false" isGetter="false" isSetter="false">
              <Summary numSequencePoints="7" visitedSequencePoints="0" numBranchPoints="0" visitedBranchPoints="0" sequenceCoverage="0.0" branchCoverage="0" maxCyclomaticComplexity="0" minCyclomaticComplexity="0" maxCrapScore="0" minCrapScore="0" visitedClasses="0" numClasses="0" visitedMethods="0" numMethods="1" />
              <MetadataToken>100663297</MetadataToken>
              <Name>System.Void ArmorBar::setArmor(System.Int32)</Name>
              <FileRef uid="2" />
              <SequencePoints>
                <SequencePoint vc="0" uspid="2373" ordinal="0" offset="0" sl="37" sc="0" el="37" ec="0" bec="0" bev="0" fileid="2" />
                <SequencePoint vc="0" uspid="2374" ordinal="0" offset="1" sl="38" sc="0" el="38" ec="0" bec="0" bev="0" fileid="2" />
                <SequencePoint vc="0" uspid="2375" ordinal="0" offset="15" sl="39" sc="0" el="39" ec="0" bec="0" bev="0" fileid="2" />
                <SequencePoint vc="0" uspid="2376" ordinal="0" offset="43" sl="40" sc="0" el="40" ec="0" bec="0" bev="0" fileid="2" />
                <SequencePoint vc="0" uspid="2377" ordinal="0" offset="44" sl="41" sc="0" el="41" ec="0" bec="0" bev="0" fileid="2" />
                <SequencePoint vc="0" uspid="2378" ordinal="0" offset="67" sl="42" sc="0" el="42" ec="0" bec="0" bev="0" fileid="2" />
                <SequencePoint vc="0" uspid="2379" ordinal="0" offset="68" sl="43" sc="0" el="43" ec="0" bec="0" bev="0" fileid="2" />
              </SequencePoints>
              <BranchPoints />
            </Method>
            <Method visited="false" cyclomaticComplexity="0" nPathComplexity="0" sequenceCoverage="0.0" branchCoverage="0" crapScore="0" isConstructor="false" isStatic="false" isGetter="false" isSetter="false">
              <Summary numSequencePoints="4" visitedSequencePoints="0" numBranchPoints="0" visitedBranchPoints="0" sequenceCoverage="0.0" branchCoverage="0" maxCyclomaticComplexity="0" minCyclomaticComplexity="0" maxCrapScore="0" minCrapScore="0" visitedClasses="0" numClasses="0" visitedMethods="0" numMethods="1" />
              <MetadataToken>100663298</MetadataToken>
              <Name>System.Void ArmorBar::setMaxArmor(System.Int32)</Name>
              <FileRef uid="2" />
              <SequencePoints>
                <SequencePoint vc="0" uspid="2380" ordinal="0" offset="0" sl="56" sc="0" el="56" ec="0" bec="0" bev="0" fileid="2" />
                <SequencePoint vc="0" uspid="2381" ordinal="0" offset="1" sl="57" sc="0" el="57" ec="0" bec="0" bev="0" fileid="2" />
                <SequencePoint vc="0" uspid="2382" ordinal="0" offset="15" sl="58" sc="0" el="58" ec="0" bec="0" bev="0" fileid="2" />
                <SequencePoint vc="0" uspid="2383" ordinal="0" offset="29" sl="59" sc="0" el="59" ec="0" bec="0" bev="0" fileid="2" />
              </SequencePoints>
              <BranchPoints />
            </Method>
          </Methods>
        </Class>
        <Class>
          <Summary numSequencePoints="8" visitedSequencePoints="0" numBranchPoints="0" visitedBranchPoints="0" sequenceCoverage="0.0" branchCoverage="0.0" maxCyclomaticComplexity="0" minCyclomaticComplexity="0" maxCrapScore="0" minCrapScore="0" visitedClasses="0" numClasses="1" visitedMethods="0" numMethods="2" />
          <FullName>Camera</FullName>
          <Methods>
            <Method visited="false" cyclomaticComplexity="0" nPathComplexity="0" sequenceCoverage="0.0" branchCoverage="0" crapScore="0" isConstructor="false" isStatic="false" isGetter="false" isSetter="false">
              <Summary numSequencePoints="7" visitedSequencePoints="0" numBranchPoints="0" visitedBranchPoints="0" sequenceCoverage="0.0" branchCoverage="0" maxCyclomaticComplexity="0" minCyclomaticComplexity="0" maxCrapScore="0" minCrapScore="0" visitedClasses="0" numClasses="0" visitedMethods="0" numMethods="1" />
              <MetadataToken>100663304</MetadataToken>
              <Name>System.Void Camera::Update()</Name>
              <FileRef uid="3" />
              <SequencePoints>
                <SequencePoint vc="0" uspid="2384" ordinal="0" offset="0" sl="37" sc="0" el="37" ec="0" bec="0" bev="0" fileid="3" />
                <SequencePoint vc="0" uspid="2385" ordinal="0" offset="1" sl="38" sc="0" el="38" ec="0" bec="0" bev="0" fileid="3" />
                <SequencePoint vc="0" uspid="2386" ordinal="0" offset="12" sl="39" sc="0" el="39" ec="0" bec="0" bev="0" fileid="3" />
                <SequencePoint vc="0" uspid="2387" ordinal="0" offset="23" sl="41" sc="0" el="41" ec="0" bec="0" bev="0" fileid="3" />
                <SequencePoint vc="0" uspid="2388" ordinal="0" offset="37" sl="42" sc="0" el="42" ec="0" bec="0" bev="0" fileid="3" />
                <SequencePoint vc="0" uspid="2389" ordinal="0" offset="66" sl="43" sc="0" el="43" ec="0" bec="0" bev="0" fileid="3" />
                <SequencePoint vc="0" uspid="2390" ordinal="0" offset="90" sl="44" sc="0" el="44" ec="0" bec="0" bev="0" fileid="3" />
              </SequencePoints>
              <BranchPoints />
            </Method>
            <Method visited="false" cyclomaticComplexity="0" nPathComplexity="0" sequenceCoverage="0.0" branchCoverage="0" crapScore="0" isConstructor="true" isStatic="false" isGetter="false" isSetter="false">
              <Summary numSequencePoints="1" visitedSequencePoints="0" numBranchPoints="0" visitedBranchPoints="0" sequenceCoverage="0.0" branchCoverage="0" maxCyclomaticComplexity="0" minCyclomaticComplexity="0" maxCrapScore="0" minCrapScore="0" visitedClasses="0" numClasses="0" visitedMethods="0" numMethods="1" />
              <MetadataToken>100663305</MetadataToken>
              <Name>Camera::Camera()</Name>
              <FileRef uid="3" />
              <SequencePoints>
                <SequencePoint vc="0" uspid="2391" ordinal="0" offset="0" sl="20" sc="5" el="20" ec="5" bec="0" bev="0" fileid="3" />
              </SequencePoints>
              <BranchPoints />
            </Method>
          </Methods>
        </Class>
        <Class>
          <Summary numSequencePoints="80" visitedSequencePoints="0" numBranchPoints="0" visitedBranchPoints="0" sequenceCoverage="0.0" branchCoverage="0.0" maxCyclomaticComplexity="0" minCyclomaticComplexity="0" maxCrapScore="0" minCrapScore="0" visitedClasses="0" numClasses="1" visitedMethods="0" numMethods="7" />
          <FullName>Card</FullName>
          <Methods>
            <Method visited="false" cyclomaticComplexity="0" nPathComplexity="0" sequenceCoverage="0.0" branchCoverage="0" crapScore="0" isConstructor="false" isStatic="false" isGetter="false" isSetter="false">
              <Summary numSequencePoints="7" visitedSequencePoints="0" numBranchPoints="0" visitedBranchPoints="0" sequenceCoverage="0.0" branchCoverage="0" maxCyclomaticComplexity="0" minCyclomaticComplexity="0" maxCrapScore="0" minCrapScore="0" visitedClasses="0" numClasses="0" visitedMethods="0" numMethods="1" />
              <MetadataToken>100663306</MetadataToken>
              <Name>System.Void Card::Start()</Name>
              <FileRef uid="4" />
              <SequencePoints>
                <SequencePoint vc="0" uspid="2392" ordinal="0" offset="0" sl="65" sc="0" el="65" ec="0" bec="0" bev="0" fileid="4" />
                <SequencePoint vc="0" uspid="2393" ordinal="0" offset="1" sl="66" sc="0" el="66" ec="0" bec="0" bev="0" fileid="4" />
                <SequencePoint vc="0" uspid="2394" ordinal="0" offset="8" sl="67" sc="0" el="67" ec="0" bec="0" bev="0" fileid="4" />
                <SequencePoint vc="0" uspid="2395" ordinal="0" offset="19" sl="68" sc="0" el="68" ec="0" bec="0" bev="0" fileid="4" />
                <SequencePoint vc="0" uspid="2396" ordinal="0" offset="30" sl="69" sc="0" el="69" ec="0" bec="0" bev="0" fileid="4" />
                <SequencePoint vc="0" uspid="2397" ordinal="0" offset="37" sl="70" sc="0" el="70" ec="0" bec="0" bev="0" fileid="4" />
                <SequencePoint vc="0" uspid="2398" ordinal="0" offset="54" sl="71" sc="0" el="71" ec="0" bec="0" bev="0" fileid="4" />
              </SequencePoints>
              <BranchPoints />
            </Method>
            <Method visited="false" cyclomaticComplexity="0" nPathComplexity="0" sequenceCoverage="0.0" branchCoverage="0" crapScore="0" isConstructor="false" isStatic="false" isGetter="false" isSetter="false">
              <Summary numSequencePoints="16" visitedSequencePoints="0" numBranchPoints="0" visitedBranchPoints="0" sequenceCoverage="0.0" branchCoverage="0" maxCyclomaticComplexity="0" minCyclomaticComplexity="0" maxCrapScore="0" minCrapScore="0" visitedClasses="0" numClasses="0" visitedMethods="0" numMethods="1" />
              <MetadataToken>100663308</MetadataToken>
              <Name>System.Void Card::OnMouseDown()</Name>
              <FileRef uid="4" />
              <SequencePoints>
                <SequencePoint vc="0" uspid="2399" ordinal="0" offset="0" sl="126" sc="0" el="126" ec="0" bec="0" bev="0" fileid="4" />
                <SequencePoint vc="0" uspid="2400" ordinal="0" offset="1" sl="127" sc="0" el="127" ec="0" bec="0" bev="0" fileid="4" />
                <SequencePoint vc="0" uspid="2401" ordinal="0" offset="17" sl="128" sc="0" el="128" ec="0" bec="0" bev="0" fileid="4" />
                <SequencePoint vc="0" uspid="2402" ordinal="0" offset="18" sl="129" sc="0" el="129" ec="0" bec="0" bev="0" fileid="4" />
                <SequencePoint vc="0" uspid="2403" ordinal="0" offset="25" sl="130" sc="0" el="130" ec="0" bec="0" bev="0" fileid="4" />
                <SequencePoint vc="0" uspid="2404" ordinal="0" offset="60" sl="131" sc="0" el="131" ec="0" bec="0" bev="0" fileid="4" />
                <SequencePoint vc="0" uspid="2405" ordinal="0" offset="83" sl="132" sc="0" el="132" ec="0" bec="0" bev="0" fileid="4" />
                <SequencePoint vc="0" uspid="2406" ordinal="0" offset="106" sl="133" sc="0" el="133" ec="0" bec="0" bev="0" fileid="4" />
                <SequencePoint vc="0" uspid="2407" ordinal="0" offset="129" sl="134" sc="0" el="134" ec="0" bec="0" bev="0" fileid="4" />
                <SequencePoint vc="0" uspid="2408" ordinal="0" offset="152" sl="136" sc="0" el="136" ec="0" bec="0" bev="0" fileid="4" />
                <SequencePoint vc="0" uspid="2409" ordinal="0" offset="180" sl="137" sc="0" el="137" ec="0" bec="0" bev="0" fileid="4" />
                <SequencePoint vc="0" uspid="2410" ordinal="0" offset="187" sl="139" sc="0" el="139" ec="0" bec="0" bev="0" fileid="4" />
                <SequencePoint vc="0" uspid="2411" ordinal="0" offset="211" sl="140" sc="0" el="140" ec="0" bec="0" bev="0" fileid="4" />
                <SequencePoint vc="0" uspid="2412" ordinal="0" offset="238" sl="141" sc="0" el="141" ec="0" bec="0" bev="0" fileid="4" />
                <SequencePoint vc="0" uspid="2413" ordinal="0" offset="265" sl="142" sc="0" el="142" ec="0" bec="0" bev="0" fileid="4" />
                <SequencePoint vc="0" uspid="2414" ordinal="0" offset="266" sl="143" sc="0" el="143" ec="0" bec="0" bev="0" fileid="4" />
              </SequencePoints>
              <BranchPoints />
            </Method>
            <Method visited="false" cyclomaticComplexity="0" nPathComplexity="0" sequenceCoverage="0.0" branchCoverage="0" crapScore="0" isConstructor="false" isStatic="false" isGetter="false" isSetter="false">
              <Summary numSequencePoints="8" visitedSequencePoints="0" numBranchPoints="0" visitedBranchPoints="0" sequenceCoverage="0.0" branchCoverage="0" maxCyclomaticComplexity="0" minCyclomaticComplexity="0" maxCrapScore="0" minCrapScore="0" visitedClasses="0" numClasses="0" visitedMethods="0" numMethods="1" />
              <MetadataToken>100663309</MetadataToken>
              <Name>System.Void Card::OnMouseEnter()</Name>
              <FileRef uid="4" />
              <SequencePoints>
                <SequencePoint vc="0" uspid="2415" ordinal="0" offset="0" sl="146" sc="0" el="146" ec="0" bec="0" bev="0" fileid="4" />
                <SequencePoint vc="0" uspid="2416" ordinal="0" offset="1" sl="147" sc="0" el="147" ec="0" bec="0" bev="0" fileid="4" />
                <SequencePoint vc="0" uspid="2417" ordinal="0" offset="18" sl="148" sc="0" el="148" ec="0" bec="0" bev="0" fileid="4" />
                <SequencePoint vc="0" uspid="2418" ordinal="0" offset="31" sl="149" sc="0" el="149" ec="0" bec="0" bev="0" fileid="4" />
                <SequencePoint vc="0" uspid="2419" ordinal="0" offset="32" sl="150" sc="0" el="150" ec="0" bec="0" bev="0" fileid="4" />
                <SequencePoint vc="0" uspid="2420" ordinal="0" offset="70" sl="151" sc="0" el="151" ec="0" bec="0" bev="0" fileid="4" />
                <SequencePoint vc="0" uspid="2421" ordinal="0" offset="77" sl="152" sc="0" el="152" ec="0" bec="0" bev="0" fileid="4" />
                <SequencePoint vc="0" uspid="2422" ordinal="0" offset="78" sl="153" sc="0" el="153" ec="0" bec="0" bev="0" fileid="4" />
              </SequencePoints>
              <BranchPoints />
            </Method>
            <Method visited="false" cyclomaticComplexity="0" nPathComplexity="0" sequenceCoverage="0.0" branchCoverage="0" crapScore="0" isConstructor="false" isStatic="false" isGetter="false" isSetter="false">
              <Summary numSequencePoints="7" visitedSequencePoints="0" numBranchPoints="0" visitedBranchPoints="0" sequenceCoverage="0.0" branchCoverage="0" maxCyclomaticComplexity="0" minCyclomaticComplexity="0" maxCrapScore="0" minCrapScore="0" visitedClasses="0" numClasses="0" visitedMethods="0" numMethods="1" />
              <MetadataToken>100663310</MetadataToken>
              <Name>System.Void Card::OnMouseExit()</Name>
              <FileRef uid="4" />
              <SequencePoints>
                <SequencePoint vc="0" uspid="2423" ordinal="0" offset="0" sl="156" sc="0" el="156" ec="0" bec="0" bev="0" fileid="4" />
                <SequencePoint vc="0" uspid="2424" ordinal="0" offset="1" sl="157" sc="0" el="157" ec="0" bec="0" bev="0" fileid="4" />
                <SequencePoint vc="0" uspid="2425" ordinal="0" offset="14" sl="158" sc="0" el="158" ec="0" bec="0" bev="0" fileid="4" />
                <SequencePoint vc="0" uspid="2426" ordinal="0" offset="15" sl="159" sc="0" el="159" ec="0" bec="0" bev="0" fileid="4" />
                <SequencePoint vc="0" uspid="2427" ordinal="0" offset="33" sl="160" sc="0" el="160" ec="0" bec="0" bev="0" fileid="4" />
                <SequencePoint vc="0" uspid="2428" ordinal="0" offset="34" sl="161" sc="0" el="161" ec="0" bec="0" bev="0" fileid="4" />
                <SequencePoint vc="0" uspid="2429" ordinal="0" offset="41" sl="162" sc="0" el="162" ec="0" bec="0" bev="0" fileid="4" />
              </SequencePoints>
              <BranchPoints />
            </Method>
            <Method visited="false" cyclomaticComplexity="0" nPathComplexity="0" sequenceCoverage="0.0" branchCoverage="0" crapScore="0" isConstructor="false" isStatic="false" isGetter="false" isSetter="false">
              <Summary numSequencePoints="11" visitedSequencePoints="0" numBranchPoints="0" visitedBranchPoints="0" sequenceCoverage="0.0" branchCoverage="0" maxCyclomaticComplexity="0" minCyclomaticComplexity="0" maxCrapScore="0" minCrapScore="0" visitedClasses="0" numClasses="0" visitedMethods="0" numMethods="1" />
              <MetadataToken>100663311</MetadataToken>
              <Name>System.Void Card::MoveToDiscardPile()</Name>
              <FileRef uid="4" />
              <SequencePoints>
                <SequencePoint vc="0" uspid="2430" ordinal="0" offset="0" sl="177" sc="0" el="177" ec="0" bec="0" bev="0" fileid="4" />
                <SequencePoint vc="0" uspid="2431" ordinal="0" offset="1" sl="178" sc="0" el="178" ec="0" bec="0" bev="0" fileid="4" />
                <SequencePoint vc="0" uspid="2432" ordinal="0" offset="30" sl="179" sc="0" el="179" ec="0" bec="0" bev="0" fileid="4" />
                <SequencePoint vc="0" uspid="2433" ordinal="0" offset="31" sl="180" sc="0" el="180" ec="0" bec="0" bev="0" fileid="4" />
                <SequencePoint vc="0" uspid="2434" ordinal="0" offset="47" sl="181" sc="0" el="181" ec="0" bec="0" bev="0" fileid="4" />
                <SequencePoint vc="0" uspid="2435" ordinal="0" offset="48" sl="182" sc="0" el="182" ec="0" bec="0" bev="0" fileid="4" />
                <SequencePoint vc="0" uspid="2436" ordinal="0" offset="59" sl="183" sc="0" el="183" ec="0" bec="0" bev="0" fileid="4" />
                <SequencePoint vc="0" uspid="2437" ordinal="0" offset="60" sl="184" sc="0" el="184" ec="0" bec="0" bev="0" fileid="4" />
                <SequencePoint vc="0" uspid="2438" ordinal="0" offset="83" sl="185" sc="0" el="185" ec="0" bec="0" bev="0" fileid="4" />
                <SequencePoint vc="0" uspid="2439" ordinal="0" offset="110" sl="186" sc="0" el="186" ec="0" bec="0" bev="0" fileid="4" />
                <SequencePoint vc="0" uspid="2440" ordinal="0" offset="111" sl="187" sc="0" el="187" ec="0" bec="0" bev="0" fileid="4" />
              </SequencePoints>
              <BranchPoints />
            </Method>
            <Method visited="false" cyclomaticComplexity="0" nPathComplexity="0" sequenceCoverage="0.0" branchCoverage="0" crapScore="0" isConstructor="false" isStatic="false" isGetter="false" isSetter="false">
              <Summary numSequencePoints="18" visitedSequencePoints="0" numBranchPoints="0" visitedBranchPoints="0" sequenceCoverage="0.0" branchCoverage="0" maxCyclomaticComplexity="0" minCyclomaticComplexity="0" maxCrapScore="0" minCrapScore="0" visitedClasses="0" numClasses="0" visitedMethods="0" numMethods="1" />
              <MetadataToken>100663312</MetadataToken>
              <Name>System.Void Card::assignCardUI()</Name>
              <FileRef uid="4" />
              <SequencePoints>
                <SequencePoint vc="0" uspid="2441" ordinal="0" offset="0" sl="205" sc="0" el="205" ec="0" bec="0" bev="0" fileid="4" />
                <SequencePoint vc="0" uspid="2442" ordinal="0" offset="1" sl="207" sc="0" el="207" ec="0" bec="0" bev="0" fileid="4" />
                <SequencePoint vc="0" uspid="2443" ordinal="0" offset="2013" sl="358" sc="0" el="358" ec="0" bec="0" bev="0" fileid="4" />
                <SequencePoint vc="0" uspid="2444" ordinal="0" offset="2024" sl="359" sc="0" el="359" ec="0" bec="0" bev="0" fileid="4" />
                <SequencePoint vc="0" uspid="2445" ordinal="0" offset="2051" sl="361" sc="0" el="361" ec="0" bec="0" bev="0" fileid="4" />
                <SequencePoint vc="0" uspid="2446" ordinal="0" offset="2052" sl="361" sc="0" el="361" ec="0" bec="0" bev="0" fileid="4" />
                <SequencePoint vc="0" uspid="2447" ordinal="0" offset="2059" sl="361" sc="0" el="361" ec="0" bec="0" bev="0" fileid="4" />
                <SequencePoint vc="0" uspid="2448" ordinal="0" offset="2065" sl="362" sc="0" el="362" ec="0" bec="0" bev="0" fileid="4" />
                <SequencePoint vc="0" uspid="2449" ordinal="0" offset="2066" sl="363" sc="0" el="363" ec="0" bec="0" bev="0" fileid="4" />
                <SequencePoint vc="0" uspid="2450" ordinal="0" offset="2075" sl="364" sc="0" el="364" ec="0" bec="0" bev="0" fileid="4" />
                <SequencePoint vc="0" uspid="2451" ordinal="0" offset="2106" sl="365" sc="0" el="365" ec="0" bec="0" bev="0" fileid="4" />
                <SequencePoint vc="0" uspid="2452" ordinal="0" offset="2107" sl="367" sc="0" el="367" ec="0" bec="0" bev="0" fileid="4" />
                <SequencePoint vc="0" uspid="2453" ordinal="0" offset="2116" sl="368" sc="0" el="368" ec="0" bec="0" bev="0" fileid="4" />
                <SequencePoint vc="0" uspid="2454" ordinal="0" offset="2146" sl="369" sc="0" el="369" ec="0" bec="0" bev="0" fileid="4" />
                <SequencePoint vc="0" uspid="2455" ordinal="0" offset="2156" sl="370" sc="0" el="370" ec="0" bec="0" bev="0" fileid="4" />
                <SequencePoint vc="0" uspid="2456" ordinal="0" offset="2157" sl="371" sc="0" el="371" ec="0" bec="0" bev="0" fileid="4" />
                <SequencePoint vc="0" uspid="2457" ordinal="0" offset="2164" sl="361" sc="0" el="361" ec="0" bec="0" bev="0" fileid="4" />
                <SequencePoint vc="0" uspid="2458" ordinal="0" offset="2171" sl="372" sc="0" el="372" ec="0" bec="0" bev="0" fileid="4" />
              </SequencePoints>
              <BranchPoints />
            </Method>
            <Method visited="false" cyclomaticComplexity="0" nPathComplexity="0" sequenceCoverage="0.0" branchCoverage="0" crapScore="0" isConstructor="true" isStatic="false" isGetter="false" isSetter="false">
              <Summary numSequencePoints="13" visitedSequencePoints="0" numBranchPoints="0" visitedBranchPoints="0" sequenceCoverage="0.0" branchCoverage="0" maxCyclomaticComplexity="0" minCyclomaticComplexity="0" maxCrapScore="0" minCrapScore="0" visitedClasses="0" numClasses="0" visitedMethods="0" numMethods="1" />
              <MetadataToken>100663307</MetadataToken>
              <Name>Card::Card(System.String, System.Int32, System.Boolean, System.Int32, System.Int32, System.Int32, System.Int32, System.Boolean, System.Int32, System.Int32)</Name>
              <FileRef uid="4" />
              <SequencePoints>
                <SequencePoint vc="0" uspid="2459" ordinal="0" offset="0" sl="83" sc="5" el="83" ec="5" bec="0" bev="0" fileid="4" />
                <SequencePoint vc="0" uspid="2460" ordinal="0" offset="7" sl="94" sc="5" el="94" ec="5" bec="0" bev="0" fileid="4" />
                <SequencePoint vc="0" uspid="2461" ordinal="0" offset="8" sl="95" sc="9" el="95" ec="9" bec="0" bev="0" fileid="4" />
                <SequencePoint vc="0" uspid="2462" ordinal="0" offset="15" sl="96" sc="9" el="96" ec="9" bec="0" bev="0" fileid="4" />
                <SequencePoint vc="0" uspid="2463" ordinal="0" offset="22" sl="97" sc="9" el="97" ec="9" bec="0" bev="0" fileid="4" />
                <SequencePoint vc="0" uspid="2464" ordinal="0" offset="29" sl="98" sc="9" el="98" ec="9" bec="0" bev="0" fileid="4" />
                <SequencePoint vc="0" uspid="2465" ordinal="0" offset="37" sl="99" sc="9" el="99" ec="9" bec="0" bev="0" fileid="4" />
                <SequencePoint vc="0" uspid="2466" ordinal="0" offset="45" sl="100" sc="9" el="100" ec="9" bec="0" bev="0" fileid="4" />
                <SequencePoint vc="0" uspid="2467" ordinal="0" offset="53" sl="101" sc="9" el="101" ec="9" bec="0" bev="0" fileid="4" />
                <SequencePoint vc="0" uspid="2468" ordinal="0" offset="61" sl="102" sc="9" el="102" ec="9" bec="0" bev="0" fileid="4" />
                <SequencePoint vc="0" uspid="2469" ordinal="0" offset="69" sl="103" sc="9" el="103" ec="9" bec="0" bev="0" fileid="4" />
                <SequencePoint vc="0" uspid="2470" ordinal="0" offset="77" sl="104" sc="9" el="104" ec="9" bec="0" bev="0" fileid="4" />
                <SequencePoint vc="0" uspid="2471" ordinal="0" offset="85" sl="105" sc="5" el="105" ec="5" bec="0" bev="0" fileid="4" />
              </SequencePoints>
              <BranchPoints />
            </Method>
          </Methods>
        </Class>
        <Class>
          <Summary numSequencePoints="215" visitedSequencePoints="0" numBranchPoints="0" visitedBranchPoints="0" sequenceCoverage="0.0" branchCoverage="0.0" maxCyclomaticComplexity="0" minCyclomaticComplexity="0" maxCrapScore="0" minCrapScore="0" visitedClasses="0" numClasses="1" visitedMethods="0" numMethods="4" />
          <FullName>Enemies</FullName>
          <Methods>
            <Method visited="false" cyclomaticComplexity="0" nPathComplexity="0" sequenceCoverage="0.0" branchCoverage="0" crapScore="0" isConstructor="false" isStatic="false" isGetter="false" isSetter="false">
              <Summary numSequencePoints="33" visitedSequencePoints="0" numBranchPoints="0" visitedBranchPoints="0" sequenceCoverage="0.0" branchCoverage="0" maxCyclomaticComplexity="0" minCyclomaticComplexity="0" maxCrapScore="0" minCrapScore="0" visitedClasses="0" numClasses="0" visitedMethods="0" numMethods="1" />
              <MetadataToken>100663331</MetadataToken>
              <Name>System.Void Enemies::createStageEnemies()</Name>
              <FileRef uid="5" />
              <SequencePoints>
                <SequencePoint vc="0" uspid="2472" ordinal="0" offset="0" sl="50" sc="0" el="50" ec="0" bec="0" bev="0" fileid="5" />
                <SequencePoint vc="0" uspid="2473" ordinal="0" offset="1" sl="51" sc="0" el="51" ec="0" bec="0" bev="0" fileid="5" />
                <SequencePoint vc="0" uspid="2474" ordinal="0" offset="35" sl="52" sc="0" el="52" ec="0" bec="0" bev="0" fileid="5" />
                <SequencePoint vc="0" uspid="2475" ordinal="0" offset="69" sl="53" sc="0" el="53" ec="0" bec="0" bev="0" fileid="5" />
                <SequencePoint vc="0" uspid="2476" ordinal="0" offset="103" sl="54" sc="0" el="54" ec="0" bec="0" bev="0" fileid="5" />
                <SequencePoint vc="0" uspid="2477" ordinal="0" offset="137" sl="55" sc="0" el="55" ec="0" bec="0" bev="0" fileid="5" />
                <SequencePoint vc="0" uspid="2478" ordinal="0" offset="171" sl="56" sc="0" el="56" ec="0" bec="0" bev="0" fileid="5" />
                <SequencePoint vc="0" uspid="2479" ordinal="0" offset="205" sl="57" sc="0" el="57" ec="0" bec="0" bev="0" fileid="5" />
                <SequencePoint vc="0" uspid="2480" ordinal="0" offset="239" sl="59" sc="0" el="59" ec="0" bec="0" bev="0" fileid="5" />
                <SequencePoint vc="0" uspid="2481" ordinal="0" offset="273" sl="60" sc="0" el="60" ec="0" bec="0" bev="0" fileid="5" />
                <SequencePoint vc="0" uspid="2482" ordinal="0" offset="307" sl="61" sc="0" el="61" ec="0" bec="0" bev="0" fileid="5" />
                <SequencePoint vc="0" uspid="2483" ordinal="0" offset="342" sl="62" sc="0" el="62" ec="0" bec="0" bev="0" fileid="5" />
                <SequencePoint vc="0" uspid="2484" ordinal="0" offset="377" sl="63" sc="0" el="63" ec="0" bec="0" bev="0" fileid="5" />
                <SequencePoint vc="0" uspid="2485" ordinal="0" offset="412" sl="64" sc="0" el="64" ec="0" bec="0" bev="0" fileid="5" />
                <SequencePoint vc="0" uspid="2486" ordinal="0" offset="447" sl="65" sc="0" el="65" ec="0" bec="0" bev="0" fileid="5" />
                <SequencePoint vc="0" uspid="2487" ordinal="0" offset="482" sl="68" sc="0" el="68" ec="0" bec="0" bev="0" fileid="5" />
                <SequencePoint vc="0" uspid="2488" ordinal="0" offset="517" sl="69" sc="0" el="69" ec="0" bec="0" bev="0" fileid="5" />
                <SequencePoint vc="0" uspid="2489" ordinal="0" offset="552" sl="70" sc="0" el="70" ec="0" bec="0" bev="0" fileid="5" />
                <SequencePoint vc="0" uspid="2490" ordinal="0" offset="587" sl="71" sc="0" el="71" ec="0" bec="0" bev="0" fileid="5" />
                <SequencePoint vc="0" uspid="2491" ordinal="0" offset="622" sl="72" sc="0" el="72" ec="0" bec="0" bev="0" fileid="5" />
                <SequencePoint vc="0" uspid="2492" ordinal="0" offset="657" sl="73" sc="0" el="73" ec="0" bec="0" bev="0" fileid="5" />
                <SequencePoint vc="0" uspid="2493" ordinal="0" offset="692" sl="74" sc="0" el="74" ec="0" bec="0" bev="0" fileid="5" />
                <SequencePoint vc="0" uspid="2494" ordinal="0" offset="727" sl="77" sc="0" el="77" ec="0" bec="0" bev="0" fileid="5" />
                <SequencePoint vc="0" uspid="2495" ordinal="0" offset="762" sl="78" sc="0" el="78" ec="0" bec="0" bev="0" fileid="5" />
                <SequencePoint vc="0" uspid="2496" ordinal="0" offset="797" sl="79" sc="0" el="79" ec="0" bec="0" bev="0" fileid="5" />
                <SequencePoint vc="0" uspid="2497" ordinal="0" offset="832" sl="80" sc="0" el="80" ec="0" bec="0" bev="0" fileid="5" />
                <SequencePoint vc="0" uspid="2498" ordinal="0" offset="867" sl="81" sc="0" el="81" ec="0" bec="0" bev="0" fileid="5" />
                <SequencePoint vc="0" uspid="2499" ordinal="0" offset="902" sl="82" sc="0" el="82" ec="0" bec="0" bev="0" fileid="5" />
                <SequencePoint vc="0" uspid="2500" ordinal="0" offset="937" sl="83" sc="0" el="83" ec="0" bec="0" bev="0" fileid="5" />
                <SequencePoint vc="0" uspid="2501" ordinal="0" offset="972" sl="86" sc="0" el="86" ec="0" bec="0" bev="0" fileid="5" />
                <SequencePoint vc="0" uspid="2502" ordinal="0" offset="1006" sl="87" sc="0" el="87" ec="0" bec="0" bev="0" fileid="5" />
                <SequencePoint vc="0" uspid="2503" ordinal="0" offset="1041" sl="88" sc="0" el="88" ec="0" bec="0" bev="0" fileid="5" />
                <SequencePoint vc="0" uspid="2504" ordinal="0" offset="1076" sl="89" sc="0" el="89" ec="0" bec="0" bev="0" fileid="5" />
              </SequencePoints>
              <BranchPoints />
            </Method>
            <Method visited="false" cyclomaticComplexity="0" nPathComplexity="0" sequenceCoverage="0.0" branchCoverage="0" crapScore="0" isConstructor="false" isStatic="false" isGetter="false" isSetter="false">
              <Summary numSequencePoints="17" visitedSequencePoints="0" numBranchPoints="0" visitedBranchPoints="0" sequenceCoverage="0.0" branchCoverage="0" maxCyclomaticComplexity="0" minCyclomaticComplexity="0" maxCrapScore="0" minCrapScore="0" visitedClasses="0" numClasses="0" visitedMethods="0" numMethods="1" />
              <MetadataToken>100663332</MetadataToken>
              <Name>Enemy Enemies::selectEnemy(System.Int32, System.Int32)</Name>
              <FileRef uid="5" />
              <SequencePoints>
                <SequencePoint vc="0" uspid="2505" ordinal="0" offset="0" sl="109" sc="0" el="109" ec="0" bec="0" bev="0" fileid="5" />
                <SequencePoint vc="0" uspid="2506" ordinal="0" offset="1" sl="110" sc="0" el="110" ec="0" bec="0" bev="0" fileid="5" />
                <SequencePoint vc="0" uspid="2507" ordinal="0" offset="8" sl="111" sc="0" el="111" ec="0" bec="0" bev="0" fileid="5" />
                <SequencePoint vc="0" uspid="2508" ordinal="0" offset="10" sl="112" sc="0" el="112" ec="0" bec="0" bev="0" fileid="5" />
                <SequencePoint vc="0" uspid="2509" ordinal="0" offset="14" sl="113" sc="0" el="113" ec="0" bec="0" bev="0" fileid="5" />
                <SequencePoint vc="0" uspid="2510" ordinal="0" offset="15" sl="114" sc="0" el="114" ec="0" bec="0" bev="0" fileid="5" />
                <SequencePoint vc="0" uspid="2511" ordinal="0" offset="24" sl="115" sc="0" el="115" ec="0" bec="0" bev="0" fileid="5" />
                <SequencePoint vc="0" uspid="2512" ordinal="0" offset="48" sl="115" sc="0" el="115" ec="0" bec="0" bev="0" fileid="5" />
                <SequencePoint vc="0" uspid="2513" ordinal="0" offset="49" sl="116" sc="0" el="116" ec="0" bec="0" bev="0" fileid="5" />
                <SequencePoint vc="0" uspid="2514" ordinal="0" offset="73" sl="116" sc="0" el="116" ec="0" bec="0" bev="0" fileid="5" />
                <SequencePoint vc="0" uspid="2515" ordinal="0" offset="74" sl="117" sc="0" el="117" ec="0" bec="0" bev="0" fileid="5" />
                <SequencePoint vc="0" uspid="2516" ordinal="0" offset="76" sl="118" sc="0" el="118" ec="0" bec="0" bev="0" fileid="5" />
                <SequencePoint vc="0" uspid="2517" ordinal="0" offset="92" sl="120" sc="0" el="120" ec="0" bec="0" bev="0" fileid="5" />
                <SequencePoint vc="0" uspid="2518" ordinal="0" offset="93" sl="121" sc="0" el="121" ec="0" bec="0" bev="0" fileid="5" />
                <SequencePoint vc="0" uspid="2519" ordinal="0" offset="94" sl="113" sc="0" el="113" ec="0" bec="0" bev="0" fileid="5" />
                <SequencePoint vc="0" uspid="2520" ordinal="0" offset="104" sl="122" sc="0" el="122" ec="0" bec="0" bev="0" fileid="5" />
                <SequencePoint vc="0" uspid="2521" ordinal="0" offset="109" sl="123" sc="0" el="123" ec="0" bec="0" bev="0" fileid="5" />
              </SequencePoints>
              <BranchPoints />
            </Method>
            <Method visited="false" cyclomaticComplexity="0" nPathComplexity="0" sequenceCoverage="0.0" branchCoverage="0" crapScore="0" isConstructor="false" isStatic="false" isGetter="false" isSetter="false">
              <Summary numSequencePoints="164" visitedSequencePoints="0" numBranchPoints="0" visitedBranchPoints="0" sequenceCoverage="0.0" branchCoverage="0" maxCyclomaticComplexity="0" minCyclomaticComplexity="0" maxCrapScore="0" minCrapScore="0" visitedClasses="0" numClasses="0" visitedMethods="0" numMethods="1" />
              <MetadataToken>100663333</MetadataToken>
              <Name>System.Collections.Generic.List[Card] Enemies::assignStartingEnemyCards(System.Int32)</Name>
              <FileRef uid="5" />
              <SequencePoints>
                <SequencePoint vc="0" uspid="2522" ordinal="0" offset="0" sl="137" sc="0" el="137" ec="0" bec="0" bev="0" fileid="5" />
                <SequencePoint vc="0" uspid="2523" ordinal="0" offset="1" sl="138" sc="0" el="138" ec="0" bec="0" bev="0" fileid="5" />
                <SequencePoint vc="0" uspid="2524" ordinal="0" offset="7" sl="139" sc="0" el="139" ec="0" bec="0" bev="0" fileid="5" />
                <SequencePoint vc="0" uspid="2525" ordinal="0" offset="146" sl="145" sc="0" el="145" ec="0" bec="0" bev="0" fileid="5" />
                <SequencePoint vc="0" uspid="2526" ordinal="0" offset="173" sl="147" sc="0" el="147" ec="0" bec="0" bev="0" fileid="5" />
                <SequencePoint vc="0" uspid="2527" ordinal="0" offset="199" sl="149" sc="0" el="149" ec="0" bec="0" bev="0" fileid="5" />
                <SequencePoint vc="0" uspid="2528" ordinal="0" offset="226" sl="151" sc="0" el="151" ec="0" bec="0" bev="0" fileid="5" />
                <SequencePoint vc="0" uspid="2529" ordinal="0" offset="252" sl="152" sc="0" el="152" ec="0" bec="0" bev="0" fileid="5" />
                <SequencePoint vc="0" uspid="2530" ordinal="0" offset="259" sl="156" sc="0" el="156" ec="0" bec="0" bev="0" fileid="5" />
                <SequencePoint vc="0" uspid="2531" ordinal="0" offset="286" sl="158" sc="0" el="158" ec="0" bec="0" bev="0" fileid="5" />
                <SequencePoint vc="0" uspid="2532" ordinal="0" offset="312" sl="160" sc="0" el="160" ec="0" bec="0" bev="0" fileid="5" />
                <SequencePoint vc="0" uspid="2533" ordinal="0" offset="338" sl="162" sc="0" el="162" ec="0" bec="0" bev="0" fileid="5" />
                <SequencePoint vc="0" uspid="2534" ordinal="0" offset="364" sl="163" sc="0" el="163" ec="0" bec="0" bev="0" fileid="5" />
                <SequencePoint vc="0" uspid="2535" ordinal="0" offset="371" sl="167" sc="0" el="167" ec="0" bec="0" bev="0" fileid="5" />
                <SequencePoint vc="0" uspid="2536" ordinal="0" offset="397" sl="169" sc="0" el="169" ec="0" bec="0" bev="0" fileid="5" />
                <SequencePoint vc="0" uspid="2537" ordinal="0" offset="424" sl="171" sc="0" el="171" ec="0" bec="0" bev="0" fileid="5" />
                <SequencePoint vc="0" uspid="2538" ordinal="0" offset="451" sl="173" sc="0" el="173" ec="0" bec="0" bev="0" fileid="5" />
                <SequencePoint vc="0" uspid="2539" ordinal="0" offset="477" sl="174" sc="0" el="174" ec="0" bec="0" bev="0" fileid="5" />
                <SequencePoint vc="0" uspid="2540" ordinal="0" offset="484" sl="178" sc="0" el="178" ec="0" bec="0" bev="0" fileid="5" />
                <SequencePoint vc="0" uspid="2541" ordinal="0" offset="510" sl="180" sc="0" el="180" ec="0" bec="0" bev="0" fileid="5" />
                <SequencePoint vc="0" uspid="2542" ordinal="0" offset="536" sl="182" sc="0" el="182" ec="0" bec="0" bev="0" fileid="5" />
                <SequencePoint vc="0" uspid="2543" ordinal="0" offset="562" sl="184" sc="0" el="184" ec="0" bec="0" bev="0" fileid="5" />
                <SequencePoint vc="0" uspid="2544" ordinal="0" offset="588" sl="185" sc="0" el="185" ec="0" bec="0" bev="0" fileid="5" />
                <SequencePoint vc="0" uspid="2545" ordinal="0" offset="595" sl="189" sc="0" el="189" ec="0" bec="0" bev="0" fileid="5" />
                <SequencePoint vc="0" uspid="2546" ordinal="0" offset="622" sl="191" sc="0" el="191" ec="0" bec="0" bev="0" fileid="5" />
                <SequencePoint vc="0" uspid="2547" ordinal="0" offset="649" sl="193" sc="0" el="193" ec="0" bec="0" bev="0" fileid="5" />
                <SequencePoint vc="0" uspid="2548" ordinal="0" offset="676" sl="195" sc="0" el="195" ec="0" bec="0" bev="0" fileid="5" />
                <SequencePoint vc="0" uspid="2549" ordinal="0" offset="702" sl="196" sc="0" el="196" ec="0" bec="0" bev="0" fileid="5" />
                <SequencePoint vc="0" uspid="2550" ordinal="0" offset="709" sl="200" sc="0" el="200" ec="0" bec="0" bev="0" fileid="5" />
                <SequencePoint vc="0" uspid="2551" ordinal="0" offset="736" sl="202" sc="0" el="202" ec="0" bec="0" bev="0" fileid="5" />
                <SequencePoint vc="0" uspid="2552" ordinal="0" offset="763" sl="204" sc="0" el="204" ec="0" bec="0" bev="0" fileid="5" />
                <SequencePoint vc="0" uspid="2553" ordinal="0" offset="790" sl="206" sc="0" el="206" ec="0" bec="0" bev="0" fileid="5" />
                <SequencePoint vc="0" uspid="2554" ordinal="0" offset="817" sl="207" sc="0" el="207" ec="0" bec="0" bev="0" fileid="5" />
                <SequencePoint vc="0" uspid="2555" ordinal="0" offset="824" sl="211" sc="0" el="211" ec="0" bec="0" bev="0" fileid="5" />
                <SequencePoint vc="0" uspid="2556" ordinal="0" offset="851" sl="213" sc="0" el="213" ec="0" bec="0" bev="0" fileid="5" />
                <SequencePoint vc="0" uspid="2557" ordinal="0" offset="878" sl="215" sc="0" el="215" ec="0" bec="0" bev="0" fileid="5" />
                <SequencePoint vc="0" uspid="2558" ordinal="0" offset="904" sl="217" sc="0" el="217" ec="0" bec="0" bev="0" fileid="5" />
                <SequencePoint vc="0" uspid="2559" ordinal="0" offset="931" sl="218" sc="0" el="218" ec="0" bec="0" bev="0" fileid="5" />
                <SequencePoint vc="0" uspid="2560" ordinal="0" offset="938" sl="224" sc="0" el="224" ec="0" bec="0" bev="0" fileid="5" />
                <SequencePoint vc="0" uspid="2561" ordinal="0" offset="965" sl="226" sc="0" el="226" ec="0" bec="0" bev="0" fileid="5" />
                <SequencePoint vc="0" uspid="2562" ordinal="0" offset="992" sl="228" sc="0" el="228" ec="0" bec="0" bev="0" fileid="5" />
                <SequencePoint vc="0" uspid="2563" ordinal="0" offset="1018" sl="230" sc="0" el="230" ec="0" bec="0" bev="0" fileid="5" />
                <SequencePoint vc="0" uspid="2564" ordinal="0" offset="1044" sl="231" sc="0" el="231" ec="0" bec="0" bev="0" fileid="5" />
                <SequencePoint vc="0" uspid="2565" ordinal="0" offset="1051" sl="235" sc="0" el="235" ec="0" bec="0" bev="0" fileid="5" />
                <SequencePoint vc="0" uspid="2566" ordinal="0" offset="1078" sl="237" sc="0" el="237" ec="0" bec="0" bev="0" fileid="5" />
                <SequencePoint vc="0" uspid="2567" ordinal="0" offset="1105" sl="239" sc="0" el="239" ec="0" bec="0" bev="0" fileid="5" />
                <SequencePoint vc="0" uspid="2568" ordinal="0" offset="1133" sl="241" sc="0" el="241" ec="0" bec="0" bev="0" fileid="5" />
                <SequencePoint vc="0" uspid="2569" ordinal="0" offset="1159" sl="242" sc="0" el="242" ec="0" bec="0" bev="0" fileid="5" />
                <SequencePoint vc="0" uspid="2570" ordinal="0" offset="1166" sl="246" sc="0" el="246" ec="0" bec="0" bev="0" fileid="5" />
                <SequencePoint vc="0" uspid="2571" ordinal="0" offset="1192" sl="248" sc="0" el="248" ec="0" bec="0" bev="0" fileid="5" />
                <SequencePoint vc="0" uspid="2572" ordinal="0" offset="1219" sl="250" sc="0" el="250" ec="0" bec="0" bev="0" fileid="5" />
                <SequencePoint vc="0" uspid="2573" ordinal="0" offset="1246" sl="252" sc="0" el="252" ec="0" bec="0" bev="0" fileid="5" />
                <SequencePoint vc="0" uspid="2574" ordinal="0" offset="1273" sl="253" sc="0" el="253" ec="0" bec="0" bev="0" fileid="5" />
                <SequencePoint vc="0" uspid="2575" ordinal="0" offset="1280" sl="257" sc="0" el="257" ec="0" bec="0" bev="0" fileid="5" />
                <SequencePoint vc="0" uspid="2576" ordinal="0" offset="1307" sl="259" sc="0" el="259" ec="0" bec="0" bev="0" fileid="5" />
                <SequencePoint vc="0" uspid="2577" ordinal="0" offset="1334" sl="261" sc="0" el="261" ec="0" bec="0" bev="0" fileid="5" />
                <SequencePoint vc="0" uspid="2578" ordinal="0" offset="1360" sl="263" sc="0" el="263" ec="0" bec="0" bev="0" fileid="5" />
                <SequencePoint vc="0" uspid="2579" ordinal="0" offset="1386" sl="264" sc="0" el="264" ec="0" bec="0" bev="0" fileid="5" />
                <SequencePoint vc="0" uspid="2580" ordinal="0" offset="1393" sl="268" sc="0" el="268" ec="0" bec="0" bev="0" fileid="5" />
                <SequencePoint vc="0" uspid="2581" ordinal="0" offset="1419" sl="270" sc="0" el="270" ec="0" bec="0" bev="0" fileid="5" />
                <SequencePoint vc="0" uspid="2582" ordinal="0" offset="1445" sl="272" sc="0" el="272" ec="0" bec="0" bev="0" fileid="5" />
                <SequencePoint vc="0" uspid="2583" ordinal="0" offset="1472" sl="274" sc="0" el="274" ec="0" bec="0" bev="0" fileid="5" />
                <SequencePoint vc="0" uspid="2584" ordinal="0" offset="1498" sl="275" sc="0" el="275" ec="0" bec="0" bev="0" fileid="5" />
                <SequencePoint vc="0" uspid="2585" ordinal="0" offset="1505" sl="279" sc="0" el="279" ec="0" bec="0" bev="0" fileid="5" />
                <SequencePoint vc="0" uspid="2586" ordinal="0" offset="1531" sl="281" sc="0" el="281" ec="0" bec="0" bev="0" fileid="5" />
                <SequencePoint vc="0" uspid="2587" ordinal="0" offset="1557" sl="283" sc="0" el="283" ec="0" bec="0" bev="0" fileid="5" />
                <SequencePoint vc="0" uspid="2588" ordinal="0" offset="1584" sl="285" sc="0" el="285" ec="0" bec="0" bev="0" fileid="5" />
                <SequencePoint vc="0" uspid="2589" ordinal="0" offset="1610" sl="286" sc="0" el="286" ec="0" bec="0" bev="0" fileid="5" />
                <SequencePoint vc="0" uspid="2590" ordinal="0" offset="1617" sl="290" sc="0" el="290" ec="0" bec="0" bev="0" fileid="5" />
                <SequencePoint vc="0" uspid="2591" ordinal="0" offset="1644" sl="292" sc="0" el="292" ec="0" bec="0" bev="0" fileid="5" />
                <SequencePoint vc="0" uspid="2592" ordinal="0" offset="1670" sl="294" sc="0" el="294" ec="0" bec="0" bev="0" fileid="5" />
                <SequencePoint vc="0" uspid="2593" ordinal="0" offset="1696" sl="296" sc="0" el="296" ec="0" bec="0" bev="0" fileid="5" />
                <SequencePoint vc="0" uspid="2594" ordinal="0" offset="1723" sl="297" sc="0" el="297" ec="0" bec="0" bev="0" fileid="5" />
                <SequencePoint vc="0" uspid="2595" ordinal="0" offset="1730" sl="303" sc="0" el="303" ec="0" bec="0" bev="0" fileid="5" />
                <SequencePoint vc="0" uspid="2596" ordinal="0" offset="1756" sl="305" sc="0" el="305" ec="0" bec="0" bev="0" fileid="5" />
                <SequencePoint vc="0" uspid="2597" ordinal="0" offset="1782" sl="307" sc="0" el="307" ec="0" bec="0" bev="0" fileid="5" />
                <SequencePoint vc="0" uspid="2598" ordinal="0" offset="1808" sl="309" sc="0" el="309" ec="0" bec="0" bev="0" fileid="5" />
                <SequencePoint vc="0" uspid="2599" ordinal="0" offset="1834" sl="310" sc="0" el="310" ec="0" bec="0" bev="0" fileid="5" />
                <SequencePoint vc="0" uspid="2600" ordinal="0" offset="1841" sl="314" sc="0" el="314" ec="0" bec="0" bev="0" fileid="5" />
                <SequencePoint vc="0" uspid="2601" ordinal="0" offset="1867" sl="316" sc="0" el="316" ec="0" bec="0" bev="0" fileid="5" />
                <SequencePoint vc="0" uspid="2602" ordinal="0" offset="1894" sl="318" sc="0" el="318" ec="0" bec="0" bev="0" fileid="5" />
                <SequencePoint vc="0" uspid="2603" ordinal="0" offset="1921" sl="320" sc="0" el="320" ec="0" bec="0" bev="0" fileid="5" />
                <SequencePoint vc="0" uspid="2604" ordinal="0" offset="1947" sl="321" sc="0" el="321" ec="0" bec="0" bev="0" fileid="5" />
                <SequencePoint vc="0" uspid="2605" ordinal="0" offset="1954" sl="325" sc="0" el="325" ec="0" bec="0" bev="0" fileid="5" />
                <SequencePoint vc="0" uspid="2606" ordinal="0" offset="1980" sl="327" sc="0" el="327" ec="0" bec="0" bev="0" fileid="5" />
                <SequencePoint vc="0" uspid="2607" ordinal="0" offset="2006" sl="329" sc="0" el="329" ec="0" bec="0" bev="0" fileid="5" />
                <SequencePoint vc="0" uspid="2608" ordinal="0" offset="2033" sl="331" sc="0" el="331" ec="0" bec="0" bev="0" fileid="5" />
                <SequencePoint vc="0" uspid="2609" ordinal="0" offset="2060" sl="332" sc="0" el="332" ec="0" bec="0" bev="0" fileid="5" />
                <SequencePoint vc="0" uspid="2610" ordinal="0" offset="2067" sl="336" sc="0" el="336" ec="0" bec="0" bev="0" fileid="5" />
                <SequencePoint vc="0" uspid="2611" ordinal="0" offset="2093" sl="338" sc="0" el="338" ec="0" bec="0" bev="0" fileid="5" />
                <SequencePoint vc="0" uspid="2612" ordinal="0" offset="2119" sl="340" sc="0" el="340" ec="0" bec="0" bev="0" fileid="5" />
                <SequencePoint vc="0" uspid="2613" ordinal="0" offset="2146" sl="342" sc="0" el="342" ec="0" bec="0" bev="0" fileid="5" />
                <SequencePoint vc="0" uspid="2614" ordinal="0" offset="2172" sl="343" sc="0" el="343" ec="0" bec="0" bev="0" fileid="5" />
                <SequencePoint vc="0" uspid="2615" ordinal="0" offset="2179" sl="347" sc="0" el="347" ec="0" bec="0" bev="0" fileid="5" />
                <SequencePoint vc="0" uspid="2616" ordinal="0" offset="2206" sl="349" sc="0" el="349" ec="0" bec="0" bev="0" fileid="5" />
                <SequencePoint vc="0" uspid="2617" ordinal="0" offset="2233" sl="351" sc="0" el="351" ec="0" bec="0" bev="0" fileid="5" />
                <SequencePoint vc="0" uspid="2618" ordinal="0" offset="2259" sl="353" sc="0" el="353" ec="0" bec="0" bev="0" fileid="5" />
                <SequencePoint vc="0" uspid="2619" ordinal="0" offset="2285" sl="354" sc="0" el="354" ec="0" bec="0" bev="0" fileid="5" />
                <SequencePoint vc="0" uspid="2620" ordinal="0" offset="2292" sl="358" sc="0" el="358" ec="0" bec="0" bev="0" fileid="5" />
                <SequencePoint vc="0" uspid="2621" ordinal="0" offset="2319" sl="360" sc="0" el="360" ec="0" bec="0" bev="0" fileid="5" />
                <SequencePoint vc="0" uspid="2622" ordinal="0" offset="2346" sl="362" sc="0" el="362" ec="0" bec="0" bev="0" fileid="5" />
                <SequencePoint vc="0" uspid="2623" ordinal="0" offset="2373" sl="364" sc="0" el="364" ec="0" bec="0" bev="0" fileid="5" />
                <SequencePoint vc="0" uspid="2624" ordinal="0" offset="2400" sl="365" sc="0" el="365" ec="0" bec="0" bev="0" fileid="5" />
                <SequencePoint vc="0" uspid="2625" ordinal="0" offset="2407" sl="369" sc="0" el="369" ec="0" bec="0" bev="0" fileid="5" />
                <SequencePoint vc="0" uspid="2626" ordinal="0" offset="2433" sl="371" sc="0" el="371" ec="0" bec="0" bev="0" fileid="5" />
                <SequencePoint vc="0" uspid="2627" ordinal="0" offset="2459" sl="373" sc="0" el="373" ec="0" bec="0" bev="0" fileid="5" />
                <SequencePoint vc="0" uspid="2628" ordinal="0" offset="2486" sl="375" sc="0" el="375" ec="0" bec="0" bev="0" fileid="5" />
                <SequencePoint vc="0" uspid="2629" ordinal="0" offset="2513" sl="376" sc="0" el="376" ec="0" bec="0" bev="0" fileid="5" />
                <SequencePoint vc="0" uspid="2630" ordinal="0" offset="2520" sl="381" sc="0" el="381" ec="0" bec="0" bev="0" fileid="5" />
                <SequencePoint vc="0" uspid="2631" ordinal="0" offset="2546" sl="382" sc="0" el="382" ec="0" bec="0" bev="0" fileid="5" />
                <SequencePoint vc="0" uspid="2632" ordinal="0" offset="2572" sl="383" sc="0" el="383" ec="0" bec="0" bev="0" fileid="5" />
                <SequencePoint vc="0" uspid="2633" ordinal="0" offset="2599" sl="384" sc="0" el="384" ec="0" bec="0" bev="0" fileid="5" />
                <SequencePoint vc="0" uspid="2634" ordinal="0" offset="2626" sl="385" sc="0" el="385" ec="0" bec="0" bev="0" fileid="5" />
                <SequencePoint vc="0" uspid="2635" ordinal="0" offset="2633" sl="388" sc="0" el="388" ec="0" bec="0" bev="0" fileid="5" />
                <SequencePoint vc="0" uspid="2636" ordinal="0" offset="2660" sl="389" sc="0" el="389" ec="0" bec="0" bev="0" fileid="5" />
                <SequencePoint vc="0" uspid="2637" ordinal="0" offset="2687" sl="390" sc="0" el="390" ec="0" bec="0" bev="0" fileid="5" />
                <SequencePoint vc="0" uspid="2638" ordinal="0" offset="2715" sl="391" sc="0" el="391" ec="0" bec="0" bev="0" fileid="5" />
                <SequencePoint vc="0" uspid="2639" ordinal="0" offset="2742" sl="392" sc="0" el="392" ec="0" bec="0" bev="0" fileid="5" />
                <SequencePoint vc="0" uspid="2640" ordinal="0" offset="2749" sl="395" sc="0" el="395" ec="0" bec="0" bev="0" fileid="5" />
                <SequencePoint vc="0" uspid="2641" ordinal="0" offset="2775" sl="396" sc="0" el="396" ec="0" bec="0" bev="0" fileid="5" />
                <SequencePoint vc="0" uspid="2642" ordinal="0" offset="2802" sl="397" sc="0" el="397" ec="0" bec="0" bev="0" fileid="5" />
                <SequencePoint vc="0" uspid="2643" ordinal="0" offset="2828" sl="398" sc="0" el="398" ec="0" bec="0" bev="0" fileid="5" />
                <SequencePoint vc="0" uspid="2644" ordinal="0" offset="2854" sl="399" sc="0" el="399" ec="0" bec="0" bev="0" fileid="5" />
                <SequencePoint vc="0" uspid="2645" ordinal="0" offset="2861" sl="402" sc="0" el="402" ec="0" bec="0" bev="0" fileid="5" />
                <SequencePoint vc="0" uspid="2646" ordinal="0" offset="2887" sl="403" sc="0" el="403" ec="0" bec="0" bev="0" fileid="5" />
                <SequencePoint vc="0" uspid="2647" ordinal="0" offset="2913" sl="404" sc="0" el="404" ec="0" bec="0" bev="0" fileid="5" />
                <SequencePoint vc="0" uspid="2648" ordinal="0" offset="2940" sl="405" sc="0" el="405" ec="0" bec="0" bev="0" fileid="5" />
                <SequencePoint vc="0" uspid="2649" ordinal="0" offset="2966" sl="406" sc="0" el="406" ec="0" bec="0" bev="0" fileid="5" />
                <SequencePoint vc="0" uspid="2650" ordinal="0" offset="2973" sl="409" sc="0" el="409" ec="0" bec="0" bev="0" fileid="5" />
                <SequencePoint vc="0" uspid="2651" ordinal="0" offset="3000" sl="410" sc="0" el="410" ec="0" bec="0" bev="0" fileid="5" />
                <SequencePoint vc="0" uspid="2652" ordinal="0" offset="3026" sl="411" sc="0" el="411" ec="0" bec="0" bev="0" fileid="5" />
                <SequencePoint vc="0" uspid="2653" ordinal="0" offset="3053" sl="412" sc="0" el="412" ec="0" bec="0" bev="0" fileid="5" />
                <SequencePoint vc="0" uspid="2654" ordinal="0" offset="3080" sl="413" sc="0" el="413" ec="0" bec="0" bev="0" fileid="5" />
                <SequencePoint vc="0" uspid="2655" ordinal="0" offset="3087" sl="417" sc="0" el="417" ec="0" bec="0" bev="0" fileid="5" />
                <SequencePoint vc="0" uspid="2656" ordinal="0" offset="3114" sl="418" sc="0" el="418" ec="0" bec="0" bev="0" fileid="5" />
                <SequencePoint vc="0" uspid="2657" ordinal="0" offset="3141" sl="419" sc="0" el="419" ec="0" bec="0" bev="0" fileid="5" />
                <SequencePoint vc="0" uspid="2658" ordinal="0" offset="3168" sl="420" sc="0" el="420" ec="0" bec="0" bev="0" fileid="5" />
                <SequencePoint vc="0" uspid="2659" ordinal="0" offset="3194" sl="421" sc="0" el="421" ec="0" bec="0" bev="0" fileid="5" />
                <SequencePoint vc="0" uspid="2660" ordinal="0" offset="3201" sl="425" sc="0" el="425" ec="0" bec="0" bev="0" fileid="5" />
                <SequencePoint vc="0" uspid="2661" ordinal="0" offset="3227" sl="426" sc="0" el="426" ec="0" bec="0" bev="0" fileid="5" />
                <SequencePoint vc="0" uspid="2662" ordinal="0" offset="3253" sl="427" sc="0" el="427" ec="0" bec="0" bev="0" fileid="5" />
                <SequencePoint vc="0" uspid="2663" ordinal="0" offset="3280" sl="428" sc="0" el="428" ec="0" bec="0" bev="0" fileid="5" />
                <SequencePoint vc="0" uspid="2664" ordinal="0" offset="3307" sl="429" sc="0" el="429" ec="0" bec="0" bev="0" fileid="5" />
                <SequencePoint vc="0" uspid="2665" ordinal="0" offset="3314" sl="435" sc="0" el="435" ec="0" bec="0" bev="0" fileid="5" />
                <SequencePoint vc="0" uspid="2666" ordinal="0" offset="3341" sl="437" sc="0" el="437" ec="0" bec="0" bev="0" fileid="5" />
                <SequencePoint vc="0" uspid="2667" ordinal="0" offset="3368" sl="439" sc="0" el="439" ec="0" bec="0" bev="0" fileid="5" />
                <SequencePoint vc="0" uspid="2668" ordinal="0" offset="3394" sl="441" sc="0" el="441" ec="0" bec="0" bev="0" fileid="5" />
                <SequencePoint vc="0" uspid="2669" ordinal="0" offset="3420" sl="442" sc="0" el="442" ec="0" bec="0" bev="0" fileid="5" />
                <SequencePoint vc="0" uspid="2670" ordinal="0" offset="3427" sl="446" sc="0" el="446" ec="0" bec="0" bev="0" fileid="5" />
                <SequencePoint vc="0" uspid="2671" ordinal="0" offset="3453" sl="448" sc="0" el="448" ec="0" bec="0" bev="0" fileid="5" />
                <SequencePoint vc="0" uspid="2672" ordinal="0" offset="3479" sl="450" sc="0" el="450" ec="0" bec="0" bev="0" fileid="5" />
                <SequencePoint vc="0" uspid="2673" ordinal="0" offset="3505" sl="452" sc="0" el="452" ec="0" bec="0" bev="0" fileid="5" />
                <SequencePoint vc="0" uspid="2674" ordinal="0" offset="3531" sl="453" sc="0" el="453" ec="0" bec="0" bev="0" fileid="5" />
                <SequencePoint vc="0" uspid="2675" ordinal="0" offset="3538" sl="457" sc="0" el="457" ec="0" bec="0" bev="0" fileid="5" />
                <SequencePoint vc="0" uspid="2676" ordinal="0" offset="3565" sl="459" sc="0" el="459" ec="0" bec="0" bev="0" fileid="5" />
                <SequencePoint vc="0" uspid="2677" ordinal="0" offset="3592" sl="461" sc="0" el="461" ec="0" bec="0" bev="0" fileid="5" />
                <SequencePoint vc="0" uspid="2678" ordinal="0" offset="3618" sl="463" sc="0" el="463" ec="0" bec="0" bev="0" fileid="5" />
                <SequencePoint vc="0" uspid="2679" ordinal="0" offset="3645" sl="464" sc="0" el="464" ec="0" bec="0" bev="0" fileid="5" />
                <SequencePoint vc="0" uspid="2680" ordinal="0" offset="3649" sl="468" sc="0" el="468" ec="0" bec="0" bev="0" fileid="5" />
                <SequencePoint vc="0" uspid="2681" ordinal="0" offset="3675" sl="470" sc="0" el="470" ec="0" bec="0" bev="0" fileid="5" />
                <SequencePoint vc="0" uspid="2682" ordinal="0" offset="3701" sl="472" sc="0" el="472" ec="0" bec="0" bev="0" fileid="5" />
                <SequencePoint vc="0" uspid="2683" ordinal="0" offset="3727" sl="474" sc="0" el="474" ec="0" bec="0" bev="0" fileid="5" />
                <SequencePoint vc="0" uspid="2684" ordinal="0" offset="3754" sl="475" sc="0" el="475" ec="0" bec="0" bev="0" fileid="5" />
                <SequencePoint vc="0" uspid="2685" ordinal="0" offset="3758" sl="477" sc="0" el="477" ec="0" bec="0" bev="0" fileid="5" />
              </SequencePoints>
              <BranchPoints />
            </Method>
            <Method visited="false" cyclomaticComplexity="0" nPathComplexity="0" sequenceCoverage="0.0" branchCoverage="0" crapScore="0" isConstructor="true" isStatic="false" isGetter="false" isSetter="false">
              <Summary numSequencePoints="1" visitedSequencePoints="0" numBranchPoints="0" visitedBranchPoints="0" sequenceCoverage="0.0" branchCoverage="0" maxCyclomaticComplexity="0" minCyclomaticComplexity="0" maxCrapScore="0" minCrapScore="0" visitedClasses="0" numClasses="0" visitedMethods="0" numMethods="1" />
              <MetadataToken>100663334</MetadataToken>
              <Name>Enemies::Enemies()</Name>
              <FileRef uid="5" />
              <SequencePoints>
                <SequencePoint vc="0" uspid="2686" ordinal="0" offset="0" sl="23" sc="5" el="23" ec="5" bec="0" bev="0" fileid="5" />
              </SequencePoints>
              <BranchPoints />
            </Method>
          </Methods>
        </Class>
        <Class>
          <Summary numSequencePoints="162" visitedSequencePoints="0" numBranchPoints="0" visitedBranchPoints="0" sequenceCoverage="0.0" branchCoverage="0.0" maxCyclomaticComplexity="0" minCyclomaticComplexity="0" maxCrapScore="0" minCrapScore="0" visitedClasses="0" numClasses="1" visitedMethods="0" numMethods="7" />
          <FullName>Enemy</FullName>
          <Methods>
            <Method visited="false" cyclomaticComplexity="0" nPathComplexity="0" sequenceCoverage="0.0" branchCoverage="0" crapScore="0" isConstructor="false" isStatic="false" isGetter="false" isSetter="false">
              <Summary numSequencePoints="4" visitedSequencePoints="0" numBranchPoints="0" visitedBranchPoints="0" sequenceCoverage="0.0" branchCoverage="0" maxCyclomaticComplexity="0" minCyclomaticComplexity="0" maxCrapScore="0" minCrapScore="0" visitedClasses="0" numClasses="0" visitedMethods="0" numMethods="1" />
              <MetadataToken>100663336</MetadataToken>
              <Name>System.Void Enemy::Start()</Name>
              <FileRef uid="6" />
              <SequencePoints>
                <SequencePoint vc="0" uspid="2687" ordinal="0" offset="0" sl="79" sc="0" el="79" ec="0" bec="0" bev="0" fileid="6" />
                <SequencePoint vc="0" uspid="2688" ordinal="0" offset="1" sl="80" sc="0" el="80" ec="0" bec="0" bev="0" fileid="6" />
                <SequencePoint vc="0" uspid="2689" ordinal="0" offset="12" sl="81" sc="0" el="81" ec="0" bec="0" bev="0" fileid="6" />
                <SequencePoint vc="0" uspid="2690" ordinal="0" offset="19" sl="82" sc="0" el="82" ec="0" bec="0" bev="0" fileid="6" />
              </SequencePoints>
              <BranchPoints />
            </Method>
            <Method visited="false" cyclomaticComplexity="0" nPathComplexity="0" sequenceCoverage="0.0" branchCoverage="0" crapScore="0" isConstructor="false" isStatic="false" isGetter="false" isSetter="false">
              <Summary numSequencePoints="27" visitedSequencePoints="0" numBranchPoints="0" visitedBranchPoints="0" sequenceCoverage="0.0" branchCoverage="0" maxCyclomaticComplexity="0" minCyclomaticComplexity="0" maxCrapScore="0" minCrapScore="0" visitedClasses="0" numClasses="0" visitedMethods="0" numMethods="1" />
              <MetadataToken>100663337</MetadataToken>
              <Name>System.Void Enemy::attackPlayer()</Name>
              <FileRef uid="6" />
              <SequencePoints>
                <SequencePoint vc="0" uspid="2691" ordinal="0" offset="0" sl="106" sc="0" el="106" ec="0" bec="0" bev="0" fileid="6" />
                <SequencePoint vc="0" uspid="2692" ordinal="0" offset="1" sl="108" sc="0" el="108" ec="0" bec="0" bev="0" fileid="6" />
                <SequencePoint vc="0" uspid="2693" ordinal="0" offset="35" sl="111" sc="0" el="111" ec="0" bec="0" bev="0" fileid="6" />
                <SequencePoint vc="0" uspid="2694" ordinal="0" offset="62" sl="111" sc="0" el="111" ec="0" bec="0" bev="0" fileid="6" />
                <SequencePoint vc="0" uspid="2695" ordinal="0" offset="63" sl="112" sc="0" el="112" ec="0" bec="0" bev="0" fileid="6" />
                <SequencePoint vc="0" uspid="2696" ordinal="0" offset="81" sl="113" sc="0" el="113" ec="0" bec="0" bev="0" fileid="6" />
                <SequencePoint vc="0" uspid="2697" ordinal="0" offset="82" sl="115" sc="0" el="115" ec="0" bec="0" bev="0" fileid="6" />
                <SequencePoint vc="0" uspid="2698" ordinal="0" offset="118" sl="116" sc="0" el="116" ec="0" bec="0" bev="0" fileid="6" />
                <SequencePoint vc="0" uspid="2699" ordinal="0" offset="125" sl="118" sc="0" el="118" ec="0" bec="0" bev="0" fileid="6" />
                <SequencePoint vc="0" uspid="2700" ordinal="0" offset="149" sl="119" sc="0" el="119" ec="0" bec="0" bev="0" fileid="6" />
                <SequencePoint vc="0" uspid="2701" ordinal="0" offset="173" sl="121" sc="0" el="121" ec="0" bec="0" bev="0" fileid="6" />
                <SequencePoint vc="0" uspid="2702" ordinal="0" offset="191" sl="121" sc="0" el="121" ec="0" bec="0" bev="0" fileid="6" />
                <SequencePoint vc="0" uspid="2703" ordinal="0" offset="192" sl="122" sc="0" el="122" ec="0" bec="0" bev="0" fileid="6" />
                <SequencePoint vc="0" uspid="2704" ordinal="0" offset="202" sl="124" sc="0" el="124" ec="0" bec="0" bev="0" fileid="6" />
                <SequencePoint vc="0" uspid="2705" ordinal="0" offset="226" sl="124" sc="0" el="124" ec="0" bec="0" bev="0" fileid="6" />
                <SequencePoint vc="0" uspid="2706" ordinal="0" offset="227" sl="125" sc="0" el="125" ec="0" bec="0" bev="0" fileid="6" />
                <SequencePoint vc="0" uspid="2707" ordinal="0" offset="234" sl="126" sc="0" el="126" ec="0" bec="0" bev="0" fileid="6" />
                <SequencePoint vc="0" uspid="2708" ordinal="0" offset="235" sl="127" sc="0" el="127" ec="0" bec="0" bev="0" fileid="6" />
                <SequencePoint vc="0" uspid="2709" ordinal="0" offset="236" sl="129" sc="0" el="129" ec="0" bec="0" bev="0" fileid="6" />
                <SequencePoint vc="0" uspid="2710" ordinal="0" offset="254" sl="131" sc="0" el="131" ec="0" bec="0" bev="0" fileid="6" />
                <SequencePoint vc="0" uspid="2711" ordinal="0" offset="271" sl="132" sc="0" el="132" ec="0" bec="0" bev="0" fileid="6" />
                <SequencePoint vc="0" uspid="2712" ordinal="0" offset="299" sl="133" sc="0" el="133" ec="0" bec="0" bev="0" fileid="6" />
                <SequencePoint vc="0" uspid="2713" ordinal="0" offset="317" sl="135" sc="0" el="135" ec="0" bec="0" bev="0" fileid="6" />
                <SequencePoint vc="0" uspid="2714" ordinal="0" offset="329" sl="136" sc="0" el="136" ec="0" bec="0" bev="0" fileid="6" />
                <SequencePoint vc="0" uspid="2715" ordinal="0" offset="361" sl="137" sc="0" el="137" ec="0" bec="0" bev="0" fileid="6" />
                <SequencePoint vc="0" uspid="2716" ordinal="0" offset="390" sl="139" sc="0" el="139" ec="0" bec="0" bev="0" fileid="6" />
                <SequencePoint vc="0" uspid="2717" ordinal="0" offset="410" sl="140" sc="0" el="140" ec="0" bec="0" bev="0" fileid="6" />
              </SequencePoints>
              <BranchPoints />
            </Method>
            <Method visited="false" cyclomaticComplexity="0" nPathComplexity="0" sequenceCoverage="0.0" branchCoverage="0" crapScore="0" isConstructor="false" isStatic="false" isGetter="false" isSetter="false">
              <Summary numSequencePoints="21" visitedSequencePoints="0" numBranchPoints="0" visitedBranchPoints="0" sequenceCoverage="0.0" branchCoverage="0" maxCyclomaticComplexity="0" minCyclomaticComplexity="0" maxCrapScore="0" minCrapScore="0" visitedClasses="0" numClasses="0" visitedMethods="0" numMethods="1" />
              <MetadataToken>100663338</MetadataToken>
              <Name>System.Void Enemy::hitPlayer(System.Int32, System.Boolean)</Name>
              <FileRef uid="6" />
              <SequencePoints>
                <SequencePoint vc="0" uspid="2718" ordinal="0" offset="0" sl="142" sc="0" el="142" ec="0" bec="0" bev="0" fileid="6" />
                <SequencePoint vc="0" uspid="2719" ordinal="0" offset="1" sl="143" sc="0" el="143" ec="0" bec="0" bev="0" fileid="6" />
                <SequencePoint vc="0" uspid="2720" ordinal="0" offset="49" sl="144" sc="0" el="144" ec="0" bec="0" bev="0" fileid="6" />
                <SequencePoint vc="0" uspid="2721" ordinal="0" offset="50" sl="146" sc="0" el="146" ec="0" bec="0" bev="0" fileid="6" />
                <SequencePoint vc="0" uspid="2722" ordinal="0" offset="73" sl="147" sc="0" el="147" ec="0" bec="0" bev="0" fileid="6" />
                <SequencePoint vc="0" uspid="2723" ordinal="0" offset="74" sl="148" sc="0" el="148" ec="0" bec="0" bev="0" fileid="6" />
                <SequencePoint vc="0" uspid="2724" ordinal="0" offset="94" sl="149" sc="0" el="149" ec="0" bec="0" bev="0" fileid="6" />
                <SequencePoint vc="0" uspid="2725" ordinal="0" offset="111" sl="150" sc="0" el="150" ec="0" bec="0" bev="0" fileid="6" />
                <SequencePoint vc="0" uspid="2726" ordinal="0" offset="135" sl="151" sc="0" el="151" ec="0" bec="0" bev="0" fileid="6" />
                <SequencePoint vc="0" uspid="2727" ordinal="0" offset="138" sl="154" sc="0" el="154" ec="0" bec="0" bev="0" fileid="6" />
                <SequencePoint vc="0" uspid="2728" ordinal="0" offset="139" sl="155" sc="0" el="155" ec="0" bec="0" bev="0" fileid="6" />
                <SequencePoint vc="0" uspid="2729" ordinal="0" offset="163" sl="156" sc="0" el="156" ec="0" bec="0" bev="0" fileid="6" />
                <SequencePoint vc="0" uspid="2730" ordinal="0" offset="164" sl="157" sc="0" el="157" ec="0" bec="0" bev="0" fileid="6" />
                <SequencePoint vc="0" uspid="2731" ordinal="0" offset="167" sl="159" sc="0" el="159" ec="0" bec="0" bev="0" fileid="6" />
                <SequencePoint vc="0" uspid="2732" ordinal="0" offset="190" sl="160" sc="0" el="160" ec="0" bec="0" bev="0" fileid="6" />
                <SequencePoint vc="0" uspid="2733" ordinal="0" offset="191" sl="161" sc="0" el="161" ec="0" bec="0" bev="0" fileid="6" />
                <SequencePoint vc="0" uspid="2734" ordinal="0" offset="215" sl="162" sc="0" el="162" ec="0" bec="0" bev="0" fileid="6" />
                <SequencePoint vc="0" uspid="2735" ordinal="0" offset="218" sl="163" sc="0" el="163" ec="0" bec="0" bev="0" fileid="6" />
                <SequencePoint vc="0" uspid="2736" ordinal="0" offset="219" sl="164" sc="0" el="164" ec="0" bec="0" bev="0" fileid="6" />
                <SequencePoint vc="0" uspid="2737" ordinal="0" offset="236" sl="165" sc="0" el="165" ec="0" bec="0" bev="0" fileid="6" />
                <SequencePoint vc="0" uspid="2738" ordinal="0" offset="237" sl="167" sc="0" el="167" ec="0" bec="0" bev="0" fileid="6" />
              </SequencePoints>
              <BranchPoints />
            </Method>
            <Method visited="false" cyclomaticComplexity="0" nPathComplexity="0" sequenceCoverage="0.0" branchCoverage="0" crapScore="0" isConstructor="false" isStatic="false" isGetter="false" isSetter="false">
              <Summary numSequencePoints="70" visitedSequencePoints="0" numBranchPoints="0" visitedBranchPoints="0" sequenceCoverage="0.0" branchCoverage="0" maxCyclomaticComplexity="0" minCyclomaticComplexity="0" maxCrapScore="0" minCrapScore="0" visitedClasses="0" numClasses="0" visitedMethods="0" numMethods="1" />
              <MetadataToken>100663339</MetadataToken>
              <Name>System.Void Enemy::endTurnMechanics(System.Int32)</Name>
              <FileRef uid="6" />
              <SequencePoints>
                <SequencePoint vc="0" uspid="2739" ordinal="0" offset="0" sl="169" sc="0" el="169" ec="0" bec="0" bev="0" fileid="6" />
                <SequencePoint vc="0" uspid="2740" ordinal="0" offset="1" sl="170" sc="0" el="170" ec="0" bec="0" bev="0" fileid="6" />
                <SequencePoint vc="0" uspid="2741" ordinal="0" offset="84" sl="172" sc="0" el="172" ec="0" bec="0" bev="0" fileid="6" />
                <SequencePoint vc="0" uspid="2742" ordinal="0" offset="187" sl="173" sc="0" el="173" ec="0" bec="0" bev="0" fileid="6" />
                <SequencePoint vc="0" uspid="2743" ordinal="0" offset="200" sl="173" sc="0" el="173" ec="0" bec="0" bev="0" fileid="6" />
                <SequencePoint vc="0" uspid="2744" ordinal="0" offset="201" sl="174" sc="0" el="174" ec="0" bec="0" bev="0" fileid="6" />
                <SequencePoint vc="0" uspid="2745" ordinal="0" offset="215" sl="175" sc="0" el="175" ec="0" bec="0" bev="0" fileid="6" />
                <SequencePoint vc="0" uspid="2746" ordinal="0" offset="216" sl="176" sc="0" el="176" ec="0" bec="0" bev="0" fileid="6" />
                <SequencePoint vc="0" uspid="2747" ordinal="0" offset="319" sl="177" sc="0" el="177" ec="0" bec="0" bev="0" fileid="6" />
                <SequencePoint vc="0" uspid="2748" ordinal="0" offset="324" sl="179" sc="0" el="179" ec="0" bec="0" bev="0" fileid="6" />
                <SequencePoint vc="0" uspid="2749" ordinal="0" offset="331" sl="180" sc="0" el="180" ec="0" bec="0" bev="0" fileid="6" />
                <SequencePoint vc="0" uspid="2750" ordinal="0" offset="336" sl="182" sc="0" el="182" ec="0" bec="0" bev="0" fileid="6" />
                <SequencePoint vc="0" uspid="2751" ordinal="0" offset="343" sl="183" sc="0" el="183" ec="0" bec="0" bev="0" fileid="6" />
                <SequencePoint vc="0" uspid="2752" ordinal="0" offset="348" sl="185" sc="0" el="185" ec="0" bec="0" bev="0" fileid="6" />
                <SequencePoint vc="0" uspid="2753" ordinal="0" offset="355" sl="186" sc="0" el="186" ec="0" bec="0" bev="0" fileid="6" />
                <SequencePoint vc="0" uspid="2754" ordinal="0" offset="360" sl="188" sc="0" el="188" ec="0" bec="0" bev="0" fileid="6" />
                <SequencePoint vc="0" uspid="2755" ordinal="0" offset="373" sl="188" sc="0" el="188" ec="0" bec="0" bev="0" fileid="6" />
                <SequencePoint vc="0" uspid="2756" ordinal="0" offset="374" sl="189" sc="0" el="189" ec="0" bec="0" bev="0" fileid="6" />
                <SequencePoint vc="0" uspid="2757" ordinal="0" offset="384" sl="190" sc="0" el="190" ec="0" bec="0" bev="0" fileid="6" />
                <SequencePoint vc="0" uspid="2758" ordinal="0" offset="385" sl="191" sc="0" el="191" ec="0" bec="0" bev="0" fileid="6" />
                <SequencePoint vc="0" uspid="2759" ordinal="0" offset="390" sl="193" sc="0" el="193" ec="0" bec="0" bev="0" fileid="6" />
                <SequencePoint vc="0" uspid="2760" ordinal="0" offset="419" sl="193" sc="0" el="193" ec="0" bec="0" bev="0" fileid="6" />
                <SequencePoint vc="0" uspid="2761" ordinal="0" offset="420" sl="194" sc="0" el="194" ec="0" bec="0" bev="0" fileid="6" />
                <SequencePoint vc="0" uspid="2762" ordinal="0" offset="430" sl="195" sc="0" el="195" ec="0" bec="0" bev="0" fileid="6" />
                <SequencePoint vc="0" uspid="2763" ordinal="0" offset="431" sl="196" sc="0" el="196" ec="0" bec="0" bev="0" fileid="6" />
                <SequencePoint vc="0" uspid="2764" ordinal="0" offset="436" sl="198" sc="0" el="198" ec="0" bec="0" bev="0" fileid="6" />
                <SequencePoint vc="0" uspid="2765" ordinal="0" offset="451" sl="198" sc="0" el="198" ec="0" bec="0" bev="0" fileid="6" />
                <SequencePoint vc="0" uspid="2766" ordinal="0" offset="452" sl="199" sc="0" el="199" ec="0" bec="0" bev="0" fileid="6" />
                <SequencePoint vc="0" uspid="2767" ordinal="0" offset="462" sl="200" sc="0" el="200" ec="0" bec="0" bev="0" fileid="6" />
                <SequencePoint vc="0" uspid="2768" ordinal="0" offset="463" sl="201" sc="0" el="201" ec="0" bec="0" bev="0" fileid="6" />
                <SequencePoint vc="0" uspid="2769" ordinal="0" offset="468" sl="203" sc="0" el="203" ec="0" bec="0" bev="0" fileid="6" />
                <SequencePoint vc="0" uspid="2770" ordinal="0" offset="483" sl="203" sc="0" el="203" ec="0" bec="0" bev="0" fileid="6" />
                <SequencePoint vc="0" uspid="2771" ordinal="0" offset="484" sl="204" sc="0" el="204" ec="0" bec="0" bev="0" fileid="6" />
                <SequencePoint vc="0" uspid="2772" ordinal="0" offset="500" sl="205" sc="0" el="205" ec="0" bec="0" bev="0" fileid="6" />
                <SequencePoint vc="0" uspid="2773" ordinal="0" offset="501" sl="206" sc="0" el="206" ec="0" bec="0" bev="0" fileid="6" />
                <SequencePoint vc="0" uspid="2774" ordinal="0" offset="506" sl="208" sc="0" el="208" ec="0" bec="0" bev="0" fileid="6" />
                <SequencePoint vc="0" uspid="2775" ordinal="0" offset="522" sl="208" sc="0" el="208" ec="0" bec="0" bev="0" fileid="6" />
                <SequencePoint vc="0" uspid="2776" ordinal="0" offset="523" sl="209" sc="0" el="209" ec="0" bec="0" bev="0" fileid="6" />
                <SequencePoint vc="0" uspid="2777" ordinal="0" offset="538" sl="210" sc="0" el="210" ec="0" bec="0" bev="0" fileid="6" />
                <SequencePoint vc="0" uspid="2778" ordinal="0" offset="539" sl="211" sc="0" el="211" ec="0" bec="0" bev="0" fileid="6" />
                <SequencePoint vc="0" uspid="2779" ordinal="0" offset="544" sl="213" sc="0" el="213" ec="0" bec="0" bev="0" fileid="6" />
                <SequencePoint vc="0" uspid="2780" ordinal="0" offset="569" sl="213" sc="0" el="213" ec="0" bec="0" bev="0" fileid="6" />
                <SequencePoint vc="0" uspid="2781" ordinal="0" offset="570" sl="214" sc="0" el="214" ec="0" bec="0" bev="0" fileid="6" />
                <SequencePoint vc="0" uspid="2782" ordinal="0" offset="580" sl="215" sc="0" el="215" ec="0" bec="0" bev="0" fileid="6" />
[...]
                <SequencePoint vc="0" uspid="3470" ordinal="0" offset="159" sl="452" sc="0" el="452" ec="0" bec="0" bev="0" fileid="13" />
                <SequencePoint vc="0" uspid="3471" ordinal="0" offset="182" sl="453" sc="0" el="453" ec="0" bec="0" bev="0" fileid="13" />
                <SequencePoint vc="0" uspid="3472" ordinal="0" offset="205" sl="454" sc="0" el="454" ec="0" bec="0" bev="0" fileid="13" />
                <SequencePoint vc="0" uspid="3473" ordinal="0" offset="228" sl="455" sc="0" el="455" ec="0" bec="0" bev="0" fileid="13" />
                <SequencePoint vc="0" uspid="3474" ordinal="0" offset="251" sl="456" sc="0" el="456" ec="0" bec="0" bev="0" fileid="13" />
                <SequencePoint vc="0" uspid="3475" ordinal="0" offset="252" sl="442" sc="0" el="442" ec="0" bec="0" bev="0" fileid="13" />
                <SequencePoint vc="0" uspid="3476" ordinal="0" offset="256" sl="442" sc="0" el="442" ec="0" bec="0" bev="0" fileid="13" />
                <SequencePoint vc="0" uspid="3477" ordinal="0" offset="276" sl="457" sc="0" el="457" ec="0" bec="0" bev="0" fileid="13" />
              </SequencePoints>
              <BranchPoints />
            </Method>
            <Method visited="false" cyclomaticComplexity="0" nPathComplexity="0" sequenceCoverage="0.0" branchCoverage="0" crapScore="0" isConstructor="true" isStatic="false" isGetter="false" isSetter="false">
              <Summary numSequencePoints="3" visitedSequencePoints="0" numBranchPoints="0" visitedBranchPoints="0" sequenceCoverage="0.0" branchCoverage="0" maxCyclomaticComplexity="0" minCyclomaticComplexity="0" maxCrapScore="0" minCrapScore="0" visitedClasses="0" numClasses="0" visitedMethods="0" numMethods="1" />
              <MetadataToken>100663459</MetadataToken>
              <Name>Player::Player()</Name>
              <FileRef uid="13" />
              <SequencePoints>
                <SequencePoint vc="0" uspid="3478" ordinal="0" offset="0" sl="47" sc="5" el="47" ec="5" bec="0" bev="0" fileid="13" />
                <SequencePoint vc="0" uspid="3479" ordinal="0" offset="11" sl="48" sc="5" el="48" ec="5" bec="0" bev="0" fileid="13" />
                <SequencePoint vc="0" uspid="3480" ordinal="0" offset="22" sl="49" sc="5" el="49" ec="5" bec="0" bev="0" fileid="13" />
              </SequencePoints>
              <BranchPoints />
            </Method>
          </Methods>
        </Class>
        <Class>
          <Summary numSequencePoints="16" visitedSequencePoints="0" numBranchPoints="0" visitedBranchPoints="0" sequenceCoverage="0.0" branchCoverage="0.0" maxCyclomaticComplexity="0" minCyclomaticComplexity="0" maxCrapScore="0" minCrapScore="0" visitedClasses="0" numClasses="1" visitedMethods="0" numMethods="1" />
          <FullName>StageCompleteTextManipulator</FullName>
          <Methods>
            <Method visited="false" cyclomaticComplexity="0" nPathComplexity="0" sequenceCoverage="0.0" branchCoverage="0" crapScore="0" isConstructor="false" isStatic="false" isGetter="false" isSetter="false">
              <Summary numSequencePoints="16" visitedSequencePoints="0" numBranchPoints="0" visitedBranchPoints="0" sequenceCoverage="0.0" branchCoverage="0" maxCyclomaticComplexity="0" minCyclomaticComplexity="0" maxCrapScore="0" minCrapScore="0" visitedClasses="0" numClasses="0" visitedMethods="0" numMethods="1" />
              <MetadataToken>100663476</MetadataToken>
              <Name>System.Void StageCompleteTextManipulator::Start()</Name>
              <FileRef uid="14" />
              <SequencePoints>
                <SequencePoint vc="0" uspid="3481" ordinal="0" offset="0" sl="32" sc="0" el="32" ec="0" bec="0" bev="0" fileid="14" />
                <SequencePoint vc="0" uspid="3482" ordinal="0" offset="1" sl="33" sc="0" el="33" ec="0" bec="0" bev="0" fileid="14" />
                <SequencePoint vc="0" uspid="3483" ordinal="0" offset="27" sl="34" sc="0" el="34" ec="0" bec="0" bev="0" fileid="14" />
                <SequencePoint vc="0" uspid="3484" ordinal="0" offset="39" sl="34" sc="0" el="34" ec="0" bec="0" bev="0" fileid="14" />
                <SequencePoint vc="0" uspid="3485" ordinal="0" offset="40" sl="35" sc="0" el="35" ec="0" bec="0" bev="0" fileid="14" />
                <SequencePoint vc="0" uspid="3486" ordinal="0" offset="46" sl="36" sc="0" el="36" ec="0" bec="0" bev="0" fileid="14" />
                <SequencePoint vc="0" uspid="3487" ordinal="0" offset="47" sl="37" sc="0" el="37" ec="0" bec="0" bev="0" fileid="14" />
                <SequencePoint vc="0" uspid="3488" ordinal="0" offset="60" sl="38" sc="0" el="38" ec="0" bec="0" bev="0" fileid="14" />
                <SequencePoint vc="0" uspid="3489" ordinal="0" offset="72" sl="38" sc="0" el="38" ec="0" bec="0" bev="0" fileid="14" />
                <SequencePoint vc="0" uspid="3490" ordinal="0" offset="73" sl="39" sc="0" el="39" ec="0" bec="0" bev="0" fileid="14" />
                <SequencePoint vc="0" uspid="3491" ordinal="0" offset="85" sl="40" sc="0" el="40" ec="0" bec="0" bev="0" fileid="14" />
                <SequencePoint vc="0" uspid="3492" ordinal="0" offset="88" sl="41" sc="0" el="41" ec="0" bec="0" bev="0" fileid="14" />
                <SequencePoint vc="0" uspid="3493" ordinal="0" offset="89" sl="42" sc="0" el="42" ec="0" bec="0" bev="0" fileid="14" />
                <SequencePoint vc="0" uspid="3494" ordinal="0" offset="95" sl="43" sc="0" el="43" ec="0" bec="0" bev="0" fileid="14" />
                <SequencePoint vc="0" uspid="3495" ordinal="0" offset="96" sl="44" sc="0" el="44" ec="0" bec="0" bev="0" fileid="14" />
                <SequencePoint vc="0" uspid="3496" ordinal="0" offset="103" sl="45" sc="0" el="45" ec="0" bec="0" bev="0" fileid="14" />
              </SequencePoints>
              <BranchPoints />
            </Method>
          </Methods>
        </Class>
        <Class>
          <Summary numSequencePoints="11" visitedSequencePoints="0" numBranchPoints="0" visitedBranchPoints="0" sequenceCoverage="0.0" branchCoverage="0.0" maxCyclomaticComplexity="0" minCyclomaticComplexity="0" maxCrapScore="0" minCrapScore="0" visitedClasses="0" numClasses="1" visitedMethods="0" numMethods="1" />
          <FullName>StageTextManipulator</FullName>
          <Methods>
            <Method visited="false" cyclomaticComplexity="0" nPathComplexity="0" sequenceCoverage="0.0" branchCoverage="0" crapScore="0" isConstructor="false" isStatic="false" isGetter="false" isSetter="false">
              <Summary numSequencePoints="11" visitedSequencePoints="0" numBranchPoints="0" visitedBranchPoints="0" sequenceCoverage="0.0" branchCoverage="0" maxCyclomaticComplexity="0" minCyclomaticComplexity="0" maxCrapScore="0" minCrapScore="0" visitedClasses="0" numClasses="0" visitedMethods="0" numMethods="1" />
              <MetadataToken>100663478</MetadataToken>
              <Name>System.Void StageTextManipulator::Start()</Name>
              <FileRef uid="15" />
              <SequencePoints>
                <SequencePoint vc="0" uspid="3497" ordinal="0" offset="0" sl="32" sc="0" el="32" ec="0" bec="0" bev="0" fileid="15" />
                <SequencePoint vc="0" uspid="3498" ordinal="0" offset="1" sl="33" sc="0" el="33" ec="0" bec="0" bev="0" fileid="15" />
                <SequencePoint vc="0" uspid="3499" ordinal="0" offset="13" sl="34" sc="0" el="34" ec="0" bec="0" bev="0" fileid="15" />
                <SequencePoint vc="0" uspid="3500" ordinal="0" offset="14" sl="35" sc="0" el="35" ec="0" bec="0" bev="0" fileid="15" />
                <SequencePoint vc="0" uspid="3501" ordinal="0" offset="35" sl="36" sc="0" el="36" ec="0" bec="0" bev="0" fileid="15" />
                <SequencePoint vc="0" uspid="3502" ordinal="0" offset="48" sl="37" sc="0" el="37" ec="0" bec="0" bev="0" fileid="15" />
                <SequencePoint vc="0" uspid="3503" ordinal="0" offset="51" sl="39" sc="0" el="39" ec="0" bec="0" bev="0" fileid="15" />
                <SequencePoint vc="0" uspid="3504" ordinal="0" offset="52" sl="40" sc="0" el="40" ec="0" bec="0" bev="0" fileid="15" />
                <SequencePoint vc="0" uspid="3505" ordinal="0" offset="58" sl="41" sc="0" el="41" ec="0" bec="0" bev="0" fileid="15" />
                <SequencePoint vc="0" uspid="3506" ordinal="0" offset="71" sl="42" sc="0" el="42" ec="0" bec="0" bev="0" fileid="15" />
                <SequencePoint vc="0" uspid="3507" ordinal="0" offset="72" sl="43" sc="0" el="43" ec="0" bec="0" bev="0" fileid="15" />
              </SequencePoints>
              <BranchPoints />
            </Method>
          </Methods>
        </Class>
        <Class>
          <Summary numSequencePoints="5" visitedSequencePoints="0" numBranchPoints="0" visitedBranchPoints="0" sequenceCoverage="0.0" branchCoverage="0.0" maxCyclomaticComplexity="0" minCyclomaticComplexity="0" maxCrapScore="0" minCrapScore="0" visitedClasses="0" numClasses="1" visitedMethods="0" numMethods="1" />
          <FullName>Enemy/&lt;MoveAfterWait&gt;d__20</FullName>
          <Methods>
            <Method visited="false" cyclomaticComplexity="0" nPathComplexity="0" sequenceCoverage="0.0" branchCoverage="0" crapScore="0" isConstructor="false" isStatic="false" isGetter="false" isSetter="false">
              <Summary numSequencePoints="5" visitedSequencePoints="0" numBranchPoints="0" visitedBranchPoints="0" sequenceCoverage="0.0" branchCoverage="0" maxCyclomaticComplexity="0" minCyclomaticComplexity="0" maxCrapScore="0" minCrapScore="0" visitedClasses="0" numClasses="0" visitedMethods="0" numMethods="1" />
              <MetadataToken>100663530</MetadataToken>
              <Name>System.Boolean Enemy/&lt;MoveAfterWait&gt;d__20::MoveNext()</Name>
              <FileRef uid="6" />
              <SequencePoints>
                <SequencePoint vc="0" uspid="3508" ordinal="0" offset="31" sl="289" sc="0" el="289" ec="0" bec="0" bev="0" fileid="6" />
                <SequencePoint vc="0" uspid="3509" ordinal="0" offset="32" sl="290" sc="0" el="290" ec="0" bec="0" bev="0" fileid="6" />
                <SequencePoint vc="0" uspid="3510" ordinal="0" offset="64" sl="291" sc="0" el="291" ec="0" bec="0" bev="0" fileid="6" />
                <SequencePoint vc="0" uspid="3511" ordinal="0" offset="81" sl="292" sc="0" el="292" ec="0" bec="0" bev="0" fileid="6" />
                <SequencePoint vc="0" uspid="3512" ordinal="0" offset="125" sl="293" sc="0" el="293" ec="0" bec="0" bev="0" fileid="6" />
              </SequencePoints>
              <BranchPoints />
            </Method>
          </Methods>
        </Class>
        <Class>
          <Summary numSequencePoints="13" visitedSequencePoints="0" numBranchPoints="0" visitedBranchPoints="0" sequenceCoverage="0.0" branchCoverage="0.0" maxCyclomaticComplexity="0" minCyclomaticComplexity="0" maxCrapScore="0" minCrapScore="0" visitedClasses="0" numClasses="1" visitedMethods="0" numMethods="1" />
          <FullName>Enemy/&lt;FadeImage&gt;d__22</FullName>
          <Methods>
            <Method visited="false" cyclomaticComplexity="0" nPathComplexity="0" sequenceCoverage="0.0" branchCoverage="0" crapScore="0" isConstructor="false" isStatic="false" isGetter="false" isSetter="false">
              <Summary numSequencePoints="13" visitedSequencePoints="0" numBranchPoints="0" visitedBranchPoints="0" sequenceCoverage="0.0" branchCoverage="0" maxCyclomaticComplexity="0" minCyclomaticComplexity="0" maxCrapScore="0" minCrapScore="0" visitedClasses="0" numClasses="0" visitedMethods="0" numMethods="1" />
              <MetadataToken>100663536</MetadataToken>
              <Name>System.Boolean Enemy/&lt;FadeImage&gt;d__22::MoveNext()</Name>
              <FileRef uid="6" />
              <SequencePoints>
                <SequencePoint vc="0" uspid="3513" ordinal="0" offset="34" sl="344" sc="0" el="344" ec="0" bec="0" bev="0" fileid="6" />
                <SequencePoint vc="0" uspid="3514" ordinal="0" offset="35" sl="345" sc="0" el="345" ec="0" bec="0" bev="0" fileid="6" />
                <SequencePoint vc="0" uspid="3515" ordinal="0" offset="52" sl="346" sc="0" el="346" ec="0" bec="0" bev="0" fileid="6" />
                <SequencePoint vc="0" uspid="3516" ordinal="0" offset="102" sl="347" sc="0" el="347" ec="0" bec="0" bev="0" fileid="6" />
                <SequencePoint vc="0" uspid="3517" ordinal="0" offset="115" sl="350" sc="0" el="350" ec="0" bec="0" bev="0" fileid="6" />
                <SequencePoint vc="0" uspid="3518" ordinal="0" offset="116" sl="351" sc="0" el="351" ec="0" bec="0" bev="0" fileid="6" />
                <SequencePoint vc="0" uspid="3519" ordinal="0" offset="134" sl="352" sc="0" el="352" ec="0" bec="0" bev="0" fileid="6" />
                <SequencePoint vc="0" uspid="3520" ordinal="0" offset="158" sl="353" sc="0" el="353" ec="0" bec="0" bev="0" fileid="6" />
                <SequencePoint vc="0" uspid="3521" ordinal="0" offset="193" sl="354" sc="0" el="354" ec="0" bec="0" bev="0" fileid="6" />
                <SequencePoint vc="0" uspid="3522" ordinal="0" offset="216" sl="355" sc="0" el="355" ec="0" bec="0" bev="0" fileid="6" />
                <SequencePoint vc="0" uspid="3523" ordinal="0" offset="217" sl="349" sc="0" el="349" ec="0" bec="0" bev="0" fileid="6" />
                <SequencePoint vc="0" uspid="3524" ordinal="0" offset="235" sl="356" sc="0" el="356" ec="0" bec="0" bev="0" fileid="6" />
                <SequencePoint vc="0" uspid="3525" ordinal="0" offset="253" sl="357" sc="0" el="357" ec="0" bec="0" bev="0" fileid="6" />
              </SequencePoints>
              <BranchPoints />
            </Method>
          </Methods>
        </Class>
        <Class>
          <Summary numSequencePoints="13" visitedSequencePoints="0" numBranchPoints="0" visitedBranchPoints="0" sequenceCoverage="0.0" branchCoverage="0.0" maxCyclomaticComplexity="0" minCyclomaticComplexity="0" maxCrapScore="0" minCrapScore="0" visitedClasses="0" numClasses="1" visitedMethods="0" numMethods="1" />
          <FullName>Player/&lt;FadeImage&gt;d__24</FullName>
          <Methods>
            <Method visited="false" cyclomaticComplexity="0" nPathComplexity="0" sequenceCoverage="0.0" branchCoverage="0" crapScore="0" isConstructor="false" isStatic="false" isGetter="false" isSetter="false">
              <Summary numSequencePoints="13" visitedSequencePoints="0" numBranchPoints="0" visitedBranchPoints="0" sequenceCoverage="0.0" branchCoverage="0" maxCyclomaticComplexity="0" minCyclomaticComplexity="0" maxCrapScore="0" minCrapScore="0" visitedClasses="0" numClasses="0" visitedMethods="0" numMethods="1" />
              <MetadataToken>100663542</MetadataToken>
              <Name>System.Boolean Player/&lt;FadeImage&gt;d__24::MoveNext()</Name>
              <FileRef uid="13" />
              <SequencePoints>
                <SequencePoint vc="0" uspid="3526" ordinal="0" offset="34" sl="477" sc="0" el="477" ec="0" bec="0" bev="0" fileid="13" />
                <SequencePoint vc="0" uspid="3527" ordinal="0" offset="35" sl="478" sc="0" el="478" ec="0" bec="0" bev="0" fileid="13" />
                <SequencePoint vc="0" uspid="3528" ordinal="0" offset="52" sl="479" sc="0" el="479" ec="0" bec="0" bev="0" fileid="13" />
                <SequencePoint vc="0" uspid="3529" ordinal="0" offset="102" sl="480" sc="0" el="480" ec="0" bec="0" bev="0" fileid="13" />
                <SequencePoint vc="0" uspid="3530" ordinal="0" offset="115" sl="483" sc="0" el="483" ec="0" bec="0" bev="0" fileid="13" />
                <SequencePoint vc="0" uspid="3531" ordinal="0" offset="116" sl="484" sc="0" el="484" ec="0" bec="0" bev="0" fileid="13" />
                <SequencePoint vc="0" uspid="3532" ordinal="0" offset="134" sl="485" sc="0" el="485" ec="0" bec="0" bev="0" fileid="13" />
                <SequencePoint vc="0" uspid="3533" ordinal="0" offset="158" sl="486" sc="0" el="486" ec="0" bec="0" bev="0" fileid="13" />
                <SequencePoint vc="0" uspid="3534" ordinal="0" offset="193" sl="487" sc="0" el="487" ec="0" bec="0" bev="0" fileid="13" />
                <SequencePoint vc="0" uspid="3535" ordinal="0" offset="216" sl="488" sc="0" el="488" ec="0" bec="0" bev="0" fileid="13" />
                <SequencePoint vc="0" uspid="3536" ordinal="0" offset="217" sl="482" sc="0" el="482" ec="0" bec="0" bev="0" fileid="13" />
                <SequencePoint vc="0" uspid="3537" ordinal="0" offset="235" sl="489" sc="0" el="489" ec="0" bec="0" bev="0" fileid="13" />
                <SequencePoint vc="0" uspid="3538" ordinal="0" offset="253" sl="490" sc="0" el="490" ec="0" bec="0" bev="0" fileid="13" />
              </SequencePoints>
              <BranchPoints />
            </Method>
          </Methods>
        </Class>
        <Class>
          <Summary numSequencePoints="14" visitedSequencePoints="0" numBranchPoints="0" visitedBranchPoints="0" sequenceCoverage="0.0" branchCoverage="0.0" maxCyclomaticComplexity="0" minCyclomaticComplexity="0" maxCrapScore="0" minCrapScore="0" visitedClasses="0" numClasses="1" visitedMethods="0" numMethods="1" />
          <FullName>Player/&lt;MoveAndShrinkCard&gt;d__25</FullName>
          <Methods>
            <Method visited="false" cyclomaticComplexity="0" nPathComplexity="0" sequenceCoverage="0.0" branchCoverage="0" crapScore="0" isConstructor="false" isStatic="false" isGetter="false" isSetter="false">
              <Summary numSequencePoints="14" visitedSequencePoints="0" numBranchPoints="0" visitedBranchPoints="0" sequenceCoverage="0.0" branchCoverage="0" maxCyclomaticComplexity="0" minCyclomaticComplexity="0" maxCrapScore="0" minCrapScore="0" visitedClasses="0" numClasses="0" visitedMethods="0" numMethods="1" />
              <MetadataToken>100663548</MetadataToken>
              <Name>System.Boolean Player/&lt;MoveAndShrinkCard&gt;d__25::MoveNext()</Name>
              <FileRef uid="13" />
              <SequencePoints>
                <SequencePoint vc="0" uspid="3539" ordinal="0" offset="34" sl="513" sc="0" el="513" ec="0" bec="0" bev="0" fileid="13" />
                <SequencePoint vc="0" uspid="3540" ordinal="0" offset="35" sl="514" sc="0" el="514" ec="0" bec="0" bev="0" fileid="13" />
                <SequencePoint vc="0" uspid="3541" ordinal="0" offset="46" sl="515" sc="0" el="515" ec="0" bec="0" bev="0" fileid="13" />
                <SequencePoint vc="0" uspid="3542" ordinal="0" offset="72" sl="516" sc="0" el="516" ec="0" bec="0" bev="0" fileid="13" />
                <SequencePoint vc="0" uspid="3543" ordinal="0" offset="99" sl="517" sc="0" el="517" ec="0" bec="0" bev="0" fileid="13" />
                <SequencePoint vc="0" uspid="3544" ordinal="0" offset="110" sl="519" sc="0" el="519" ec="0" bec="0" bev="0" fileid="13" />
                <SequencePoint vc="0" uspid="3545" ordinal="0" offset="126" sl="522" sc="0" el="522" ec="0" bec="0" bev="0" fileid="13" />
                <SequencePoint vc="0" uspid="3546" ordinal="0" offset="127" sl="523" sc="0" el="523" ec="0" bec="0" bev="0" fileid="13" />
                <SequencePoint vc="0" uspid="3547" ordinal="0" offset="194" sl="524" sc="0" el="524" ec="0" bec="0" bev="0" fileid="13" />
                <SequencePoint vc="0" uspid="3548" ordinal="0" offset="246" sl="525" sc="0" el="525" ec="0" bec="0" bev="0" fileid="13" />
                <SequencePoint vc="0" uspid="3549" ordinal="0" offset="264" sl="526" sc="0" el="526" ec="0" bec="0" bev="0" fileid="13" />
                <SequencePoint vc="0" uspid="3550" ordinal="0" offset="287" sl="527" sc="0" el="527" ec="0" bec="0" bev="0" fileid="13" />
                <SequencePoint vc="0" uspid="3551" ordinal="0" offset="288" sl="521" sc="0" el="521" ec="0" bec="0" bev="0" fileid="13" />
                <SequencePoint vc="0" uspid="3552" ordinal="0" offset="309" sl="528" sc="0" el="528" ec="0" bec="0" bev="0" fileid="13" />
              </SequencePoints>
              <BranchPoints />
            </Method>
          </Methods>
        </Class>
      </Classes>
    </Module>
  </Modules>
</CoverageSession>