<?xml version="1.0" encoding="utf-8"?>
<CoverageSession xmlns:xsd="http://www.w3.org/2001/XMLSchema" xmlns:xsi="http://www.w3.org/2001/XMLSchema-instance" Version="0.0.0.0">
  <Summary numSequencePoints="710" visitedSequencePoints="600" numBranchPoints="0" visitedBranchPoints="0" sequenceCoverage="84.51" branchCoverage="0.0" maxCyclomaticComplexity="0" minCyclomaticComplexity="0" maxCrapScore="0" minCrapScore="0" visitedClasses="11" numClasses="11" visitedMethods="47" numMethods="47" />
  <Modules>
    <Module>
      <Summary numSequencePoints="710" visitedSequencePoints="600" numBranchPoints="0" visitedBranchPoints="0" sequenceCoverage="84.51" branchCoverage="0.0" maxCyclomaticComplexity="0" minCyclomaticComplexity="0" maxCrapScore="0" minCrapScore="0" visitedClasses="11" numClasses="11" visitedMethods="47" numMethods="47" />
      <ModuleTime>0001-01-01T00:00:00</ModuleTime>
      <ModuleName>Scripts</ModuleName>
      <Files>
        <File uid="2" fullPath="C:/Users/EJUKESJO/OneDrive - Capgemini/Documents/GitHub/DC2TPR-MVP/DC2TPR-MVP/Assets/Scripts/ArmorBar.cs" />
        <File uid="3" fullPath="C:/Users/EJUKESJO/OneDrive - Capgemini/Documents/GitHub/DC2TPR-MVP/DC2TPR-MVP/Assets/Scripts/Camera.cs" />
        <File uid="4" fullPath="C:/Users/EJUKESJO/OneDrive - Capgemini/Documents/GitHub/DC2TPR-MVP/DC2TPR-MVP/Assets/Scripts/Card.cs" />
        <File uid="5" fullPath="C:/Users/EJUKESJO/OneDrive - Capgemini/Documents/GitHub/DC2TPR-MVP/DC2TPR-MVP/Assets/Scripts/Enemies.cs" />
        <File uid="6" fullPath="C:/Users/EJUKESJO/OneDrive - Capgemini/Documents/GitHub/DC2TPR-MVP/DC2TPR-MVP/Assets/Scripts/Enemy.cs" />
        <File uid="7" fullPath="C:/Users/EJUKESJO/OneDrive - Capgemini/Documents/GitHub/DC2TPR-MVP/DC2TPR-MVP/Assets/Scripts/Event.cs" />
        <File uid="8" fullPath="C:/Users/EJUKESJO/OneDrive - Capgemini/Documents/GitHub/DC2TPR-MVP/DC2TPR-MVP/Assets/Scripts/EventManager.cs" />
        <File uid="9" fullPath="C:/Users/EJUKESJO/OneDrive - Capgemini/Documents/GitHub/DC2TPR-MVP/DC2TPR-MVP/Assets/Scripts/GameController.cs" />
        <File uid="10" fullPath="C:/Users/EJUKESJO/OneDrive - Capgemini/Documents/GitHub/DC2TPR-MVP/DC2TPR-MVP/Assets/Scripts/HealthBar.cs" />
        <File uid="11" fullPath="C:/Users/EJUKESJO/OneDrive - Capgemini/Documents/GitHub/DC2TPR-MVP/DC2TPR-MVP/Assets/Scripts/Menu.cs" />
        <File uid="12" fullPath="C:/Users/EJUKESJO/OneDrive - Capgemini/Documents/GitHub/DC2TPR-MVP/DC2TPR-MVP/Assets/Scripts/OverworldPlayerHealth.cs" />
        <File uid="13" fullPath="C:/Users/EJUKESJO/OneDrive - Capgemini/Documents/GitHub/DC2TPR-MVP/DC2TPR-MVP/Assets/Scripts/Player.cs" />
        <File uid="14" fullPath="C:/Users/EJUKESJO/OneDrive - Capgemini/Documents/GitHub/DC2TPR-MVP/DC2TPR-MVP/Assets/Scripts/StageCompleteTextManipulator.cs" />
        <File uid="15" fullPath="C:/Users/EJUKESJO/OneDrive - Capgemini/Documents/GitHub/DC2TPR-MVP/DC2TPR-MVP/Assets/Scripts/StageTextManipulator.cs" />
      </Files>
      <Classes>
        <Class>
          <Summary numSequencePoints="11" visitedSequencePoints="8" numBranchPoints="0" visitedBranchPoints="0" sequenceCoverage="72.73" branchCoverage="0.0" maxCyclomaticComplexity="0" minCyclomaticComplexity="0" maxCrapScore="0" minCrapScore="0" visitedClasses="1" numClasses="1" visitedMethods="2" numMethods="2" />
          <FullName>ArmorBar</FullName>
          <Methods>
            <Method visited="true" cyclomaticComplexity="0" nPathComplexity="0" sequenceCoverage="57.14" branchCoverage="0" crapScore="0" isConstructor="false" isStatic="false" isGetter="false" isSetter="false">
              <Summary numSequencePoints="7" visitedSequencePoints="4" numBranchPoints="0" visitedBranchPoints="0" sequenceCoverage="57.14" branchCoverage="0" maxCyclomaticComplexity="0" minCyclomaticComplexity="0" maxCrapScore="0" minCrapScore="0" visitedClasses="0" numClasses="0" visitedMethods="1" numMethods="1" />
              <MetadataToken>100663297</MetadataToken>
              <Name>System.Void ArmorBar::setArmor(System.Int32)</Name>
              <FileRef uid="2" />
              <SequencePoints>
                <SequencePoint vc="2" uspid="3557" ordinal="0" offset="0" sl="37" sc="5" el="37" ec="5" bec="0" bev="0" fileid="2" />
                <SequencePoint vc="2" uspid="3558" ordinal="0" offset="1" sl="38" sc="9" el="38" ec="9" bec="0" bev="0" fileid="2" />
                <SequencePoint vc="2" uspid="3559" ordinal="0" offset="15" sl="39" sc="9" el="39" ec="9" bec="0" bev="0" fileid="2" />
                <SequencePoint vc="0" uspid="3560" ordinal="0" offset="43" sl="40" sc="9" el="40" ec="9" bec="0" bev="0" fileid="2" />
                <SequencePoint vc="0" uspid="3561" ordinal="0" offset="44" sl="41" sc="13" el="41" ec="13" bec="0" bev="0" fileid="2" />
                <SequencePoint vc="0" uspid="3562" ordinal="0" offset="67" sl="42" sc="9" el="42" ec="9" bec="0" bev="0" fileid="2" />
                <SequencePoint vc="2" uspid="3563" ordinal="0" offset="68" sl="43" sc="5" el="43" ec="5" bec="0" bev="0" fileid="2" />
              </SequencePoints>
              <BranchPoints />
            </Method>
            <Method visited="true" cyclomaticComplexity="0" nPathComplexity="0" sequenceCoverage="100.0" branchCoverage="0" crapScore="0" isConstructor="false" isStatic="false" isGetter="false" isSetter="false">
              <Summary numSequencePoints="4" visitedSequencePoints="4" numBranchPoints="0" visitedBranchPoints="0" sequenceCoverage="100.0" branchCoverage="0" maxCyclomaticComplexity="0" minCyclomaticComplexity="0" maxCrapScore="0" minCrapScore="0" visitedClasses="0" numClasses="0" visitedMethods="1" numMethods="1" />
              <MetadataToken>100663298</MetadataToken>
              <Name>System.Void ArmorBar::setMaxArmor(System.Int32)</Name>
              <FileRef uid="2" />
              <SequencePoints>
                <SequencePoint vc="3" uspid="3564" ordinal="0" offset="0" sl="56" sc="5" el="56" ec="5" bec="0" bev="0" fileid="2" />
                <SequencePoint vc="3" uspid="3565" ordinal="0" offset="1" sl="57" sc="9" el="57" ec="9" bec="0" bev="0" fileid="2" />
                <SequencePoint vc="3" uspid="3566" ordinal="0" offset="15" sl="58" sc="9" el="58" ec="9" bec="0" bev="0" fileid="2" />
                <SequencePoint vc="3" uspid="3567" ordinal="0" offset="29" sl="59" sc="5" el="59" ec="5" bec="0" bev="0" fileid="2" />
              </SequencePoints>
              <BranchPoints />
            </Method>
          </Methods>
        </Class>
        <Class>
          <Summary numSequencePoints="8" visitedSequencePoints="8" numBranchPoints="0" visitedBranchPoints="0" sequenceCoverage="100.0" branchCoverage="0.0" maxCyclomaticComplexity="0" minCyclomaticComplexity="0" maxCrapScore="0" minCrapScore="0" visitedClasses="1" numClasses="1" visitedMethods="2" numMethods="2" />
          <FullName>Camera</FullName>
          <Methods>
            <Method visited="true" cyclomaticComplexity="0" nPathComplexity="0" sequenceCoverage="100.0" branchCoverage="0" crapScore="0" isConstructor="false" isStatic="false" isGetter="false" isSetter="false">
              <Summary numSequencePoints="7" visitedSequencePoints="7" numBranchPoints="0" visitedBranchPoints="0" sequenceCoverage="100.0" branchCoverage="0" maxCyclomaticComplexity="0" minCyclomaticComplexity="0" maxCrapScore="0" minCrapScore="0" visitedClasses="0" numClasses="0" visitedMethods="1" numMethods="1" />
              <MetadataToken>100663304</MetadataToken>
              <Name>System.Void Camera::Update()</Name>
              <FileRef uid="3" />
              <SequencePoints>
                <SequencePoint vc="1" uspid="3568" ordinal="0" offset="0" sl="37" sc="5" el="37" ec="5" bec="0" bev="0" fileid="3" />
                <SequencePoint vc="1" uspid="3569" ordinal="0" offset="1" sl="38" sc="9" el="38" ec="9" bec="0" bev="0" fileid="3" />
                <SequencePoint vc="1" uspid="3570" ordinal="0" offset="12" sl="39" sc="9" el="39" ec="9" bec="0" bev="0" fileid="3" />
                <SequencePoint vc="1" uspid="3571" ordinal="0" offset="23" sl="41" sc="9" el="41" ec="9" bec="0" bev="0" fileid="3" />
                <SequencePoint vc="1" uspid="3572" ordinal="0" offset="37" sl="42" sc="9" el="42" ec="9" bec="0" bev="0" fileid="3" />
                <SequencePoint vc="1" uspid="3573" ordinal="0" offset="66" sl="43" sc="9" el="43" ec="9" bec="0" bev="0" fileid="3" />
                <SequencePoint vc="1" uspid="3574" ordinal="0" offset="90" sl="44" sc="5" el="44" ec="5" bec="0" bev="0" fileid="3" />
              </SequencePoints>
              <BranchPoints />
            </Method>
            <Method visited="true" cyclomaticComplexity="0" nPathComplexity="0" sequenceCoverage="100.0" branchCoverage="0" crapScore="0" isConstructor="true" isStatic="false" isGetter="false" isSetter="false">
              <Summary numSequencePoints="1" visitedSequencePoints="1" numBranchPoints="0" visitedBranchPoints="0" sequenceCoverage="100.0" branchCoverage="0" maxCyclomaticComplexity="0" minCyclomaticComplexity="0" maxCrapScore="0" minCrapScore="0" visitedClasses="0" numClasses="0" visitedMethods="1" numMethods="1" />
              <MetadataToken>100663305</MetadataToken>
              <Name>Camera::Camera()</Name>
              <FileRef uid="3" />
              <SequencePoints>
                <SequencePoint vc="17" uspid="3575" ordinal="0" offset="0" sl="20" sc="5" el="20" ec="5" bec="0" bev="0" fileid="3" />
              </SequencePoints>
              <BranchPoints />
            </Method>
          </Methods>
        </Class>
        <Class>
          <Summary numSequencePoints="38" visitedSequencePoints="27" numBranchPoints="0" visitedBranchPoints="0" sequenceCoverage="71.05" branchCoverage="0.0" maxCyclomaticComplexity="0" minCyclomaticComplexity="0" maxCrapScore="0" minCrapScore="0" visitedClasses="1" numClasses="1" visitedMethods="3" numMethods="3" />
          <FullName>Card</FullName>
          <Methods>
            <Method visited="true" cyclomaticComplexity="0" nPathComplexity="0" sequenceCoverage="85.71" branchCoverage="0" crapScore="0" isConstructor="false" isStatic="false" isGetter="false" isSetter="false">
              <Summary numSequencePoints="7" visitedSequencePoints="6" numBranchPoints="0" visitedBranchPoints="0" sequenceCoverage="85.71" branchCoverage="0" maxCyclomaticComplexity="0" minCyclomaticComplexity="0" maxCrapScore="0" minCrapScore="0" visitedClasses="0" numClasses="0" visitedMethods="1" numMethods="1" />
              <MetadataToken>100663306</MetadataToken>
              <Name>System.Void Card::Start()</Name>
              <FileRef uid="4" />
              <SequencePoints>
                <SequencePoint vc="1" uspid="3576" ordinal="0" offset="0" sl="65" sc="5" el="65" ec="5" bec="0" bev="0" fileid="4" />
                <SequencePoint vc="1" uspid="3577" ordinal="0" offset="1" sl="66" sc="9" el="66" ec="9" bec="0" bev="0" fileid="4" />
                <SequencePoint vc="1" uspid="3578" ordinal="0" offset="8" sl="67" sc="9" el="67" ec="9" bec="0" bev="0" fileid="4" />
                <SequencePoint vc="1" uspid="3579" ordinal="0" offset="19" sl="68" sc="9" el="68" ec="9" bec="0" bev="0" fileid="4" />
                <SequencePoint vc="1" uspid="3580" ordinal="0" offset="30" sl="69" sc="9" el="69" ec="9" bec="0" bev="0" fileid="4" />
                <SequencePoint vc="1" uspid="3581" ordinal="0" offset="37" sl="70" sc="9" el="70" ec="9" bec="0" bev="0" fileid="4" />
                <SequencePoint vc="0" uspid="3582" ordinal="0" offset="54" sl="71" sc="5" el="71" ec="5" bec="0" bev="0" fileid="4" />
              </SequencePoints>
              <BranchPoints />
            </Method>
            <Method visited="true" cyclomaticComplexity="0" nPathComplexity="0" sequenceCoverage="44.44" branchCoverage="0" crapScore="0" isConstructor="false" isStatic="false" isGetter="false" isSetter="false">
              <Summary numSequencePoints="18" visitedSequencePoints="8" numBranchPoints="0" visitedBranchPoints="0" sequenceCoverage="44.44" branchCoverage="0" maxCyclomaticComplexity="0" minCyclomaticComplexity="0" maxCrapScore="0" minCrapScore="0" visitedClasses="0" numClasses="0" visitedMethods="1" numMethods="1" />
              <MetadataToken>100663312</MetadataToken>
              <Name>System.Void Card::assignCardUI()</Name>
              <FileRef uid="4" />
              <SequencePoints>
                <SequencePoint vc="1" uspid="3625" ordinal="0" offset="0" sl="205" sc="5" el="205" ec="5" bec="0" bev="0" fileid="4" />
                <SequencePoint vc="1" uspid="3626" ordinal="0" offset="1" sl="207" sc="9" el="207" ec="9" bec="0" bev="0" fileid="4" />
                <SequencePoint vc="1" uspid="3627" ordinal="0" offset="2013" sl="358" sc="9" el="358" ec="9" bec="0" bev="0" fileid="4" />
                <SequencePoint vc="1" uspid="3628" ordinal="0" offset="2024" sl="359" sc="9" el="359" ec="9" bec="0" bev="0" fileid="4" />
                <SequencePoint vc="1" uspid="3629" ordinal="0" offset="2051" sl="361" sc="9" el="361" ec="9" bec="0" bev="0" fileid="4" />
                <SequencePoint vc="1" uspid="3630" ordinal="0" offset="2052" sl="361" sc="37" el="361" ec="37" bec="0" bev="0" fileid="4" />
                <SequencePoint vc="0" uspid="3631" ordinal="0" offset="2059" sl="361" sc="18" el="361" ec="18" bec="0" bev="0" fileid="4" />
                <SequencePoint vc="0" uspid="3632" ordinal="0" offset="2065" sl="362" sc="9" el="362" ec="9" bec="0" bev="0" fileid="4" />
                <SequencePoint vc="0" uspid="3633" ordinal="0" offset="2066" sl="363" sc="13" el="363" ec="13" bec="0" bev="0" fileid="4" />
                <SequencePoint vc="0" uspid="3634" ordinal="0" offset="2075" sl="364" sc="13" el="364" ec="13" bec="0" bev="0" fileid="4" />
                <SequencePoint vc="0" uspid="3635" ordinal="0" offset="2106" sl="365" sc="13" el="365" ec="13" bec="0" bev="0" fileid="4" />
                <SequencePoint vc="0" uspid="3636" ordinal="0" offset="2107" sl="367" sc="17" el="367" ec="17" bec="0" bev="0" fileid="4" />
                <SequencePoint vc="0" uspid="3637" ordinal="0" offset="2116" sl="368" sc="17" el="368" ec="17" bec="0" bev="0" fileid="4" />
                <SequencePoint vc="0" uspid="3638" ordinal="0" offset="2146" sl="369" sc="17" el="369" ec="17" bec="0" bev="0" fileid="4" />
                <SequencePoint vc="0" uspid="3639" ordinal="0" offset="2156" sl="370" sc="13" el="370" ec="13" bec="0" bev="0" fileid="4" />
                <SequencePoint vc="0" uspid="3640" ordinal="0" offset="2157" sl="371" sc="9" el="371" ec="9" bec="0" bev="0" fileid="4" />
                <SequencePoint vc="1" uspid="3641" ordinal="0" offset="2164" sl="361" sc="34" el="361" ec="34" bec="0" bev="0" fileid="4" />
                <SequencePoint vc="1" uspid="3642" ordinal="0" offset="2171" sl="372" sc="5" el="372" ec="5" bec="0" bev="0" fileid="4" />
              </SequencePoints>
              <BranchPoints />
            </Method>
            <Method visited="true" cyclomaticComplexity="0" nPathComplexity="0" sequenceCoverage="100.0" branchCoverage="0" crapScore="0" isConstructor="true" isStatic="false" isGetter="false" isSetter="false">
              <Summary numSequencePoints="13" visitedSequencePoints="13" numBranchPoints="0" visitedBranchPoints="0" sequenceCoverage="100.0" branchCoverage="0" maxCyclomaticComplexity="0" minCyclomaticComplexity="0" maxCrapScore="0" minCrapScore="0" visitedClasses="0" numClasses="0" visitedMethods="1" numMethods="1" />
              <MetadataToken>100663307</MetadataToken>
              <Name>Card::Card(System.String, System.Int32, System.Boolean, System.Int32, System.Int32, System.Int32, System.Int32, System.Boolean, System.Int32, System.Int32)</Name>
              <FileRef uid="4" />
              <SequencePoints>
                <SequencePoint vc="7402" uspid="3643" ordinal="0" offset="0" sl="83" sc="5" el="83" ec="5" bec="0" bev="0" fileid="4" />
                <SequencePoint vc="7402" uspid="3644" ordinal="0" offset="7" sl="94" sc="5" el="94" ec="5" bec="0" bev="0" fileid="4" />
                <SequencePoint vc="7402" uspid="3645" ordinal="0" offset="8" sl="95" sc="9" el="95" ec="9" bec="0" bev="0" fileid="4" />
                <SequencePoint vc="7402" uspid="3646" ordinal="0" offset="15" sl="96" sc="9" el="96" ec="9" bec="0" bev="0" fileid="4" />
                <SequencePoint vc="7402" uspid="3647" ordinal="0" offset="22" sl="97" sc="9" el="97" ec="9" bec="0" bev="0" fileid="4" />
                <SequencePoint vc="7402" uspid="3648" ordinal="0" offset="29" sl="98" sc="9" el="98" ec="9" bec="0" bev="0" fileid="4" />
                <SequencePoint vc="7402" uspid="3649" ordinal="0" offset="37" sl="99" sc="9" el="99" ec="9" bec="0" bev="0" fileid="4" />
                <SequencePoint vc="7402" uspid="3650" ordinal="0" offset="45" sl="100" sc="9" el="100" ec="9" bec="0" bev="0" fileid="4" />
                <SequencePoint vc="7402" uspid="3651" ordinal="0" offset="53" sl="101" sc="9" el="101" ec="9" bec="0" bev="0" fileid="4" />
                <SequencePoint vc="7402" uspid="3652" ordinal="0" offset="61" sl="102" sc="9" el="102" ec="9" bec="0" bev="0" fileid="4" />
                <SequencePoint vc="7402" uspid="3653" ordinal="0" offset="69" sl="103" sc="9" el="103" ec="9" bec="0" bev="0" fileid="4" />
                <SequencePoint vc="7402" uspid="3654" ordinal="0" offset="77" sl="104" sc="9" el="104" ec="9" bec="0" bev="0" fileid="4" />
                <SequencePoint vc="7402" uspid="3655" ordinal="0" offset="85" sl="105" sc="5" el="105" ec="5" bec="0" bev="0" fileid="4" />
              </SequencePoints>
              <BranchPoints />
            </Method>
          </Methods>
        </Class>
        <Class>
          <Summary numSequencePoints="215" visitedSequencePoints="209" numBranchPoints="0" visitedBranchPoints="0" sequenceCoverage="97.21" branchCoverage="0.0" maxCyclomaticComplexity="0" minCyclomaticComplexity="0" maxCrapScore="0" minCrapScore="0" visitedClasses="1" numClasses="1" visitedMethods="4" numMethods="4" />
          <FullName>Enemies</FullName>
          <Methods>
            <Method visited="true" cyclomaticComplexity="0" nPathComplexity="0" sequenceCoverage="100.0" branchCoverage="0" crapScore="0" isConstructor="false" isStatic="false" isGetter="false" isSetter="false">
              <Summary numSequencePoints="33" visitedSequencePoints="33" numBranchPoints="0" visitedBranchPoints="0" sequenceCoverage="100.0" branchCoverage="0" maxCyclomaticComplexity="0" minCyclomaticComplexity="0" maxCrapScore="0" minCrapScore="0" visitedClasses="0" numClasses="0" visitedMethods="1" numMethods="1" />
              <MetadataToken>100663331</MetadataToken>
              <Name>System.Void Enemies::createStageEnemies()</Name>
              <FileRef uid="5" />
              <SequencePoints>
                <SequencePoint vc="58" uspid="3656" ordinal="0" offset="0" sl="50" sc="5" el="50" ec="5" bec="0" bev="0" fileid="5" />
                <SequencePoint vc="58" uspid="3657" ordinal="0" offset="1" sl="51" sc="9" el="51" ec="9" bec="0" bev="0" fileid="5" />
                <SequencePoint vc="58" uspid="3658" ordinal="0" offset="35" sl="52" sc="9" el="52" ec="9" bec="0" bev="0" fileid="5" />
                <SequencePoint vc="58" uspid="3659" ordinal="0" offset="69" sl="53" sc="9" el="53" ec="9" bec="0" bev="0" fileid="5" />
                <SequencePoint vc="58" uspid="3660" ordinal="0" offset="103" sl="54" sc="9" el="54" ec="9" bec="0" bev="0" fileid="5" />
                <SequencePoint vc="58" uspid="3661" ordinal="0" offset="137" sl="55" sc="9" el="55" ec="9" bec="0" bev="0" fileid="5" />
                <SequencePoint vc="58" uspid="3662" ordinal="0" offset="171" sl="56" sc="9" el="56" ec="9" bec="0" bev="0" fileid="5" />
                <SequencePoint vc="58" uspid="3663" ordinal="0" offset="205" sl="57" sc="9" el="57" ec="9" bec="0" bev="0" fileid="5" />
                <SequencePoint vc="58" uspid="3664" ordinal="0" offset="239" sl="59" sc="9" el="59" ec="9" bec="0" bev="0" fileid="5" />
                <SequencePoint vc="58" uspid="3665" ordinal="0" offset="273" sl="60" sc="9" el="60" ec="9" bec="0" bev="0" fileid="5" />
                <SequencePoint vc="58" uspid="3666" ordinal="0" offset="307" sl="61" sc="9" el="61" ec="9" bec="0" bev="0" fileid="5" />
                <SequencePoint vc="58" uspid="3667" ordinal="0" offset="342" sl="62" sc="9" el="62" ec="9" bec="0" bev="0" fileid="5" />
                <SequencePoint vc="58" uspid="3668" ordinal="0" offset="377" sl="63" sc="9" el="63" ec="9" bec="0" bev="0" fileid="5" />
                <SequencePoint vc="58" uspid="3669" ordinal="0" offset="412" sl="64" sc="9" el="64" ec="9" bec="0" bev="0" fileid="5" />
                <SequencePoint vc="58" uspid="3670" ordinal="0" offset="447" sl="65" sc="9" el="65" ec="9" bec="0" bev="0" fileid="5" />
                <SequencePoint vc="58" uspid="3671" ordinal="0" offset="482" sl="68" sc="9" el="68" ec="9" bec="0" bev="0" fileid="5" />
                <SequencePoint vc="58" uspid="3672" ordinal="0" offset="517" sl="69" sc="9" el="69" ec="9" bec="0" bev="0" fileid="5" />
                <SequencePoint vc="58" uspid="3673" ordinal="0" offset="552" sl="70" sc="9" el="70" ec="9" bec="0" bev="0" fileid="5" />
                <SequencePoint vc="58" uspid="3674" ordinal="0" offset="587" sl="71" sc="9" el="71" ec="9" bec="0" bev="0" fileid="5" />
                <SequencePoint vc="58" uspid="3675" ordinal="0" offset="622" sl="72" sc="9" el="72" ec="9" bec="0" bev="0" fileid="5" />
                <SequencePoint vc="58" uspid="3676" ordinal="0" offset="657" sl="73" sc="9" el="73" ec="9" bec="0" bev="0" fileid="5" />
                <SequencePoint vc="58" uspid="3677" ordinal="0" offset="692" sl="74" sc="9" el="74" ec="9" bec="0" bev="0" fileid="5" />
                <SequencePoint vc="58" uspid="3678" ordinal="0" offset="727" sl="77" sc="9" el="77" ec="9" bec="0" bev="0" fileid="5" />
                <SequencePoint vc="58" uspid="3679" ordinal="0" offset="762" sl="78" sc="9" el="78" ec="9" bec="0" bev="0" fileid="5" />
                <SequencePoint vc="58" uspid="3680" ordinal="0" offset="797" sl="79" sc="9" el="79" ec="9" bec="0" bev="0" fileid="5" />
                <SequencePoint vc="58" uspid="3681" ordinal="0" offset="832" sl="80" sc="9" el="80" ec="9" bec="0" bev="0" fileid="5" />
                <SequencePoint vc="58" uspid="3682" ordinal="0" offset="867" sl="81" sc="9" el="81" ec="9" bec="0" bev="0" fileid="5" />
                <SequencePoint vc="58" uspid="3683" ordinal="0" offset="902" sl="82" sc="9" el="82" ec="9" bec="0" bev="0" fileid="5" />
                <SequencePoint vc="58" uspid="3684" ordinal="0" offset="937" sl="83" sc="9" el="83" ec="9" bec="0" bev="0" fileid="5" />
                <SequencePoint vc="58" uspid="3685" ordinal="0" offset="972" sl="86" sc="9" el="86" ec="9" bec="0" bev="0" fileid="5" />
                <SequencePoint vc="58" uspid="3686" ordinal="0" offset="1006" sl="87" sc="9" el="87" ec="9" bec="0" bev="0" fileid="5" />
                <SequencePoint vc="58" uspid="3687" ordinal="0" offset="1041" sl="88" sc="9" el="88" ec="9" bec="0" bev="0" fileid="5" />
                <SequencePoint vc="58" uspid="3688" ordinal="0" offset="1076" sl="89" sc="5" el="89" ec="5" bec="0" bev="0" fileid="5" />
              </SequencePoints>
              <BranchPoints />
            </Method>
            <Method visited="true" cyclomaticComplexity="0" nPathComplexity="0" sequenceCoverage="94.12" branchCoverage="0" crapScore="0" isConstructor="false" isStatic="false" isGetter="false" isSetter="false">
              <Summary numSequencePoints="17" visitedSequencePoints="16" numBranchPoints="0" visitedBranchPoints="0" sequenceCoverage="94.12" branchCoverage="0" maxCyclomaticComplexity="0" minCyclomaticComplexity="0" maxCrapScore="0" minCrapScore="0" visitedClasses="0" numClasses="0" visitedMethods="1" numMethods="1" />
              <MetadataToken>100663332</MetadataToken>
              <Name>Enemy Enemies::selectEnemy(System.Int32, System.Int32)</Name>
              <FileRef uid="5" />
              <SequencePoints>
                <SequencePoint vc="57" uspid="3689" ordinal="0" offset="0" sl="109" sc="70" el="109" ec="70" bec="0" bev="0" fileid="5" />
                <SequencePoint vc="57" uspid="3690" ordinal="0" offset="1" sl="110" sc="9" el="110" ec="9" bec="0" bev="0" fileid="5" />
                <SequencePoint vc="57" uspid="3691" ordinal="0" offset="8" sl="111" sc="9" el="111" ec="9" bec="0" bev="0" fileid="5" />
                <SequencePoint vc="57" uspid="3692" ordinal="0" offset="10" sl="112" sc="9" el="112" ec="9" bec="0" bev="0" fileid="5" />
                <SequencePoint vc="1483" uspid="3693" ordinal="0" offset="14" sl="113" sc="32" el="113" ec="32" bec="0" bev="0" fileid="5" />
                <SequencePoint vc="1483" uspid="3694" ordinal="0" offset="15" sl="114" sc="13" el="114" ec="13" bec="0" bev="0" fileid="5" />
                <SequencePoint vc="1483" uspid="3695" ordinal="0" offset="24" sl="115" sc="13" el="115" ec="13" bec="0" bev="0" fileid="5" />
                <SequencePoint vc="632" uspid="3696" ordinal="0" offset="48" sl="115" sc="74" el="115" ec="74" bec="0" bev="0" fileid="5" />
                <SequencePoint vc="632" uspid="3697" ordinal="0" offset="49" sl="116" sc="17" el="116" ec="17" bec="0" bev="0" fileid="5" />
                <SequencePoint vc="57" uspid="3698" ordinal="0" offset="73" sl="116" sc="69" el="116" ec="69" bec="0" bev="0" fileid="5" />
                <SequencePoint vc="57" uspid="3699" ordinal="0" offset="74" sl="117" sc="21" el="117" ec="21" bec="0" bev="0" fileid="5" />
                <SequencePoint vc="57" uspid="3700" ordinal="0" offset="76" sl="118" sc="21" el="118" ec="21" bec="0" bev="0" fileid="5" />
                <SequencePoint vc="575" uspid="3701" ordinal="0" offset="92" sl="120" sc="13" el="120" ec="13" bec="0" bev="0" fileid="5" />
                <SequencePoint vc="1426" uspid="3702" ordinal="0" offset="93" sl="121" sc="9" el="121" ec="9" bec="0" bev="0" fileid="5" />
                <SequencePoint vc="1483" uspid="3703" ordinal="0" offset="94" sl="113" sc="9" el="113" ec="9" bec="0" bev="0" fileid="5" />
                <SequencePoint vc="0" uspid="3704" ordinal="0" offset="104" sl="122" sc="9" el="122" ec="9" bec="0" bev="0" fileid="5" />
                <SequencePoint vc="57" uspid="3705" ordinal="0" offset="109" sl="123" sc="5" el="123" ec="5" bec="0" bev="0" fileid="5" />
              </SequencePoints>
              <BranchPoints />
            </Method>
            <Method visited="true" cyclomaticComplexity="0" nPathComplexity="0" sequenceCoverage="96.95" branchCoverage="0" crapScore="0" isConstructor="false" isStatic="false" isGetter="false" isSetter="false">
              <Summary numSequencePoints="164" visitedSequencePoints="159" numBranchPoints="0" visitedBranchPoints="0" sequenceCoverage="96.95" branchCoverage="0" maxCyclomaticComplexity="0" minCyclomaticComplexity="0" maxCrapScore="0" minCrapScore="0" visitedClasses="0" numClasses="0" visitedMethods="1" numMethods="1" />
              <MetadataToken>100663333</MetadataToken>
              <Name>System.Collections.Generic.List[Card] Enemies::assignStartingEnemyCards(System.Int32)</Name>
              <FileRef uid="5" />
              <SequencePoints>
                <SequencePoint vc="1802" uspid="3706" ordinal="0" offset="0" sl="137" sc="5" el="137" ec="5" bec="0" bev="0" fileid="5" />
                <SequencePoint vc="1802" uspid="3707" ordinal="0" offset="1" sl="138" sc="9" el="138" ec="9" bec="0" bev="0" fileid="5" />
                <SequencePoint vc="1802" uspid="3708" ordinal="0" offset="7" sl="139" sc="9" el="139" ec="9" bec="0" bev="0" fileid="5" />
                <SequencePoint vc="62" uspid="3709" ordinal="0" offset="146" sl="145" sc="17" el="145" ec="17" bec="0" bev="0" fileid="5" />
                <SequencePoint vc="62" uspid="3710" ordinal="0" offset="173" sl="147" sc="17" el="147" ec="17" bec="0" bev="0" fileid="5" />
                <SequencePoint vc="62" uspid="3711" ordinal="0" offset="199" sl="149" sc="17" el="149" ec="17" bec="0" bev="0" fileid="5" />
                <SequencePoint vc="62" uspid="3712" ordinal="0" offset="226" sl="151" sc="17" el="151" ec="17" bec="0" bev="0" fileid="5" />
                <SequencePoint vc="62" uspid="3713" ordinal="0" offset="252" sl="152" sc="17" el="152" ec="17" bec="0" bev="0" fileid="5" />
                <SequencePoint vc="58" uspid="3714" ordinal="0" offset="259" sl="156" sc="17" el="156" ec="17" bec="0" bev="0" fileid="5" />
                <SequencePoint vc="58" uspid="3715" ordinal="0" offset="286" sl="158" sc="17" el="158" ec="17" bec="0" bev="0" fileid="5" />
                <SequencePoint vc="58" uspid="3716" ordinal="0" offset="312" sl="160" sc="17" el="160" ec="17" bec="0" bev="0" fileid="5" />
                <SequencePoint vc="58" uspid="3717" ordinal="0" offset="338" sl="162" sc="17" el="162" ec="17" bec="0" bev="0" fileid="5" />
                <SequencePoint vc="58" uspid="3718" ordinal="0" offset="364" sl="163" sc="17" el="163" ec="17" bec="0" bev="0" fileid="5" />
                <SequencePoint vc="58" uspid="3719" ordinal="0" offset="371" sl="167" sc="17" el="167" ec="17" bec="0" bev="0" fileid="5" />
                <SequencePoint vc="58" uspid="3720" ordinal="0" offset="397" sl="169" sc="17" el="169" ec="17" bec="0" bev="0" fileid="5" />
                <SequencePoint vc="58" uspid="3721" ordinal="0" offset="424" sl="171" sc="17" el="171" ec="17" bec="0" bev="0" fileid="5" />
                <SequencePoint vc="58" uspid="3722" ordinal="0" offset="451" sl="173" sc="17" el="173" ec="17" bec="0" bev="0" fileid="5" />
                <SequencePoint vc="58" uspid="3723" ordinal="0" offset="477" sl="174" sc="17" el="174" ec="17" bec="0" bev="0" fileid="5" />
                <SequencePoint vc="58" uspid="3724" ordinal="0" offset="484" sl="178" sc="17" el="178" ec="17" bec="0" bev="0" fileid="5" />
                <SequencePoint vc="58" uspid="3725" ordinal="0" offset="510" sl="180" sc="17" el="180" ec="17" bec="0" bev="0" fileid="5" />
                <SequencePoint vc="58" uspid="3726" ordinal="0" offset="536" sl="182" sc="17" el="182" ec="17" bec="0" bev="0" fileid="5" />
                <SequencePoint vc="58" uspid="3727" ordinal="0" offset="562" sl="184" sc="17" el="184" ec="17" bec="0" bev="0" fileid="5" />
                <SequencePoint vc="58" uspid="3728" ordinal="0" offset="588" sl="185" sc="17" el="185" ec="17" bec="0" bev="0" fileid="5" />
                <SequencePoint vc="58" uspid="3729" ordinal="0" offset="595" sl="189" sc="17" el="189" ec="17" bec="0" bev="0" fileid="5" />
                <SequencePoint vc="58" uspid="3730" ordinal="0" offset="622" sl="191" sc="17" el="191" ec="17" bec="0" bev="0" fileid="5" />
                <SequencePoint vc="58" uspid="3731" ordinal="0" offset="649" sl="193" sc="17" el="193" ec="17" bec="0" bev="0" fileid="5" />
                <SequencePoint vc="58" uspid="3732" ordinal="0" offset="676" sl="195" sc="17" el="195" ec="17" bec="0" bev="0" fileid="5" />
                <SequencePoint vc="58" uspid="3733" ordinal="0" offset="702" sl="196" sc="17" el="196" ec="17" bec="0" bev="0" fileid="5" />
                <SequencePoint vc="58" uspid="3734" ordinal="0" offset="709" sl="200" sc="17" el="200" ec="17" bec="0" bev="0" fileid="5" />
                <SequencePoint vc="58" uspid="3735" ordinal="0" offset="736" sl="202" sc="17" el="202" ec="17" bec="0" bev="0" fileid="5" />
                <SequencePoint vc="58" uspid="3736" ordinal="0" offset="763" sl="204" sc="17" el="204" ec="17" bec="0" bev="0" fileid="5" />
                <SequencePoint vc="58" uspid="3737" ordinal="0" offset="790" sl="206" sc="17" el="206" ec="17" bec="0" bev="0" fileid="5" />
                <SequencePoint vc="58" uspid="3738" ordinal="0" offset="817" sl="207" sc="17" el="207" ec="17" bec="0" bev="0" fileid="5" />
                <SequencePoint vc="58" uspid="3739" ordinal="0" offset="824" sl="211" sc="17" el="211" ec="17" bec="0" bev="0" fileid="5" />
                <SequencePoint vc="58" uspid="3740" ordinal="0" offset="851" sl="213" sc="17" el="213" ec="17" bec="0" bev="0" fileid="5" />
                <SequencePoint vc="58" uspid="3741" ordinal="0" offset="878" sl="215" sc="17" el="215" ec="17" bec="0" bev="0" fileid="5" />
                <SequencePoint vc="58" uspid="3742" ordinal="0" offset="904" sl="217" sc="17" el="217" ec="17" bec="0" bev="0" fileid="5" />
                <SequencePoint vc="58" uspid="3743" ordinal="0" offset="931" sl="218" sc="17" el="218" ec="17" bec="0" bev="0" fileid="5" />
                <SequencePoint vc="58" uspid="3744" ordinal="0" offset="938" sl="224" sc="17" el="224" ec="17" bec="0" bev="0" fileid="5" />
                <SequencePoint vc="58" uspid="3745" ordinal="0" offset="965" sl="226" sc="17" el="226" ec="17" bec="0" bev="0" fileid="5" />
                <SequencePoint vc="58" uspid="3746" ordinal="0" offset="992" sl="228" sc="17" el="228" ec="17" bec="0" bev="0" fileid="5" />
                <SequencePoint vc="58" uspid="3747" ordinal="0" offset="1018" sl="230" sc="17" el="230" ec="17" bec="0" bev="0" fileid="5" />
                <SequencePoint vc="58" uspid="3748" ordinal="0" offset="1044" sl="231" sc="17" el="231" ec="17" bec="0" bev="0" fileid="5" />
                <SequencePoint vc="58" uspid="3749" ordinal="0" offset="1051" sl="235" sc="17" el="235" ec="17" bec="0" bev="0" fileid="5" />
                <SequencePoint vc="58" uspid="3750" ordinal="0" offset="1078" sl="237" sc="17" el="237" ec="17" bec="0" bev="0" fileid="5" />
                <SequencePoint vc="58" uspid="3751" ordinal="0" offset="1105" sl="239" sc="17" el="239" ec="17" bec="0" bev="0" fileid="5" />
                <SequencePoint vc="58" uspid="3752" ordinal="0" offset="1133" sl="241" sc="17" el="241" ec="17" bec="0" bev="0" fileid="5" />
                <SequencePoint vc="58" uspid="3753" ordinal="0" offset="1159" sl="242" sc="17" el="242" ec="17" bec="0" bev="0" fileid="5" />
                <SequencePoint vc="58" uspid="3754" ordinal="0" offset="1166" sl="246" sc="17" el="246" ec="17" bec="0" bev="0" fileid="5" />
                <SequencePoint vc="58" uspid="3755" ordinal="0" offset="1192" sl="248" sc="17" el="248" ec="17" bec="0" bev="0" fileid="5" />
                <SequencePoint vc="58" uspid="3756" ordinal="0" offset="1219" sl="250" sc="17" el="250" ec="17" bec="0" bev="0" fileid="5" />
                <SequencePoint vc="58" uspid="3757" ordinal="0" offset="1246" sl="252" sc="17" el="252" ec="17" bec="0" bev="0" fileid="5" />
                <SequencePoint vc="58" uspid="3758" ordinal="0" offset="1273" sl="253" sc="17" el="253" ec="17" bec="0" bev="0" fileid="5" />
                <SequencePoint vc="58" uspid="3759" ordinal="0" offset="1280" sl="257" sc="17" el="257" ec="17" bec="0" bev="0" fileid="5" />
                <SequencePoint vc="58" uspid="3760" ordinal="0" offset="1307" sl="259" sc="17" el="259" ec="17" bec="0" bev="0" fileid="5" />
                <SequencePoint vc="58" uspid="3761" ordinal="0" offset="1334" sl="261" sc="17" el="261" ec="17" bec="0" bev="0" fileid="5" />
                <SequencePoint vc="58" uspid="3762" ordinal="0" offset="1360" sl="263" sc="17" el="263" ec="17" bec="0" bev="0" fileid="5" />
                <SequencePoint vc="58" uspid="3763" ordinal="0" offset="1386" sl="264" sc="17" el="264" ec="17" bec="0" bev="0" fileid="5" />
                <SequencePoint vc="58" uspid="3764" ordinal="0" offset="1393" sl="268" sc="17" el="268" ec="17" bec="0" bev="0" fileid="5" />
                <SequencePoint vc="58" uspid="3765" ordinal="0" offset="1419" sl="270" sc="17" el="270" ec="17" bec="0" bev="0" fileid="5" />
                <SequencePoint vc="58" uspid="3766" ordinal="0" offset="1445" sl="272" sc="17" el="272" ec="17" bec="0" bev="0" fileid="5" />
                <SequencePoint vc="58" uspid="3767" ordinal="0" offset="1472" sl="274" sc="17" el="274" ec="17" bec="0" bev="0" fileid="5" />
                <SequencePoint vc="58" uspid="3768" ordinal="0" offset="1498" sl="275" sc="17" el="275" ec="17" bec="0" bev="0" fileid="5" />
                <SequencePoint vc="58" uspid="3769" ordinal="0" offset="1505" sl="279" sc="17" el="279" ec="17" bec="0" bev="0" fileid="5" />
                <SequencePoint vc="58" uspid="3770" ordinal="0" offset="1531" sl="281" sc="17" el="281" ec="17" bec="0" bev="0" fileid="5" />
                <SequencePoint vc="58" uspid="3771" ordinal="0" offset="1557" sl="283" sc="17" el="283" ec="17" bec="0" bev="0" fileid="5" />
                <SequencePoint vc="58" uspid="3772" ordinal="0" offset="1584" sl="285" sc="17" el="285" ec="17" bec="0" bev="0" fileid="5" />
                <SequencePoint vc="58" uspid="3773" ordinal="0" offset="1610" sl="286" sc="17" el="286" ec="17" bec="0" bev="0" fileid="5" />
                <SequencePoint vc="58" uspid="3774" ordinal="0" offset="1617" sl="290" sc="17" el="290" ec="17" bec="0" bev="0" fileid="5" />
                <SequencePoint vc="58" uspid="3775" ordinal="0" offset="1644" sl="292" sc="17" el="292" ec="17" bec="0" bev="0" fileid="5" />
                <SequencePoint vc="58" uspid="3776" ordinal="0" offset="1670" sl="294" sc="17" el="294" ec="17" bec="0" bev="0" fileid="5" />
                <SequencePoint vc="58" uspid="3777" ordinal="0" offset="1696" sl="296" sc="17" el="296" ec="17" bec="0" bev="0" fileid="5" />
                <SequencePoint vc="58" uspid="3778" ordinal="0" offset="1723" sl="297" sc="17" el="297" ec="17" bec="0" bev="0" fileid="5" />
                <SequencePoint vc="58" uspid="3779" ordinal="0" offset="1730" sl="303" sc="17" el="303" ec="17" bec="0" bev="0" fileid="5" />
                <SequencePoint vc="58" uspid="3780" ordinal="0" offset="1756" sl="305" sc="17" el="305" ec="17" bec="0" bev="0" fileid="5" />
                <SequencePoint vc="58" uspid="3781" ordinal="0" offset="1782" sl="307" sc="17" el="307" ec="17" bec="0" bev="0" fileid="5" />
                <SequencePoint vc="58" uspid="3782" ordinal="0" offset="1808" sl="309" sc="17" el="309" ec="17" bec="0" bev="0" fileid="5" />
                <SequencePoint vc="58" uspid="3783" ordinal="0" offset="1834" sl="310" sc="17" el="310" ec="17" bec="0" bev="0" fileid="5" />
                <SequencePoint vc="58" uspid="3784" ordinal="0" offset="1841" sl="314" sc="17" el="314" ec="17" bec="0" bev="0" fileid="5" />
                <SequencePoint vc="58" uspid="3785" ordinal="0" offset="1867" sl="316" sc="17" el="316" ec="17" bec="0" bev="0" fileid="5" />
                <SequencePoint vc="58" uspid="3786" ordinal="0" offset="1894" sl="318" sc="17" el="318" ec="17" bec="0" bev="0" fileid="5" />
                <SequencePoint vc="58" uspid="3787" ordinal="0" offset="1921" sl="320" sc="17" el="320" ec="17" bec="0" bev="0" fileid="5" />
                <SequencePoint vc="58" uspid="3788" ordinal="0" offset="1947" sl="321" sc="17" el="321" ec="17" bec="0" bev="0" fileid="5" />
                <SequencePoint vc="58" uspid="3789" ordinal="0" offset="1954" sl="325" sc="17" el="325" ec="17" bec="0" bev="0" fileid="5" />
                <SequencePoint vc="58" uspid="3790" ordinal="0" offset="1980" sl="327" sc="17" el="327" ec="17" bec="0" bev="0" fileid="5" />
                <SequencePoint vc="58" uspid="3791" ordinal="0" offset="2006" sl="329" sc="17" el="329" ec="17" bec="0" bev="0" fileid="5" />
                <SequencePoint vc="58" uspid="3792" ordinal="0" offset="2033" sl="331" sc="17" el="331" ec="17" bec="0" bev="0" fileid="5" />
                <SequencePoint vc="58" uspid="3793" ordinal="0" offset="2060" sl="332" sc="17" el="332" ec="17" bec="0" bev="0" fileid="5" />
                <SequencePoint vc="58" uspid="3794" ordinal="0" offset="2067" sl="336" sc="17" el="336" ec="17" bec="0" bev="0" fileid="5" />
                <SequencePoint vc="58" uspid="3795" ordinal="0" offset="2093" sl="338" sc="17" el="338" ec="17" bec="0" bev="0" fileid="5" />
                <SequencePoint vc="58" uspid="3796" ordinal="0" offset="2119" sl="340" sc="17" el="340" ec="17" bec="0" bev="0" fileid="5" />
                <SequencePoint vc="58" uspid="3797" ordinal="0" offset="2146" sl="342" sc="17" el="342" ec="17" bec="0" bev="0" fileid="5" />
                <SequencePoint vc="58" uspid="3798" ordinal="0" offset="2172" sl="343" sc="17" el="343" ec="17" bec="0" bev="0" fileid="5" />
                <SequencePoint vc="58" uspid="3799" ordinal="0" offset="2179" sl="347" sc="17" el="347" ec="17" bec="0" bev="0" fileid="5" />
                <SequencePoint vc="58" uspid="3800" ordinal="0" offset="2206" sl="349" sc="17" el="349" ec="17" bec="0" bev="0" fileid="5" />
                <SequencePoint vc="58" uspid="3801" ordinal="0" offset="2233" sl="351" sc="17" el="351" ec="17" bec="0" bev="0" fileid="5" />
                <SequencePoint vc="58" uspid="3802" ordinal="0" offset="2259" sl="353" sc="17" el="353" ec="17" bec="0" bev="0" fileid="5" />
                <SequencePoint vc="58" uspid="3803" ordinal="0" offset="2285" sl="354" sc="17" el="354" ec="17" bec="0" bev="0" fileid="5" />
                <SequencePoint vc="58" uspid="3804" ordinal="0" offset="2292" sl="358" sc="17" el="358" ec="17" bec="0" bev="0" fileid="5" />
                <SequencePoint vc="58" uspid="3805" ordinal="0" offset="2319" sl="360" sc="17" el="360" ec="17" bec="0" bev="0" fileid="5" />
                <SequencePoint vc="58" uspid="3806" ordinal="0" offset="2346" sl="362" sc="17" el="362" ec="17" bec="0" bev="0" fileid="5" />
                <SequencePoint vc="58" uspid="3807" ordinal="0" offset="2373" sl="364" sc="17" el="364" ec="17" bec="0" bev="0" fileid="5" />
                <SequencePoint vc="58" uspid="3808" ordinal="0" offset="2400" sl="365" sc="17" el="365" ec="17" bec="0" bev="0" fileid="5" />
                <SequencePoint vc="58" uspid="3809" ordinal="0" offset="2407" sl="369" sc="17" el="369" ec="17" bec="0" bev="0" fileid="5" />
                <SequencePoint vc="58" uspid="3810" ordinal="0" offset="2433" sl="371" sc="17" el="371" ec="17" bec="0" bev="0" fileid="5" />
                <SequencePoint vc="58" uspid="3811" ordinal="0" offset="2459" sl="373" sc="17" el="373" ec="17" bec="0" bev="0" fileid="5" />
                <SequencePoint vc="58" uspid="3812" ordinal="0" offset="2486" sl="375" sc="17" el="375" ec="17" bec="0" bev="0" fileid="5" />
                <SequencePoint vc="58" uspid="3813" ordinal="0" offset="2513" sl="376" sc="17" el="376" ec="17" bec="0" bev="0" fileid="5" />
                <SequencePoint vc="58" uspid="3814" ordinal="0" offset="2520" sl="381" sc="17" el="381" ec="17" bec="0" bev="0" fileid="5" />
                <SequencePoint vc="58" uspid="3815" ordinal="0" offset="2546" sl="382" sc="17" el="382" ec="17" bec="0" bev="0" fileid="5" />
                <SequencePoint vc="58" uspid="3816" ordinal="0" offset="2572" sl="383" sc="17" el="383" ec="17" bec="0" bev="0" fileid="5" />
                <SequencePoint vc="58" uspid="3817" ordinal="0" offset="2599" sl="384" sc="17" el="384" ec="17" bec="0" bev="0" fileid="5" />
                <SequencePoint vc="58" uspid="3818" ordinal="0" offset="2626" sl="385" sc="17" el="385" ec="17" bec="0" bev="0" fileid="5" />
                <SequencePoint vc="58" uspid="3819" ordinal="0" offset="2633" sl="388" sc="17" el="388" ec="17" bec="0" bev="0" fileid="5" />
                <SequencePoint vc="58" uspid="3820" ordinal="0" offset="2660" sl="389" sc="17" el="389" ec="17" bec="0" bev="0" fileid="5" />
                <SequencePoint vc="58" uspid="3821" ordinal="0" offset="2687" sl="390" sc="17" el="390" ec="17" bec="0" bev="0" fileid="5" />
                <SequencePoint vc="58" uspid="3822" ordinal="0" offset="2715" sl="391" sc="17" el="391" ec="17" bec="0" bev="0" fileid="5" />
                <SequencePoint vc="58" uspid="3823" ordinal="0" offset="2742" sl="392" sc="17" el="392" ec="17" bec="0" bev="0" fileid="5" />
                <SequencePoint vc="58" uspid="3824" ordinal="0" offset="2749" sl="395" sc="17" el="395" ec="17" bec="0" bev="0" fileid="5" />
                <SequencePoint vc="58" uspid="3825" ordinal="0" offset="2775" sl="396" sc="17" el="396" ec="17" bec="0" bev="0" fileid="5" />
                <SequencePoint vc="58" uspid="3826" ordinal="0" offset="2802" sl="397" sc="17" el="397" ec="17" bec="0" bev="0" fileid="5" />
                <SequencePoint vc="58" uspid="3827" ordinal="0" offset="2828" sl="398" sc="17" el="398" ec="17" bec="0" bev="0" fileid="5" />
                <SequencePoint vc="58" uspid="3828" ordinal="0" offset="2854" sl="399" sc="17" el="399" ec="17" bec="0" bev="0" fileid="5" />
                <SequencePoint vc="58" uspid="3829" ordinal="0" offset="2861" sl="402" sc="17" el="402" ec="17" bec="0" bev="0" fileid="5" />
                <SequencePoint vc="58" uspid="3830" ordinal="0" offset="2887" sl="403" sc="17" el="403" ec="17" bec="0" bev="0" fileid="5" />
                <SequencePoint vc="58" uspid="3831" ordinal="0" offset="2913" sl="404" sc="17" el="404" ec="17" bec="0" bev="0" fileid="5" />
                <SequencePoint vc="58" uspid="3832" ordinal="0" offset="2940" sl="405" sc="17" el="405" ec="17" bec="0" bev="0" fileid="5" />
                <SequencePoint vc="58" uspid="3833" ordinal="0" offset="2966" sl="406" sc="17" el="406" ec="17" bec="0" bev="0" fileid="5" />
                <SequencePoint vc="58" uspid="3834" ordinal="0" offset="2973" sl="409" sc="17" el="409" ec="17" bec="0" bev="0" fileid="5" />
                <SequencePoint vc="58" uspid="3835" ordinal="0" offset="3000" sl="410" sc="17" el="410" ec="17" bec="0" bev="0" fileid="5" />
                <SequencePoint vc="58" uspid="3836" ordinal="0" offset="3026" sl="411" sc="17" el="411" ec="17" bec="0" bev="0" fileid="5" />
                <SequencePoint vc="58" uspid="3837" ordinal="0" offset="3053" sl="412" sc="17" el="412" ec="17" bec="0" bev="0" fileid="5" />
                <SequencePoint vc="58" uspid="3838" ordinal="0" offset="3080" sl="413" sc="17" el="413" ec="17" bec="0" bev="0" fileid="5" />
                <SequencePoint vc="58" uspid="3839" ordinal="0" offset="3087" sl="417" sc="17" el="417" ec="17" bec="0" bev="0" fileid="5" />
                <SequencePoint vc="58" uspid="3840" ordinal="0" offset="3114" sl="418" sc="17" el="418" ec="17" bec="0" bev="0" fileid="5" />
                <SequencePoint vc="58" uspid="3841" ordinal="0" offset="3141" sl="419" sc="17" el="419" ec="17" bec="0" bev="0" fileid="5" />
                <SequencePoint vc="58" uspid="3842" ordinal="0" offset="3168" sl="420" sc="17" el="420" ec="17" bec="0" bev="0" fileid="5" />
                <SequencePoint vc="58" uspid="3843" ordinal="0" offset="3194" sl="421" sc="17" el="421" ec="17" bec="0" bev="0" fileid="5" />
                <SequencePoint vc="58" uspid="3844" ordinal="0" offset="3201" sl="425" sc="17" el="425" ec="17" bec="0" bev="0" fileid="5" />
                <SequencePoint vc="58" uspid="3845" ordinal="0" offset="3227" sl="426" sc="17" el="426" ec="17" bec="0" bev="0" fileid="5" />
                <SequencePoint vc="58" uspid="3846" ordinal="0" offset="3253" sl="427" sc="17" el="427" ec="17" bec="0" bev="0" fileid="5" />
                <SequencePoint vc="58" uspid="3847" ordinal="0" offset="3280" sl="428" sc="17" el="428" ec="17" bec="0" bev="0" fileid="5" />
                <SequencePoint vc="58" uspid="3848" ordinal="0" offset="3307" sl="429" sc="17" el="429" ec="17" bec="0" bev="0" fileid="5" />
                <SequencePoint vc="58" uspid="3849" ordinal="0" offset="3314" sl="435" sc="17" el="435" ec="17" bec="0" bev="0" fileid="5" />
                <SequencePoint vc="58" uspid="3850" ordinal="0" offset="3341" sl="437" sc="17" el="437" ec="17" bec="0" bev="0" fileid="5" />
                <SequencePoint vc="58" uspid="3851" ordinal="0" offset="3368" sl="439" sc="17" el="439" ec="17" bec="0" bev="0" fileid="5" />
                <SequencePoint vc="58" uspid="3852" ordinal="0" offset="3394" sl="441" sc="17" el="441" ec="17" bec="0" bev="0" fileid="5" />
                <SequencePoint vc="58" uspid="3853" ordinal="0" offset="3420" sl="442" sc="17" el="442" ec="17" bec="0" bev="0" fileid="5" />
                <SequencePoint vc="58" uspid="3854" ordinal="0" offset="3427" sl="446" sc="17" el="446" ec="17" bec="0" bev="0" fileid="5" />
                <SequencePoint vc="58" uspid="3855" ordinal="0" offset="3453" sl="448" sc="17" el="448" ec="17" bec="0" bev="0" fileid="5" />
                <SequencePoint vc="58" uspid="3856" ordinal="0" offset="3479" sl="450" sc="17" el="450" ec="17" bec="0" bev="0" fileid="5" />
                <SequencePoint vc="58" uspid="3857" ordinal="0" offset="3505" sl="452" sc="17" el="452" ec="17" bec="0" bev="0" fileid="5" />
                <SequencePoint vc="58" uspid="3858" ordinal="0" offset="3531" sl="453" sc="17" el="453" ec="17" bec="0" bev="0" fileid="5" />
                <SequencePoint vc="58" uspid="3859" ordinal="0" offset="3538" sl="457" sc="17" el="457" ec="17" bec="0" bev="0" fileid="5" />
                <SequencePoint vc="58" uspid="3860" ordinal="0" offset="3565" sl="459" sc="17" el="459" ec="17" bec="0" bev="0" fileid="5" />
                <SequencePoint vc="58" uspid="3861" ordinal="0" offset="3592" sl="461" sc="17" el="461" ec="17" bec="0" bev="0" fileid="5" />
                <SequencePoint vc="58" uspid="3862" ordinal="0" offset="3618" sl="463" sc="17" el="463" ec="17" bec="0" bev="0" fileid="5" />
                <SequencePoint vc="58" uspid="3863" ordinal="0" offset="3645" sl="464" sc="17" el="464" ec="17" bec="0" bev="0" fileid="5" />
                <SequencePoint vc="0" uspid="3864" ordinal="0" offset="3649" sl="468" sc="17" el="468" ec="17" bec="0" bev="0" fileid="5" />
                <SequencePoint vc="0" uspid="3865" ordinal="0" offset="3675" sl="470" sc="17" el="470" ec="17" bec="0" bev="0" fileid="5" />
                <SequencePoint vc="0" uspid="3866" ordinal="0" offset="3701" sl="472" sc="17" el="472" ec="17" bec="0" bev="0" fileid="5" />
                <SequencePoint vc="0" uspid="3867" ordinal="0" offset="3727" sl="474" sc="17" el="474" ec="17" bec="0" bev="0" fileid="5" />
                <SequencePoint vc="0" uspid="3868" ordinal="0" offset="3754" sl="475" sc="17" el="475" ec="17" bec="0" bev="0" fileid="5" />
                <SequencePoint vc="1802" uspid="3869" ordinal="0" offset="3758" sl="477" sc="5" el="477" ec="5" bec="0" bev="0" fileid="5" />
              </SequencePoints>
              <BranchPoints />
            </Method>
            <Method visited="true" cyclomaticComplexity="0" nPathComplexity="0" sequenceCoverage="100.0" branchCoverage="0" crapScore="0" isConstructor="true" isStatic="false" isGetter="false" isSetter="false">
              <Summary numSequencePoints="1" visitedSequencePoints="1" numBranchPoints="0" visitedBranchPoints="0" sequenceCoverage="100.0" branchCoverage="0" maxCyclomaticComplexity="0" minCyclomaticComplexity="0" maxCrapScore="0" minCrapScore="0" visitedClasses="0" numClasses="0" visitedMethods="1" numMethods="1" />
              <MetadataToken>100663334</MetadataToken>
              <Name>Enemies::Enemies()</Name>
              <FileRef uid="5" />
              <SequencePoints>
                <SequencePoint vc="7211" uspid="3870" ordinal="0" offset="0" sl="23" sc="5" el="23" ec="5" bec="0" bev="0" fileid="5" />
              </SequencePoints>
              <BranchPoints />
            </Method>
          </Methods>
        </Class>
        <Class>
          <Summary numSequencePoints="162" visitedSequencePoints="117" numBranchPoints="0" visitedBranchPoints="0" sequenceCoverage="72.22" branchCoverage="0.0" maxCyclomaticComplexity="0" minCyclomaticComplexity="0" maxCrapScore="0" minCrapScore="0" visitedClasses="1" numClasses="1" visitedMethods="7" numMethods="7" />
          <FullName>Enemy</FullName>
          <Methods>
            <Method visited="true" cyclomaticComplexity="0" nPathComplexity="0" sequenceCoverage="100.0" branchCoverage="0" crapScore="0" isConstructor="false" isStatic="false" isGetter="false" isSetter="false">
              <Summary numSequencePoints="4" visitedSequencePoints="4" numBranchPoints="0" visitedBranchPoints="0" sequenceCoverage="100.0" branchCoverage="0" maxCyclomaticComplexity="0" minCyclomaticComplexity="0" maxCrapScore="0" minCrapScore="0" visitedClasses="0" numClasses="0" visitedMethods="1" numMethods="1" />
              <MetadataToken>100663336</MetadataToken>
              <Name>System.Void Enemy::Start()</Name>
              <FileRef uid="6" />
              <SequencePoints>
                <SequencePoint vc="1" uspid="3871" ordinal="0" offset="0" sl="79" sc="5" el="79" ec="5" bec="0" bev="0" fileid="6" />
                <SequencePoint vc="1" uspid="3872" ordinal="0" offset="1" sl="80" sc="9" el="80" ec="9" bec="0" bev="0" fileid="6" />
                <SequencePoint vc="1" uspid="3873" ordinal="0" offset="12" sl="81" sc="9" el="81" ec="9" bec="0" bev="0" fileid="6" />
                <SequencePoint vc="1" uspid="3874" ordinal="0" offset="19" sl="82" sc="5" el="82" ec="5" bec="0" bev="0" fileid="6" />
              </SequencePoints>
              <BranchPoints />
            </Method>
            <Method visited="true" cyclomaticComplexity="0" nPathComplexity="0" sequenceCoverage="74.07" branchCoverage="0" crapScore="0" isConstructor="false" isStatic="false" isGetter="false" isSetter="false">
              <Summary numSequencePoints="27" visitedSequencePoints="20" numBranchPoints="0" visitedBranchPoints="0" sequenceCoverage="74.07" branchCoverage="0" maxCyclomaticComplexity="0" minCyclomaticComplexity="0" maxCrapScore="0" minCrapScore="0" visitedClasses="0" numClasses="0" visitedMethods="1" numMethods="1" />
              <MetadataToken>100663337</MetadataToken>
              <Name>System.Void Enemy::attackPlayer()</Name>
              <FileRef uid="6" />
              <SequencePoints>
                <SequencePoint vc="19" uspid="3875" ordinal="0" offset="0" sl="106" sc="31" el="106" ec="31" bec="0" bev="0" fileid="6" />
                <SequencePoint vc="19" uspid="3876" ordinal="0" offset="1" sl="108" sc="9" el="108" ec="9" bec="0" bev="0" fileid="6" />
                <SequencePoint vc="19" uspid="3877" ordinal="0" offset="35" sl="111" sc="9" el="111" ec="9" bec="0" bev="0" fileid="6" />
                <SequencePoint vc="1" uspid="3878" ordinal="0" offset="62" sl="111" sc="44" el="111" ec="44" bec="0" bev="0" fileid="6" />
                <SequencePoint vc="1" uspid="3879" ordinal="0" offset="63" sl="112" sc="13" el="112" ec="13" bec="0" bev="0" fileid="6" />
                <SequencePoint vc="1" uspid="3880" ordinal="0" offset="81" sl="113" sc="9" el="113" ec="9" bec="0" bev="0" fileid="6" />
                <SequencePoint vc="19" uspid="3881" ordinal="0" offset="82" sl="115" sc="9" el="115" ec="9" bec="0" bev="0" fileid="6" />
                <SequencePoint vc="19" uspid="3882" ordinal="0" offset="118" sl="116" sc="9" el="116" ec="9" bec="0" bev="0" fileid="6" />
                <SequencePoint vc="19" uspid="3883" ordinal="0" offset="125" sl="118" sc="9" el="118" ec="9" bec="0" bev="0" fileid="6" />
                <SequencePoint vc="19" uspid="3884" ordinal="0" offset="149" sl="119" sc="9" el="119" ec="9" bec="0" bev="0" fileid="6" />
                <SequencePoint vc="19" uspid="3885" ordinal="0" offset="173" sl="121" sc="9" el="121" ec="9" bec="0" bev="0" fileid="6" />
                <SequencePoint vc="3" uspid="3886" ordinal="0" offset="191" sl="121" sc="39" el="121" ec="39" bec="0" bev="0" fileid="6" />
                <SequencePoint vc="3" uspid="3887" ordinal="0" offset="192" sl="122" sc="13" el="122" ec="13" bec="0" bev="0" fileid="6" />
                <SequencePoint vc="3" uspid="3888" ordinal="0" offset="202" sl="124" sc="13" el="124" ec="13" bec="0" bev="0" fileid="6" />
                <SequencePoint vc="2" uspid="3889" ordinal="0" offset="226" sl="124" sc="44" el="124" ec="44" bec="0" bev="0" fileid="6" />
                <SequencePoint vc="2" uspid="3890" ordinal="0" offset="227" sl="125" sc="17" el="125" ec="17" bec="0" bev="0" fileid="6" />
                <SequencePoint vc="2" uspid="3891" ordinal="0" offset="234" sl="126" sc="13" el="126" ec="13" bec="0" bev="0" fileid="6" />
                <SequencePoint vc="3" uspid="3892" ordinal="0" offset="235" sl="127" sc="9" el="127" ec="9" bec="0" bev="0" fileid="6" />
                <SequencePoint vc="19" uspid="3893" ordinal="0" offset="236" sl="129" sc="9" el="129" ec="9" bec="0" bev="0" fileid="6" />
                <SequencePoint vc="19" uspid="3894" ordinal="0" offset="254" sl="131" sc="9" el="131" ec="9" bec="0" bev="0" fileid="6" />
                <SequencePoint vc="0" uspid="3895" ordinal="0" offset="271" sl="132" sc="9" el="132" ec="9" bec="0" bev="0" fileid="6" />
                <SequencePoint vc="0" uspid="3896" ordinal="0" offset="299" sl="133" sc="9" el="133" ec="9" bec="0" bev="0" fileid="6" />
                <SequencePoint vc="0" uspid="3897" ordinal="0" offset="317" sl="135" sc="9" el="135" ec="9" bec="0" bev="0" fileid="6" />
                <SequencePoint vc="0" uspid="3898" ordinal="0" offset="329" sl="136" sc="9" el="136" ec="9" bec="0" bev="0" fileid="6" />
                <SequencePoint vc="0" uspid="3899" ordinal="0" offset="361" sl="137" sc="9" el="137" ec="9" bec="0" bev="0" fileid="6" />
                <SequencePoint vc="0" uspid="3900" ordinal="0" offset="390" sl="139" sc="9" el="139" ec="9" bec="0" bev="0" fileid="6" />
                <SequencePoint vc="0" uspid="3901" ordinal="0" offset="410" sl="140" sc="5" el="140" ec="5" bec="0" bev="0" fileid="6" />
              </SequencePoints>
              <BranchPoints />
            </Method>
            <Method visited="true" cyclomaticComplexity="0" nPathComplexity="0" sequenceCoverage="85.71" branchCoverage="0" crapScore="0" isConstructor="false" isStatic="false" isGetter="false" isSetter="false">
              <Summary numSequencePoints="21" visitedSequencePoints="18" numBranchPoints="0" visitedBranchPoints="0" sequenceCoverage="85.71" branchCoverage="0" maxCyclomaticComplexity="0" minCyclomaticComplexity="0" maxCrapScore="0" minCrapScore="0" visitedClasses="0" numClasses="0" visitedMethods="1" numMethods="1" />
              <MetadataToken>100663338</MetadataToken>
              <Name>System.Void Enemy::hitPlayer(System.Int32, System.Boolean)</Name>
              <FileRef uid="6" />
              <SequencePoints>
                <SequencePoint vc="25" uspid="3902" ordinal="0" offset="0" sl="142" sc="57" el="142" ec="57" bec="0" bev="0" fileid="6" />
                <SequencePoint vc="25" uspid="3903" ordinal="0" offset="1" sl="143" sc="9" el="143" ec="9" bec="0" bev="0" fileid="6" />
                <SequencePoint vc="2" uspid="3904" ordinal="0" offset="49" sl="144" sc="9" el="144" ec="9" bec="0" bev="0" fileid="6" />
                <SequencePoint vc="2" uspid="3905" ordinal="0" offset="50" sl="146" sc="13" el="146" ec="13" bec="0" bev="0" fileid="6" />
                <SequencePoint vc="1" uspid="3906" ordinal="0" offset="73" sl="147" sc="13" el="147" ec="13" bec="0" bev="0" fileid="6" />
                <SequencePoint vc="1" uspid="3907" ordinal="0" offset="74" sl="148" sc="17" el="148" ec="17" bec="0" bev="0" fileid="6" />
                <SequencePoint vc="1" uspid="3908" ordinal="0" offset="94" sl="149" sc="17" el="149" ec="17" bec="0" bev="0" fileid="6" />
                <SequencePoint vc="1" uspid="3909" ordinal="0" offset="111" sl="150" sc="17" el="150" ec="17" bec="0" bev="0" fileid="6" />
                <SequencePoint vc="1" uspid="3910" ordinal="0" offset="135" sl="151" sc="13" el="151" ec="13" bec="0" bev="0" fileid="6" />
                <SequencePoint vc="1" uspid="3911" ordinal="0" offset="138" sl="154" sc="13" el="154" ec="13" bec="0" bev="0" fileid="6" />
                <SequencePoint vc="1" uspid="3912" ordinal="0" offset="139" sl="155" sc="17" el="155" ec="17" bec="0" bev="0" fileid="6" />
                <SequencePoint vc="1" uspid="3913" ordinal="0" offset="163" sl="156" sc="13" el="156" ec="13" bec="0" bev="0" fileid="6" />
                <SequencePoint vc="2" uspid="3914" ordinal="0" offset="164" sl="157" sc="9" el="157" ec="9" bec="0" bev="0" fileid="6" />
                <SequencePoint vc="23" uspid="3915" ordinal="0" offset="167" sl="159" sc="14" el="159" ec="14" bec="0" bev="0" fileid="6" />
                <SequencePoint vc="23" uspid="3916" ordinal="0" offset="190" sl="160" sc="9" el="160" ec="9" bec="0" bev="0" fileid="6" />
                <SequencePoint vc="23" uspid="3917" ordinal="0" offset="191" sl="161" sc="13" el="161" ec="13" bec="0" bev="0" fileid="6" />
                <SequencePoint vc="23" uspid="3918" ordinal="0" offset="215" sl="162" sc="9" el="162" ec="9" bec="0" bev="0" fileid="6" />
                <SequencePoint vc="0" uspid="3919" ordinal="0" offset="218" sl="163" sc="13" el="163" ec="13" bec="0" bev="0" fileid="6" />
                <SequencePoint vc="0" uspid="3920" ordinal="0" offset="219" sl="164" sc="13" el="164" ec="13" bec="0" bev="0" fileid="6" />
                <SequencePoint vc="0" uspid="3921" ordinal="0" offset="236" sl="165" sc="9" el="165" ec="9" bec="0" bev="0" fileid="6" />
                <SequencePoint vc="25" uspid="3922" ordinal="0" offset="237" sl="167" sc="5" el="167" ec="5" bec="0" bev="0" fileid="6" />
              </SequencePoints>
              <BranchPoints />
            </Method>
            <Method visited="true" cyclomaticComplexity="0" nPathComplexity="0" sequenceCoverage="78.57" branchCoverage="0" crapScore="0" isConstructor="false" isStatic="false" isGetter="false" isSetter="false">
              <Summary numSequencePoints="70" visitedSequencePoints="55" numBranchPoints="0" visitedBranchPoints="0" sequenceCoverage="78.57" branchCoverage="0" maxCyclomaticComplexity="0" minCyclomaticComplexity="0" maxCrapScore="0" minCrapScore="0" visitedClasses="0" numClasses="0" visitedMethods="1" numMethods="1" />
              <MetadataToken>100663339</MetadataToken>
              <Name>System.Void Enemy::endTurnMechanics(System.Int32)</Name>
              <FileRef uid="6" />
              <SequencePoints>
                <SequencePoint vc="19" uspid="3923" ordinal="0" offset="0" sl="169" sc="52" el="169" ec="52" bec="0" bev="0" fileid="6" />
                <SequencePoint vc="19" uspid="3924" ordinal="0" offset="1" sl="170" sc="9" el="170" ec="9" bec="0" bev="0" fileid="6" />
                <SequencePoint vc="2" uspid="3925" ordinal="0" offset="84" sl="172" sc="17" el="172" ec="17" bec="0" bev="0" fileid="6" />
                <SequencePoint vc="2" uspid="3926" ordinal="0" offset="187" sl="173" sc="17" el="173" ec="17" bec="0" bev="0" fileid="6" />
                <SequencePoint vc="0" uspid="3927" ordinal="0" offset="200" sl="173" sc="40" el="173" ec="40" bec="0" bev="0" fileid="6" />
                <SequencePoint vc="0" uspid="3928" ordinal="0" offset="201" sl="174" sc="21" el="174" ec="21" bec="0" bev="0" fileid="6" />
                <SequencePoint vc="0" uspid="3929" ordinal="0" offset="215" sl="175" sc="17" el="175" ec="17" bec="0" bev="0" fileid="6" />
                <SequencePoint vc="2" uspid="3930" ordinal="0" offset="216" sl="176" sc="17" el="176" ec="17" bec="0" bev="0" fileid="6" />
                <SequencePoint vc="2" uspid="3931" ordinal="0" offset="319" sl="177" sc="17" el="177" ec="17" bec="0" bev="0" fileid="6" />
                <SequencePoint vc="1" uspid="3932" ordinal="0" offset="324" sl="179" sc="17" el="179" ec="17" bec="0" bev="0" fileid="6" />
                <SequencePoint vc="1" uspid="3933" ordinal="0" offset="331" sl="180" sc="17" el="180" ec="17" bec="0" bev="0" fileid="6" />
                <SequencePoint vc="1" uspid="3934" ordinal="0" offset="336" sl="182" sc="17" el="182" ec="17" bec="0" bev="0" fileid="6" />
                <SequencePoint vc="1" uspid="3935" ordinal="0" offset="343" sl="183" sc="17" el="183" ec="17" bec="0" bev="0" fileid="6" />
                <SequencePoint vc="1" uspid="3936" ordinal="0" offset="348" sl="185" sc="17" el="185" ec="17" bec="0" bev="0" fileid="6" />
                <SequencePoint vc="1" uspid="3937" ordinal="0" offset="355" sl="186" sc="17" el="186" ec="17" bec="0" bev="0" fileid="6" />
                <SequencePoint vc="1" uspid="3938" ordinal="0" offset="360" sl="188" sc="17" el="188" ec="17" bec="0" bev="0" fileid="6" />
                <SequencePoint vc="1" uspid="3939" ordinal="0" offset="373" sl="188" sc="40" el="188" ec="40" bec="0" bev="0" fileid="6" />
                <SequencePoint vc="1" uspid="3940" ordinal="0" offset="374" sl="189" sc="21" el="189" ec="21" bec="0" bev="0" fileid="6" />
                <SequencePoint vc="1" uspid="3941" ordinal="0" offset="384" sl="190" sc="17" el="190" ec="17" bec="0" bev="0" fileid="6" />
                <SequencePoint vc="1" uspid="3942" ordinal="0" offset="385" sl="191" sc="17" el="191" ec="17" bec="0" bev="0" fileid="6" />
                <SequencePoint vc="1" uspid="3943" ordinal="0" offset="390" sl="193" sc="17" el="193" ec="17" bec="0" bev="0" fileid="6" />
                <SequencePoint vc="0" uspid="3944" ordinal="0" offset="419" sl="193" sc="58" el="193" ec="58" bec="0" bev="0" fileid="6" />
                <SequencePoint vc="0" uspid="3945" ordinal="0" offset="420" sl="194" sc="21" el="194" ec="21" bec="0" bev="0" fileid="6" />
                <SequencePoint vc="0" uspid="3946" ordinal="0" offset="430" sl="195" sc="17" el="195" ec="17" bec="0" bev="0" fileid="6" />
                <SequencePoint vc="1" uspid="3947" ordinal="0" offset="431" sl="196" sc="17" el="196" ec="17" bec="0" bev="0" fileid="6" />
                <SequencePoint vc="1" uspid="3948" ordinal="0" offset="436" sl="198" sc="17" el="198" ec="17" bec="0" bev="0" fileid="6" />
                <SequencePoint vc="1" uspid="3949" ordinal="0" offset="451" sl="198" sc="31" el="198" ec="31" bec="0" bev="0" fileid="6" />
                <SequencePoint vc="1" uspid="3950" ordinal="0" offset="452" sl="199" sc="21" el="199" ec="21" bec="0" bev="0" fileid="6" />
                <SequencePoint vc="1" uspid="3951" ordinal="0" offset="462" sl="200" sc="17" el="200" ec="17" bec="0" bev="0" fileid="6" />
                <SequencePoint vc="1" uspid="3952" ordinal="0" offset="463" sl="201" sc="17" el="201" ec="17" bec="0" bev="0" fileid="6" />
                <SequencePoint vc="1" uspid="3953" ordinal="0" offset="468" sl="203" sc="17" el="203" ec="17" bec="0" bev="0" fileid="6" />
                <SequencePoint vc="1" uspid="3954" ordinal="0" offset="483" sl="203" sc="40" el="203" ec="40" bec="0" bev="0" fileid="6" />
                <SequencePoint vc="1" uspid="3955" ordinal="0" offset="484" sl="204" sc="21" el="204" ec="21" bec="0" bev="0" fileid="6" />
                <SequencePoint vc="1" uspid="3956" ordinal="0" offset="500" sl="205" sc="17" el="205" ec="17" bec="0" bev="0" fileid="6" />
                <SequencePoint vc="1" uspid="3957" ordinal="0" offset="501" sl="206" sc="17" el="206" ec="17" bec="0" bev="0" fileid="6" />
                <SequencePoint vc="1" uspid="3958" ordinal="0" offset="506" sl="208" sc="17" el="208" ec="17" bec="0" bev="0" fileid="6" />
                <SequencePoint vc="0" uspid="3959" ordinal="0" offset="522" sl="208" sc="33" el="208" ec="33" bec="0" bev="0" fileid="6" />
                <SequencePoint vc="0" uspid="3960" ordinal="0" offset="523" sl="209" sc="21" el="209" ec="21" bec="0" bev="0" fileid="6" />
                <SequencePoint vc="0" uspid="3961" ordinal="0" offset="538" sl="210" sc="17" el="210" ec="17" bec="0" bev="0" fileid="6" />
                <SequencePoint vc="1" uspid="3962" ordinal="0" offset="539" sl="211" sc="17" el="211" ec="17" bec="0" bev="0" fileid="6" />
                <SequencePoint vc="1" uspid="3963" ordinal="0" offset="544" sl="213" sc="17" el="213" ec="17" bec="0" bev="0" fileid="6" />
                <SequencePoint vc="0" uspid="3964" ordinal="0" offset="569" sl="213" sc="55" el="213" ec="55" bec="0" bev="0" fileid="6" />
                <SequencePoint vc="0" uspid="3965" ordinal="0" offset="570" sl="214" sc="21" el="214" ec="21" bec="0" bev="0" fileid="6" />
                <SequencePoint vc="0" uspid="3966" ordinal="0" offset="580" sl="215" sc="17" el="215" ec="17" bec="0" bev="0" fileid="6" />
                <SequencePoint vc="1" uspid="3967" ordinal="0" offset="581" sl="216" sc="17" el="216" ec="17" bec="0" bev="0" fileid="6" />
                <SequencePoint vc="1" uspid="3968" ordinal="0" offset="586" sl="218" sc="17" el="218" ec="17" bec="0" bev="0" fileid="6" />
                <SequencePoint vc="0" uspid="3969" ordinal="0" offset="612" sl="218" sc="58" el="218" ec="58" bec="0" bev="0" fileid="6" />
                <SequencePoint vc="0" uspid="3970" ordinal="0" offset="613" sl="219" sc="21" el="219" ec="21" bec="0" bev="0" fileid="6" />
                <SequencePoint vc="0" uspid="3971" ordinal="0" offset="623" sl="220" sc="17" el="220" ec="17" bec="0" bev="0" fileid="6" />
                <SequencePoint vc="1" uspid="3972" ordinal="0" offset="624" sl="221" sc="17" el="221" ec="17" bec="0" bev="0" fileid="6" />
                <SequencePoint vc="1" uspid="3973" ordinal="0" offset="626" sl="223" sc="17" el="223" ec="17" bec="0" bev="0" fileid="6" />
                <SequencePoint vc="1" uspid="3974" ordinal="0" offset="633" sl="224" sc="17" el="224" ec="17" bec="0" bev="0" fileid="6" />
                <SequencePoint vc="1" uspid="3975" ordinal="0" offset="635" sl="226" sc="17" el="226" ec="17" bec="0" bev="0" fileid="6" />
                <SequencePoint vc="1" uspid="3976" ordinal="0" offset="652" sl="227" sc="17" el="227" ec="17" bec="0" bev="0" fileid="6" />
                <SequencePoint vc="1" uspid="3977" ordinal="0" offset="661" sl="228" sc="17" el="228" ec="17" bec="0" bev="0" fileid="6" />
                <SequencePoint vc="1" uspid="3978" ordinal="0" offset="663" sl="230" sc="17" el="230" ec="17" bec="0" bev="0" fileid="6" />
                <SequencePoint vc="1" uspid="3979" ordinal="0" offset="678" sl="230" sc="40" el="230" ec="40" bec="0" bev="0" fileid="6" />
                <SequencePoint vc="1" uspid="3980" ordinal="0" offset="679" sl="231" sc="21" el="231" ec="21" bec="0" bev="0" fileid="6" />
                <SequencePoint vc="1" uspid="3981" ordinal="0" offset="695" sl="232" sc="17" el="232" ec="17" bec="0" bev="0" fileid="6" />
                <SequencePoint vc="1" uspid="3982" ordinal="0" offset="696" sl="233" sc="17" el="233" ec="17" bec="0" bev="0" fileid="6" />
                <SequencePoint vc="1" uspid="3983" ordinal="0" offset="698" sl="235" sc="17" el="235" ec="17" bec="0" bev="0" fileid="6" />
                <SequencePoint vc="1" uspid="3984" ordinal="0" offset="705" sl="236" sc="17" el="236" ec="17" bec="0" bev="0" fileid="6" />
                <SequencePoint vc="1" uspid="3985" ordinal="0" offset="707" sl="238" sc="17" el="238" ec="17" bec="0" bev="0" fileid="6" />
                <SequencePoint vc="1" uspid="3986" ordinal="0" offset="714" sl="239" sc="17" el="239" ec="17" bec="0" bev="0" fileid="6" />
                <SequencePoint vc="2" uspid="3987" ordinal="0" offset="716" sl="241" sc="17" el="241" ec="17" bec="0" bev="0" fileid="6" />
                <SequencePoint vc="1" uspid="3988" ordinal="0" offset="731" sl="241" sc="40" el="241" ec="40" bec="0" bev="0" fileid="6" />
                <SequencePoint vc="1" uspid="3989" ordinal="0" offset="732" sl="242" sc="21" el="242" ec="21" bec="0" bev="0" fileid="6" />
                <SequencePoint vc="1" uspid="3990" ordinal="0" offset="746" sl="243" sc="17" el="243" ec="17" bec="0" bev="0" fileid="6" />
                <SequencePoint vc="2" uspid="3991" ordinal="0" offset="747" sl="244" sc="17" el="244" ec="17" bec="0" bev="0" fileid="6" />
                <SequencePoint vc="19" uspid="3992" ordinal="0" offset="749" sl="246" sc="5" el="246" ec="5" bec="0" bev="0" fileid="6" />
              </SequencePoints>
              <BranchPoints />
            </Method>
            <Method visited="true" cyclomaticComplexity="0" nPathComplexity="0" sequenceCoverage="50.00" branchCoverage="0" crapScore="0" isConstructor="false" isStatic="false" isGetter="false" isSetter="false">
              <Summary numSequencePoints="12" visitedSequencePoints="6" numBranchPoints="0" visitedBranchPoints="0" sequenceCoverage="50.00" branchCoverage="0" maxCyclomaticComplexity="0" minCyclomaticComplexity="0" maxCrapScore="0" minCrapScore="0" visitedClasses="0" numClasses="0" visitedMethods="1" numMethods="1" />
              <MetadataToken>100663340</MetadataToken>
              <Name>System.Void Enemy::Update()</Name>
              <FileRef uid="6" />
              <SequencePoints>
                <SequencePoint vc="2" uspid="3993" ordinal="0" offset="0" sl="262" sc="5" el="262" ec="5" bec="0" bev="0" fileid="6" />
                <SequencePoint vc="2" uspid="3994" ordinal="0" offset="1" sl="263" sc="9" el="263" ec="9" bec="0" bev="0" fileid="6" />
                <SequencePoint vc="1" uspid="3995" ordinal="0" offset="17" sl="264" sc="9" el="264" ec="9" bec="0" bev="0" fileid="6" />
                <SequencePoint vc="1" uspid="3996" ordinal="0" offset="18" sl="265" sc="13" el="265" ec="13" bec="0" bev="0" fileid="6" />
                <SequencePoint vc="0" uspid="3997" ordinal="0" offset="35" sl="266" sc="13" el="266" ec="13" bec="0" bev="0" fileid="6" />
                <SequencePoint vc="0" uspid="3998" ordinal="0" offset="52" sl="267" sc="13" el="267" ec="13" bec="0" bev="0" fileid="6" />
                <SequencePoint vc="0" uspid="3999" ordinal="0" offset="74" sl="268" sc="9" el="268" ec="9" bec="0" bev="0" fileid="6" />
                <SequencePoint vc="1" uspid="4000" ordinal="0" offset="77" sl="271" sc="9" el="271" ec="9" bec="0" bev="0" fileid="6" />
                <SequencePoint vc="1" uspid="4001" ordinal="0" offset="78" sl="272" sc="13" el="272" ec="13" bec="0" bev="0" fileid="6" />
                <SequencePoint vc="0" uspid="4002" ordinal="0" offset="101" sl="273" sc="13" el="273" ec="13" bec="0" bev="0" fileid="6" />
                <SequencePoint vc="0" uspid="4003" ordinal="0" offset="124" sl="274" sc="9" el="274" ec="9" bec="0" bev="0" fileid="6" />
                <SequencePoint vc="0" uspid="4004" ordinal="0" offset="125" sl="275" sc="5" el="275" ec="5" bec="0" bev="0" fileid="6" />
              </SequencePoints>
              <BranchPoints />
            </Method>
            <Method visited="true" cyclomaticComplexity="0" nPathComplexity="0" sequenceCoverage="22.22" branchCoverage="0" crapScore="0" isConstructor="false" isStatic="false" isGetter="false" isSetter="false">
              <Summary numSequencePoints="18" visitedSequencePoints="4" numBranchPoints="0" visitedBranchPoints="0" sequenceCoverage="22.22" branchCoverage="0" maxCyclomaticComplexity="0" minCyclomaticComplexity="0" maxCrapScore="0" minCrapScore="0" visitedClasses="0" numClasses="0" visitedMethods="1" numMethods="1" />
              <MetadataToken>100663342</MetadataToken>
              <Name>System.Void Enemy::getEnemyStartingCards()</Name>
              <FileRef uid="6" />
              <SequencePoints>
                <SequencePoint vc="1" uspid="4005" ordinal="0" offset="0" sl="308" sc="5" el="308" ec="5" bec="0" bev="0" fileid="6" />
                <SequencePoint vc="1" uspid="4006" ordinal="0" offset="1" sl="310" sc="13" el="310" ec="13" bec="0" bev="0" fileid="6" />
                <SequencePoint vc="0" uspid="4007" ordinal="0" offset="8" sl="311" sc="9" el="311" ec="9" bec="0" bev="0" fileid="6" />
                <SequencePoint vc="0" uspid="4008" ordinal="0" offset="9" sl="312" sc="13" el="312" ec="13" bec="0" bev="0" fileid="6" />
                <SequencePoint vc="0" uspid="4009" ordinal="0" offset="21" sl="313" sc="13" el="313" ec="13" bec="0" bev="0" fileid="6" />
                <SequencePoint vc="0" uspid="4010" ordinal="0" offset="44" sl="314" sc="13" el="314" ec="13" bec="0" bev="0" fileid="6" />
                <SequencePoint vc="0" uspid="4011" ordinal="0" offset="67" sl="315" sc="13" el="315" ec="13" bec="0" bev="0" fileid="6" />
                <SequencePoint vc="0" uspid="4012" ordinal="0" offset="90" sl="316" sc="13" el="316" ec="13" bec="0" bev="0" fileid="6" />
                <SequencePoint vc="0" uspid="4013" ordinal="0" offset="113" sl="317" sc="13" el="317" ec="13" bec="0" bev="0" fileid="6" />
                <SequencePoint vc="0" uspid="4014" ordinal="0" offset="136" sl="318" sc="13" el="318" ec="13" bec="0" bev="0" fileid="6" />
                <SequencePoint vc="0" uspid="4015" ordinal="0" offset="159" sl="319" sc="13" el="319" ec="13" bec="0" bev="0" fileid="6" />
                <SequencePoint vc="0" uspid="4016" ordinal="0" offset="182" sl="320" sc="13" el="320" ec="13" bec="0" bev="0" fileid="6" />
                <SequencePoint vc="0" uspid="4017" ordinal="0" offset="205" sl="321" sc="13" el="321" ec="13" bec="0" bev="0" fileid="6" />
                <SequencePoint vc="0" uspid="4018" ordinal="0" offset="228" sl="322" sc="13" el="322" ec="13" bec="0" bev="0" fileid="6" />
                <SequencePoint vc="0" uspid="4019" ordinal="0" offset="251" sl="323" sc="9" el="323" ec="9" bec="0" bev="0" fileid="6" />
                <SequencePoint vc="0" uspid="4020" ordinal="0" offset="252" sl="310" sc="68" el="310" ec="68" bec="0" bev="0" fileid="6" />
                <SequencePoint vc="1" uspid="4021" ordinal="0" offset="256" sl="310" sc="24" el="310" ec="24" bec="0" bev="0" fileid="6" />
                <SequencePoint vc="1" uspid="4022" ordinal="0" offset="276" sl="324" sc="5" el="324" ec="5" bec="0" bev="0" fileid="6" />
              </SequencePoints>
              <BranchPoints />
            </Method>
            <Method visited="true" cyclomaticComplexity="0" nPathComplexity="0" sequenceCoverage="100.0" branchCoverage="0" crapScore="0" isConstructor="true" isStatic="false" isGetter="false" isSetter="false">
              <Summary numSequencePoints="10" visitedSequencePoints="10" numBranchPoints="0" visitedBranchPoints="0" sequenceCoverage="100.0" branchCoverage="0" maxCyclomaticComplexity="0" minCyclomaticComplexity="0" maxCrapScore="0" minCrapScore="0" visitedClasses="0" numClasses="0" visitedMethods="1" numMethods="1" />
              <MetadataToken>100663335</MetadataToken>
              <Name>Enemy::Enemy(System.String, System.Collections.Generic.List[Card], System.Int32, System.Int32, System.Int32, System.Int32)</Name>
              <FileRef uid="6" />
              <SequencePoints>
                <SequencePoint vc="1802" uspid="4023" ordinal="0" offset="0" sl="35" sc="5" el="35" ec="5" bec="0" bev="0" fileid="6" />
                <SequencePoint vc="1802" uspid="4024" ordinal="0" offset="11" sl="58" sc="5" el="58" ec="5" bec="0" bev="0" fileid="6" />
                <SequencePoint vc="1802" uspid="4025" ordinal="0" offset="18" sl="59" sc="5" el="59" ec="5" bec="0" bev="0" fileid="6" />
                <SequencePoint vc="1802" uspid="4026" ordinal="0" offset="19" sl="60" sc="9" el="60" ec="9" bec="0" bev="0" fileid="6" />
                <SequencePoint vc="1802" uspid="4027" ordinal="0" offset="26" sl="61" sc="9" el="61" ec="9" bec="0" bev="0" fileid="6" />
                <SequencePoint vc="1802" uspid="4028" ordinal="0" offset="33" sl="62" sc="9" el="62" ec="9" bec="0" bev="0" fileid="6" />
                <SequencePoint vc="1802" uspid="4029" ordinal="0" offset="40" sl="63" sc="9" el="63" ec="9" bec="0" bev="0" fileid="6" />
[...]
              <Summary numSequencePoints="4" visitedSequencePoints="4" numBranchPoints="0" visitedBranchPoints="0" sequenceCoverage="100.0" branchCoverage="0" maxCyclomaticComplexity="0" minCyclomaticComplexity="0" maxCrapScore="0" minCrapScore="0" visitedClasses="0" numClasses="0" visitedMethods="1" numMethods="1" />
              <MetadataToken>100663374</MetadataToken>
              <Name>System.Void HealthBar::setMaxValue(System.Int32)</Name>
              <FileRef uid="10" />
              <SequencePoints>
                <SequencePoint vc="1" uspid="4317" ordinal="0" offset="0" sl="51" sc="5" el="51" ec="5" bec="0" bev="0" fileid="10" />
                <SequencePoint vc="1" uspid="4318" ordinal="0" offset="1" sl="52" sc="9" el="52" ec="9" bec="0" bev="0" fileid="10" />
                <SequencePoint vc="1" uspid="4319" ordinal="0" offset="18" sl="53" sc="9" el="53" ec="9" bec="0" bev="0" fileid="10" />
                <SequencePoint vc="1" uspid="4320" ordinal="0" offset="32" sl="54" sc="5" el="54" ec="5" bec="0" bev="0" fileid="10" />
              </SequencePoints>
              <BranchPoints />
            </Method>
          </Methods>
        </Class>
        <Class>
          <Summary numSequencePoints="69" visitedSequencePoints="65" numBranchPoints="0" visitedBranchPoints="0" sequenceCoverage="94.20" branchCoverage="0.0" maxCyclomaticComplexity="0" minCyclomaticComplexity="0" maxCrapScore="0" minCrapScore="0" visitedClasses="1" numClasses="1" visitedMethods="9" numMethods="9" />
          <FullName>Menu</FullName>
          <Methods>
            <Method visited="true" cyclomaticComplexity="0" nPathComplexity="0" sequenceCoverage="100.0" branchCoverage="0" crapScore="0" isConstructor="false" isStatic="false" isGetter="false" isSetter="false">
              <Summary numSequencePoints="10" visitedSequencePoints="10" numBranchPoints="0" visitedBranchPoints="0" sequenceCoverage="100.0" branchCoverage="0" maxCyclomaticComplexity="0" minCyclomaticComplexity="0" maxCrapScore="0" minCrapScore="0" visitedClasses="0" numClasses="0" visitedMethods="1" numMethods="1" />
              <MetadataToken>100663416</MetadataToken>
              <Name>System.Void Menu::NextBattle()</Name>
              <FileRef uid="11" />
              <SequencePoints>
                <SequencePoint vc="2" uspid="4321" ordinal="0" offset="0" sl="56" sc="5" el="56" ec="5" bec="0" bev="0" fileid="11" />
                <SequencePoint vc="2" uspid="4322" ordinal="0" offset="1" sl="57" sc="9" el="57" ec="9" bec="0" bev="0" fileid="11" />
                <SequencePoint vc="2" uspid="4323" ordinal="0" offset="8" sl="58" sc="9" el="58" ec="9" bec="0" bev="0" fileid="11" />
                <SequencePoint vc="1" uspid="4324" ordinal="0" offset="20" sl="58" sc="39" el="58" ec="39" bec="0" bev="0" fileid="11" />
                <SequencePoint vc="1" uspid="4325" ordinal="0" offset="21" sl="59" sc="13" el="59" ec="13" bec="0" bev="0" fileid="11" />
                <SequencePoint vc="1" uspid="4326" ordinal="0" offset="33" sl="60" sc="9" el="60" ec="9" bec="0" bev="0" fileid="11" />
                <SequencePoint vc="1" uspid="4327" ordinal="0" offset="36" sl="61" sc="14" el="61" ec="14" bec="0" bev="0" fileid="11" />
                <SequencePoint vc="1" uspid="4328" ordinal="0" offset="37" sl="62" sc="13" el="62" ec="13" bec="0" bev="0" fileid="11" />
                <SequencePoint vc="1" uspid="4329" ordinal="0" offset="49" sl="63" sc="9" el="63" ec="9" bec="0" bev="0" fileid="11" />
                <SequencePoint vc="2" uspid="4330" ordinal="0" offset="50" sl="65" sc="5" el="65" ec="5" bec="0" bev="0" fileid="11" />
              </SequencePoints>
              <BranchPoints />
            </Method>
            <Method visited="true" cyclomaticComplexity="0" nPathComplexity="0" sequenceCoverage="100.0" branchCoverage="0" crapScore="0" isConstructor="false" isStatic="false" isGetter="false" isSetter="false">
              <Summary numSequencePoints="9" visitedSequencePoints="9" numBranchPoints="0" visitedBranchPoints="0" sequenceCoverage="100.0" branchCoverage="0" maxCyclomaticComplexity="0" minCyclomaticComplexity="0" maxCrapScore="0" minCrapScore="0" visitedClasses="0" numClasses="0" visitedMethods="1" numMethods="1" />
              <MetadataToken>100663417</MetadataToken>
              <Name>System.Void Menu::loadOverworld()</Name>
              <FileRef uid="11" />
              <SequencePoints>
                <SequencePoint vc="24" uspid="4331" ordinal="0" offset="0" sl="68" sc="5" el="68" ec="5" bec="0" bev="0" fileid="11" />
                <SequencePoint vc="24" uspid="4332" ordinal="0" offset="1" sl="69" sc="9" el="69" ec="9" bec="0" bev="0" fileid="11" />
                <SequencePoint vc="1" uspid="4333" ordinal="0" offset="13" sl="69" sc="39" el="69" ec="39" bec="0" bev="0" fileid="11" />
                <SequencePoint vc="1" uspid="4334" ordinal="0" offset="14" sl="70" sc="13" el="70" ec="13" bec="0" bev="0" fileid="11" />
                <SequencePoint vc="1" uspid="4335" ordinal="0" offset="26" sl="71" sc="9" el="71" ec="9" bec="0" bev="0" fileid="11" />
                <SequencePoint vc="23" uspid="4336" ordinal="0" offset="29" sl="72" sc="14" el="72" ec="14" bec="0" bev="0" fileid="11" />
                <SequencePoint vc="23" uspid="4337" ordinal="0" offset="30" sl="73" sc="13" el="73" ec="13" bec="0" bev="0" fileid="11" />
                <SequencePoint vc="23" uspid="4338" ordinal="0" offset="42" sl="74" sc="9" el="74" ec="9" bec="0" bev="0" fileid="11" />
                <SequencePoint vc="24" uspid="4339" ordinal="0" offset="43" sl="75" sc="5" el="75" ec="5" bec="0" bev="0" fileid="11" />
              </SequencePoints>
              <BranchPoints />
            </Method>
            <Method visited="true" cyclomaticComplexity="0" nPathComplexity="0" sequenceCoverage="100.0" branchCoverage="0" crapScore="0" isConstructor="false" isStatic="false" isGetter="false" isSetter="false">
              <Summary numSequencePoints="4" visitedSequencePoints="4" numBranchPoints="0" visitedBranchPoints="0" sequenceCoverage="100.0" branchCoverage="0" maxCyclomaticComplexity="0" minCyclomaticComplexity="0" maxCrapScore="0" minCrapScore="0" visitedClasses="0" numClasses="0" visitedMethods="1" numMethods="1" />
              <MetadataToken>100663418</MetadataToken>
              <Name>System.Void Menu::loadTutorial()</Name>
              <FileRef uid="11" />
              <SequencePoints>
                <SequencePoint vc="1" uspid="4340" ordinal="0" offset="0" sl="78" sc="5" el="78" ec="5" bec="0" bev="0" fileid="11" />
                <SequencePoint vc="1" uspid="4341" ordinal="0" offset="1" sl="79" sc="9" el="79" ec="9" bec="0" bev="0" fileid="11" />
                <SequencePoint vc="1" uspid="4342" ordinal="0" offset="7" sl="80" sc="9" el="80" ec="9" bec="0" bev="0" fileid="11" />
                <SequencePoint vc="1" uspid="4343" ordinal="0" offset="19" sl="81" sc="5" el="81" ec="5" bec="0" bev="0" fileid="11" />
              </SequencePoints>
              <BranchPoints />
            </Method>
            <Method visited="true" cyclomaticComplexity="0" nPathComplexity="0" sequenceCoverage="100.0" branchCoverage="0" crapScore="0" isConstructor="false" isStatic="false" isGetter="false" isSetter="false">
              <Summary numSequencePoints="4" visitedSequencePoints="4" numBranchPoints="0" visitedBranchPoints="0" sequenceCoverage="100.0" branchCoverage="0" maxCyclomaticComplexity="0" minCyclomaticComplexity="0" maxCrapScore="0" minCrapScore="0" visitedClasses="0" numClasses="0" visitedMethods="1" numMethods="1" />
              <MetadataToken>100663419</MetadataToken>
              <Name>System.Void Menu::exitGame()</Name>
              <FileRef uid="11" />
              <SequencePoints>
                <SequencePoint vc="1" uspid="4344" ordinal="0" offset="0" sl="84" sc="5" el="84" ec="5" bec="0" bev="0" fileid="11" />
                <SequencePoint vc="1" uspid="4345" ordinal="0" offset="1" sl="85" sc="9" el="85" ec="9" bec="0" bev="0" fileid="11" />
                <SequencePoint vc="1" uspid="4346" ordinal="0" offset="12" sl="86" sc="9" el="86" ec="9" bec="0" bev="0" fileid="11" />
                <SequencePoint vc="1" uspid="4347" ordinal="0" offset="18" sl="87" sc="5" el="87" ec="5" bec="0" bev="0" fileid="11" />
              </SequencePoints>
              <BranchPoints />
            </Method>
            <Method visited="true" cyclomaticComplexity="0" nPathComplexity="0" sequenceCoverage="100.0" branchCoverage="0" crapScore="0" isConstructor="false" isStatic="false" isGetter="false" isSetter="false">
              <Summary numSequencePoints="4" visitedSequencePoints="4" numBranchPoints="0" visitedBranchPoints="0" sequenceCoverage="100.0" branchCoverage="0" maxCyclomaticComplexity="0" minCyclomaticComplexity="0" maxCrapScore="0" minCrapScore="0" visitedClasses="0" numClasses="0" visitedMethods="1" numMethods="1" />
              <MetadataToken>100663420</MetadataToken>
              <Name>System.Void Menu::loadMainMenu()</Name>
              <FileRef uid="11" />
              <SequencePoints>
                <SequencePoint vc="1" uspid="4348" ordinal="0" offset="0" sl="90" sc="5" el="90" ec="5" bec="0" bev="0" fileid="11" />
                <SequencePoint vc="1" uspid="4349" ordinal="0" offset="1" sl="91" sc="9" el="91" ec="9" bec="0" bev="0" fileid="11" />
                <SequencePoint vc="1" uspid="4350" ordinal="0" offset="7" sl="92" sc="9" el="92" ec="9" bec="0" bev="0" fileid="11" />
                <SequencePoint vc="1" uspid="4351" ordinal="0" offset="19" sl="93" sc="5" el="93" ec="5" bec="0" bev="0" fileid="11" />
              </SequencePoints>
              <BranchPoints />
            </Method>
            <Method visited="true" cyclomaticComplexity="0" nPathComplexity="0" sequenceCoverage="100.0" branchCoverage="0" crapScore="0" isConstructor="false" isStatic="false" isGetter="false" isSetter="false">
              <Summary numSequencePoints="14" visitedSequencePoints="14" numBranchPoints="0" visitedBranchPoints="0" sequenceCoverage="100.0" branchCoverage="0" maxCyclomaticComplexity="0" minCyclomaticComplexity="0" maxCrapScore="0" minCrapScore="0" visitedClasses="0" numClasses="0" visitedMethods="1" numMethods="1" />
              <MetadataToken>100663421</MetadataToken>
              <Name>System.Void Menu::loadOverworld20HP()</Name>
              <FileRef uid="11" />
              <SequencePoints>
                <SequencePoint vc="3" uspid="4352" ordinal="0" offset="0" sl="96" sc="5" el="96" ec="5" bec="0" bev="0" fileid="11" />
                <SequencePoint vc="3" uspid="4353" ordinal="0" offset="1" sl="97" sc="9" el="97" ec="9" bec="0" bev="0" fileid="11" />
                <SequencePoint vc="3" uspid="4354" ordinal="0" offset="14" sl="99" sc="9" el="99" ec="9" bec="0" bev="0" fileid="11" />
                <SequencePoint vc="2" uspid="4355" ordinal="0" offset="27" sl="100" sc="9" el="100" ec="9" bec="0" bev="0" fileid="11" />
                <SequencePoint vc="2" uspid="4356" ordinal="0" offset="28" sl="101" sc="13" el="101" ec="13" bec="0" bev="0" fileid="11" />
                <SequencePoint vc="2" uspid="4357" ordinal="0" offset="35" sl="102" sc="9" el="102" ec="9" bec="0" bev="0" fileid="11" />
                <SequencePoint vc="3" uspid="4358" ordinal="0" offset="36" sl="104" sc="9" el="104" ec="9" bec="0" bev="0" fileid="11" />
                <SequencePoint vc="1" uspid="4359" ordinal="0" offset="48" sl="104" sc="39" el="104" ec="39" bec="0" bev="0" fileid="11" />
                <SequencePoint vc="1" uspid="4360" ordinal="0" offset="49" sl="105" sc="13" el="105" ec="13" bec="0" bev="0" fileid="11" />
                <SequencePoint vc="1" uspid="4361" ordinal="0" offset="61" sl="106" sc="9" el="106" ec="9" bec="0" bev="0" fileid="11" />
                <SequencePoint vc="2" uspid="4362" ordinal="0" offset="64" sl="107" sc="14" el="107" ec="14" bec="0" bev="0" fileid="11" />
                <SequencePoint vc="2" uspid="4363" ordinal="0" offset="65" sl="108" sc="13" el="108" ec="13" bec="0" bev="0" fileid="11" />
                <SequencePoint vc="2" uspid="4364" ordinal="0" offset="77" sl="109" sc="9" el="109" ec="9" bec="0" bev="0" fileid="11" />
                <SequencePoint vc="3" uspid="4365" ordinal="0" offset="78" sl="110" sc="5" el="110" ec="5" bec="0" bev="0" fileid="11" />
              </SequencePoints>
              <BranchPoints />
            </Method>
            <Method visited="true" cyclomaticComplexity="0" nPathComplexity="0" sequenceCoverage="100.0" branchCoverage="0" crapScore="0" isConstructor="false" isStatic="false" isGetter="false" isSetter="false">
              <Summary numSequencePoints="9" visitedSequencePoints="9" numBranchPoints="0" visitedBranchPoints="0" sequenceCoverage="100.0" branchCoverage="0" maxCyclomaticComplexity="0" minCyclomaticComplexity="0" maxCrapScore="0" minCrapScore="0" visitedClasses="0" numClasses="0" visitedMethods="1" numMethods="1" />
              <MetadataToken>100663422</MetadataToken>
              <Name>System.Void Menu::loadCardSteal()</Name>
              <FileRef uid="11" />
              <SequencePoints>
                <SequencePoint vc="59" uspid="4366" ordinal="0" offset="0" sl="113" sc="5" el="113" ec="5" bec="0" bev="0" fileid="11" />
                <SequencePoint vc="59" uspid="4367" ordinal="0" offset="1" sl="114" sc="9" el="114" ec="9" bec="0" bev="0" fileid="11" />
                <SequencePoint vc="1" uspid="4368" ordinal="0" offset="13" sl="115" sc="9" el="115" ec="9" bec="0" bev="0" fileid="11" />
                <SequencePoint vc="1" uspid="4369" ordinal="0" offset="14" sl="116" sc="13" el="116" ec="13" bec="0" bev="0" fileid="11" />
                <SequencePoint vc="1" uspid="4370" ordinal="0" offset="26" sl="117" sc="9" el="117" ec="9" bec="0" bev="0" fileid="11" />
                <SequencePoint vc="58" uspid="4371" ordinal="0" offset="29" sl="119" sc="9" el="119" ec="9" bec="0" bev="0" fileid="11" />
                <SequencePoint vc="58" uspid="4372" ordinal="0" offset="30" sl="120" sc="13" el="120" ec="13" bec="0" bev="0" fileid="11" />
                <SequencePoint vc="58" uspid="4373" ordinal="0" offset="42" sl="121" sc="9" el="121" ec="9" bec="0" bev="0" fileid="11" />
                <SequencePoint vc="59" uspid="4374" ordinal="0" offset="43" sl="122" sc="5" el="122" ec="5" bec="0" bev="0" fileid="11" />
              </SequencePoints>
              <BranchPoints />
            </Method>
            <Method visited="true" cyclomaticComplexity="0" nPathComplexity="0" sequenceCoverage="71.43" branchCoverage="0" crapScore="0" isConstructor="false" isStatic="false" isGetter="false" isSetter="false">
              <Summary numSequencePoints="14" visitedSequencePoints="10" numBranchPoints="0" visitedBranchPoints="0" sequenceCoverage="71.43" branchCoverage="0" maxCyclomaticComplexity="0" minCyclomaticComplexity="0" maxCrapScore="0" minCrapScore="0" visitedClasses="0" numClasses="0" visitedMethods="1" numMethods="1" />
              <MetadataToken>100663432</MetadataToken>
              <Name>System.Void Menu::fadeToLevel(System.String)</Name>
              <FileRef uid="11" />
              <SequencePoints>
                <SequencePoint vc="90" uspid="4402" ordinal="0" offset="0" sl="169" sc="5" el="169" ec="5" bec="0" bev="0" fileid="11" />
                <SequencePoint vc="90" uspid="4403" ordinal="0" offset="1" sl="170" sc="9" el="170" ec="9" bec="0" bev="0" fileid="11" />
                <SequencePoint vc="0" uspid="4404" ordinal="0" offset="17" sl="171" sc="9" el="171" ec="9" bec="0" bev="0" fileid="11" />
                <SequencePoint vc="0" uspid="4405" ordinal="0" offset="18" sl="172" sc="13" el="172" ec="13" bec="0" bev="0" fileid="11" />
                <SequencePoint vc="0" uspid="4406" ordinal="0" offset="35" sl="173" sc="13" el="173" ec="13" bec="0" bev="0" fileid="11" />
                <SequencePoint vc="0" uspid="4407" ordinal="0" offset="42" sl="174" sc="9" el="174" ec="9" bec="0" bev="0" fileid="11" />
                <SequencePoint vc="90" uspid="4408" ordinal="0" offset="45" sl="177" sc="9" el="177" ec="9" bec="0" bev="0" fileid="11" />
                <SequencePoint vc="90" uspid="4409" ordinal="0" offset="46" sl="179" sc="9" el="179" ec="9" bec="0" bev="0" fileid="11" />
                <SequencePoint vc="90" uspid="4410" ordinal="0" offset="52" sl="180" sc="9" el="180" ec="9" bec="0" bev="0" fileid="11" />
                <SequencePoint vc="90" uspid="4411" ordinal="0" offset="60" sl="181" sc="9" el="181" ec="9" bec="0" bev="0" fileid="11" />
                <SequencePoint vc="90" uspid="4412" ordinal="0" offset="72" sl="182" sc="9" el="182" ec="9" bec="0" bev="0" fileid="11" />
                <SequencePoint vc="90" uspid="4413" ordinal="0" offset="75" sl="183" sc="9" el="183" ec="9" bec="0" bev="0" fileid="11" />
                <SequencePoint vc="90" uspid="4414" ordinal="0" offset="82" sl="185" sc="5" el="185" ec="5" bec="0" bev="0" fileid="11" />
                <SequencePoint vc="90" uspid="4415" ordinal="0" offset="83" sl="186" sc="9" el="186" ec="9" bec="0" bev="0" fileid="11" />
              </SequencePoints>
              <BranchPoints />
            </Method>
            <Method visited="true" cyclomaticComplexity="0" nPathComplexity="0" sequenceCoverage="100.0" branchCoverage="0" crapScore="0" isConstructor="true" isStatic="false" isGetter="false" isSetter="false">
              <Summary numSequencePoints="1" visitedSequencePoints="1" numBranchPoints="0" visitedBranchPoints="0" sequenceCoverage="100.0" branchCoverage="0" maxCyclomaticComplexity="0" minCyclomaticComplexity="0" maxCrapScore="0" minCrapScore="0" visitedClasses="0" numClasses="0" visitedMethods="1" numMethods="1" />
              <MetadataToken>100663433</MetadataToken>
              <Name>Menu::Menu()</Name>
              <FileRef uid="11" />
              <SequencePoints>
                <SequencePoint vc="281" uspid="4416" ordinal="0" offset="0" sl="53" sc="5" el="53" ec="5" bec="0" bev="0" fileid="11" />
              </SequencePoints>
              <BranchPoints />
            </Method>
          </Methods>
        </Class>
        <Class>
          <Summary numSequencePoints="3" visitedSequencePoints="3" numBranchPoints="0" visitedBranchPoints="0" sequenceCoverage="100.0" branchCoverage="0.0" maxCyclomaticComplexity="0" minCyclomaticComplexity="0" maxCrapScore="0" minCrapScore="0" visitedClasses="1" numClasses="1" visitedMethods="1" numMethods="1" />
          <FullName>Player</FullName>
          <Methods>
            <Method visited="true" cyclomaticComplexity="0" nPathComplexity="0" sequenceCoverage="100.0" branchCoverage="0" crapScore="0" isConstructor="true" isStatic="false" isGetter="false" isSetter="false">
              <Summary numSequencePoints="3" visitedSequencePoints="3" numBranchPoints="0" visitedBranchPoints="0" sequenceCoverage="100.0" branchCoverage="0" maxCyclomaticComplexity="0" minCyclomaticComplexity="0" maxCrapScore="0" minCrapScore="0" visitedClasses="0" numClasses="0" visitedMethods="1" numMethods="1" />
              <MetadataToken>100663459</MetadataToken>
              <Name>Player::Player()</Name>
              <FileRef uid="13" />
              <SequencePoints>
                <SequencePoint vc="35" uspid="4662" ordinal="0" offset="0" sl="47" sc="5" el="47" ec="5" bec="0" bev="0" fileid="13" />
                <SequencePoint vc="35" uspid="4663" ordinal="0" offset="11" sl="48" sc="5" el="48" ec="5" bec="0" bev="0" fileid="13" />
                <SequencePoint vc="35" uspid="4664" ordinal="0" offset="22" sl="49" sc="5" el="49" ec="5" bec="0" bev="0" fileid="13" />
              </SequencePoints>
              <BranchPoints />
            </Method>
          </Methods>
        </Class>
      </Classes>
    </Module>
  </Modules>
</CoverageSession>