<?xml version="1.0" encoding="utf-8"?>
<CoverageSession xmlns:xsd="http://www.w3.org/2001/XMLSchema" xmlns:xsi="http://www.w3.org/2001/XMLSchema-instance" Version="0.0.0.0">
  <Summary numSequencePoints="979" visitedSequencePoints="881" numBranchPoints="0" visitedBranchPoints="0" sequenceCoverage="89.99" branchCoverage="0.0" maxCyclomaticComplexity="0" minCyclomaticComplexity="0" maxCrapScore="0" minCrapScore="0" visitedClasses="18" numClasses="18" visitedMethods="74" numMethods="74" />
  <Modules>
    <Module>
      <Summary numSequencePoints="979" visitedSequencePoints="881" numBranchPoints="0" visitedBranchPoints="0" sequenceCoverage="89.99" branchCoverage="0.0" maxCyclomaticComplexity="0" minCyclomaticComplexity="0" maxCrapScore="0" minCrapScore="0" visitedClasses="18" numClasses="18" visitedMethods="74" numMethods="74" />
      <ModuleTime>0001-01-01T00:00:00</ModuleTime>
      <ModuleName>Scripts</ModuleName>
      <Files>
        <File uid="1" fullPath="C:/Users/EJUKESJO/OneDrive - Capgemini/Documents/GitHub/DC2TPR-MVP/DC2TPR-MVP/Assets/Scripts/ArmorBar.cs" />
        <File uid="2" fullPath="C:/Users/EJUKESJO/OneDrive - Capgemini/Documents/GitHub/DC2TPR-MVP/DC2TPR-MVP/Assets/Scripts/Camera.cs" />
        <File uid="3" fullPath="C:/Users/EJUKESJO/OneDrive - Capgemini/Documents/GitHub/DC2TPR-MVP/DC2TPR-MVP/Assets/Scripts/Card.cs" />
        <File uid="4" fullPath="C:/Users/EJUKESJO/OneDrive - Capgemini/Documents/GitHub/DC2TPR-MVP/DC2TPR-MVP/Assets/Scripts/CardStealing.cs" />
        <File uid="5" fullPath="C:/Users/EJUKESJO/OneDrive - Capgemini/Documents/GitHub/DC2TPR-MVP/DC2TPR-MVP/Assets/Scripts/Enemies.cs" />
        <File uid="6" fullPath="C:/Users/EJUKESJO/OneDrive - Capgemini/Documents/GitHub/DC2TPR-MVP/DC2TPR-MVP/Assets/Scripts/Enemy.cs" />
        <File uid="7" fullPath="C:/Users/EJUKESJO/OneDrive - Capgemini/Documents/GitHub/DC2TPR-MVP/DC2TPR-MVP/Assets/Scripts/Event.cs" />
        <File uid="8" fullPath="C:/Users/EJUKESJO/OneDrive - Capgemini/Documents/GitHub/DC2TPR-MVP/DC2TPR-MVP/Assets/Scripts/EventManager.cs" />
        <File uid="9" fullPath="C:/Users/EJUKESJO/OneDrive - Capgemini/Documents/GitHub/DC2TPR-MVP/DC2TPR-MVP/Assets/Scripts/GameController.cs" />
        <File uid="10" fullPath="C:/Users/EJUKESJO/OneDrive - Capgemini/Documents/GitHub/DC2TPR-MVP/DC2TPR-MVP/Assets/Scripts/HealthBar.cs" />
        <File uid="11" fullPath="C:/Users/EJUKESJO/OneDrive - Capgemini/Documents/GitHub/DC2TPR-MVP/DC2TPR-MVP/Assets/Scripts/LevelChanger.cs" />
        <File uid="12" fullPath="C:/Users/EJUKESJO/OneDrive - Capgemini/Documents/GitHub/DC2TPR-MVP/DC2TPR-MVP/Assets/Scripts/Menu.cs" />
        <File uid="13" fullPath="C:/Users/EJUKESJO/OneDrive - Capgemini/Documents/GitHub/DC2TPR-MVP/DC2TPR-MVP/Assets/Scripts/OverworldPlayerHealth.cs" />
        <File uid="14" fullPath="C:/Users/EJUKESJO/OneDrive - Capgemini/Documents/GitHub/DC2TPR-MVP/DC2TPR-MVP/Assets/Scripts/Player.cs" />
        <File uid="15" fullPath="C:/Users/EJUKESJO/OneDrive - Capgemini/Documents/GitHub/DC2TPR-MVP/DC2TPR-MVP/Assets/Scripts/ScaleChange.cs" />
        <File uid="16" fullPath="C:/Users/EJUKESJO/OneDrive - Capgemini/Documents/GitHub/DC2TPR-MVP/DC2TPR-MVP/Assets/Scripts/StageCompleteTextManipulator.cs" />
        <File uid="17" fullPath="C:/Users/EJUKESJO/OneDrive - Capgemini/Documents/GitHub/DC2TPR-MVP/DC2TPR-MVP/Assets/Scripts/StageTextManipulator.cs" />
        <File uid="18" fullPath="C:/Users/EJUKESJO/OneDrive - Capgemini/Documents/GitHub/DC2TPR-MVP/DC2TPR-MVP/Assets/Scripts/ViewCardsUI.cs" />
      </Files>
      <Classes>
        <Class>
          <Summary numSequencePoints="11" visitedSequencePoints="8" numBranchPoints="0" visitedBranchPoints="0" sequenceCoverage="72.73" branchCoverage="0.0" maxCyclomaticComplexity="0" minCyclomaticComplexity="0" maxCrapScore="0" minCrapScore="0" visitedClasses="1" numClasses="1" visitedMethods="2" numMethods="2" />
          <FullName>ArmorBar</FullName>
          <Methods>
            <Method visited="true" cyclomaticComplexity="0" nPathComplexity="0" sequenceCoverage="57.14" branchCoverage="0" crapScore="0" isConstructor="false" isStatic="false" isGetter="false" isSetter="false">
              <Summary numSequencePoints="7" visitedSequencePoints="4" numBranchPoints="0" visitedBranchPoints="0" sequenceCoverage="57.14" branchCoverage="0" maxCyclomaticComplexity="0" minCyclomaticComplexity="0" maxCrapScore="0" minCrapScore="0" visitedClasses="0" numClasses="0" visitedMethods="1" numMethods="1" />
              <MetadataToken>100663297</MetadataToken>
              <Name>System.Void ArmorBar::setArmor(System.Int32)</Name>
              <FileRef uid="1" />
              <SequencePoints>
                <SequencePoint vc="3" uspid="1244" ordinal="0" offset="0" sl="37" sc="5" el="37" ec="5" bec="0" bev="0" fileid="1" />
                <SequencePoint vc="3" uspid="1245" ordinal="0" offset="1" sl="38" sc="9" el="38" ec="9" bec="0" bev="0" fileid="1" />
                <SequencePoint vc="3" uspid="1246" ordinal="0" offset="15" sl="39" sc="9" el="39" ec="9" bec="0" bev="0" fileid="1" />
                <SequencePoint vc="0" uspid="1247" ordinal="0" offset="43" sl="40" sc="9" el="40" ec="9" bec="0" bev="0" fileid="1" />
                <SequencePoint vc="0" uspid="1248" ordinal="0" offset="44" sl="41" sc="13" el="41" ec="13" bec="0" bev="0" fileid="1" />
                <SequencePoint vc="0" uspid="1249" ordinal="0" offset="67" sl="42" sc="9" el="42" ec="9" bec="0" bev="0" fileid="1" />
                <SequencePoint vc="3" uspid="1250" ordinal="0" offset="68" sl="43" sc="5" el="43" ec="5" bec="0" bev="0" fileid="1" />
              </SequencePoints>
              <BranchPoints />
            </Method>
            <Method visited="true" cyclomaticComplexity="0" nPathComplexity="0" sequenceCoverage="100.0" branchCoverage="0" crapScore="0" isConstructor="false" isStatic="false" isGetter="false" isSetter="false">
              <Summary numSequencePoints="4" visitedSequencePoints="4" numBranchPoints="0" visitedBranchPoints="0" sequenceCoverage="100.0" branchCoverage="0" maxCyclomaticComplexity="0" minCyclomaticComplexity="0" maxCrapScore="0" minCrapScore="0" visitedClasses="0" numClasses="0" visitedMethods="1" numMethods="1" />
              <MetadataToken>100663298</MetadataToken>
              <Name>System.Void ArmorBar::setMaxArmor(System.Int32)</Name>
              <FileRef uid="1" />
              <SequencePoints>
                <SequencePoint vc="3" uspid="1251" ordinal="0" offset="0" sl="56" sc="5" el="56" ec="5" bec="0" bev="0" fileid="1" />
                <SequencePoint vc="3" uspid="1252" ordinal="0" offset="1" sl="57" sc="9" el="57" ec="9" bec="0" bev="0" fileid="1" />
                <SequencePoint vc="3" uspid="1253" ordinal="0" offset="15" sl="58" sc="9" el="58" ec="9" bec="0" bev="0" fileid="1" />
                <SequencePoint vc="3" uspid="1254" ordinal="0" offset="29" sl="59" sc="5" el="59" ec="5" bec="0" bev="0" fileid="1" />
              </SequencePoints>
              <BranchPoints />
            </Method>
          </Methods>
        </Class>
        <Class>
          <Summary numSequencePoints="8" visitedSequencePoints="8" numBranchPoints="0" visitedBranchPoints="0" sequenceCoverage="100.0" branchCoverage="0.0" maxCyclomaticComplexity="0" minCyclomaticComplexity="0" maxCrapScore="0" minCrapScore="0" visitedClasses="1" numClasses="1" visitedMethods="2" numMethods="2" />
          <FullName>Camera</FullName>
          <Methods>
            <Method visited="true" cyclomaticComplexity="0" nPathComplexity="0" sequenceCoverage="100.0" branchCoverage="0" crapScore="0" isConstructor="false" isStatic="false" isGetter="false" isSetter="false">
              <Summary numSequencePoints="7" visitedSequencePoints="7" numBranchPoints="0" visitedBranchPoints="0" sequenceCoverage="100.0" branchCoverage="0" maxCyclomaticComplexity="0" minCyclomaticComplexity="0" maxCrapScore="0" minCrapScore="0" visitedClasses="0" numClasses="0" visitedMethods="1" numMethods="1" />
              <MetadataToken>100663304</MetadataToken>
              <Name>System.Void Camera::Update()</Name>
              <FileRef uid="2" />
              <SequencePoints>
                <SequencePoint vc="1" uspid="1255" ordinal="0" offset="0" sl="37" sc="5" el="37" ec="5" bec="0" bev="0" fileid="2" />
                <SequencePoint vc="1" uspid="1256" ordinal="0" offset="1" sl="38" sc="9" el="38" ec="9" bec="0" bev="0" fileid="2" />
                <SequencePoint vc="1" uspid="1257" ordinal="0" offset="12" sl="39" sc="9" el="39" ec="9" bec="0" bev="0" fileid="2" />
                <SequencePoint vc="1" uspid="1258" ordinal="0" offset="23" sl="41" sc="9" el="41" ec="9" bec="0" bev="0" fileid="2" />
                <SequencePoint vc="1" uspid="1259" ordinal="0" offset="37" sl="42" sc="9" el="42" ec="9" bec="0" bev="0" fileid="2" />
                <SequencePoint vc="1" uspid="1260" ordinal="0" offset="66" sl="43" sc="9" el="43" ec="9" bec="0" bev="0" fileid="2" />
                <SequencePoint vc="1" uspid="1261" ordinal="0" offset="90" sl="44" sc="5" el="44" ec="5" bec="0" bev="0" fileid="2" />
              </SequencePoints>
              <BranchPoints />
            </Method>
            <Method visited="true" cyclomaticComplexity="0" nPathComplexity="0" sequenceCoverage="100.0" branchCoverage="0" crapScore="0" isConstructor="true" isStatic="false" isGetter="false" isSetter="false">
              <Summary numSequencePoints="1" visitedSequencePoints="1" numBranchPoints="0" visitedBranchPoints="0" sequenceCoverage="100.0" branchCoverage="0" maxCyclomaticComplexity="0" minCyclomaticComplexity="0" maxCrapScore="0" minCrapScore="0" visitedClasses="0" numClasses="0" visitedMethods="1" numMethods="1" />
              <MetadataToken>100663305</MetadataToken>
              <Name>Camera::Camera()</Name>
              <FileRef uid="2" />
              <SequencePoints>
                <SequencePoint vc="54" uspid="1262" ordinal="0" offset="0" sl="20" sc="5" el="20" ec="5" bec="0" bev="0" fileid="2" />
              </SequencePoints>
              <BranchPoints />
            </Method>
          </Methods>
        </Class>
        <Class>
          <Summary numSequencePoints="38" visitedSequencePoints="27" numBranchPoints="0" visitedBranchPoints="0" sequenceCoverage="71.05" branchCoverage="0.0" maxCyclomaticComplexity="0" minCyclomaticComplexity="0" maxCrapScore="0" minCrapScore="0" visitedClasses="1" numClasses="1" visitedMethods="3" numMethods="3" />
          <FullName>Card</FullName>
          <Methods>
            <Method visited="true" cyclomaticComplexity="0" nPathComplexity="0" sequenceCoverage="85.71" branchCoverage="0" crapScore="0" isConstructor="false" isStatic="false" isGetter="false" isSetter="false">
              <Summary numSequencePoints="7" visitedSequencePoints="6" numBranchPoints="0" visitedBranchPoints="0" sequenceCoverage="85.71" branchCoverage="0" maxCyclomaticComplexity="0" minCyclomaticComplexity="0" maxCrapScore="0" minCrapScore="0" visitedClasses="0" numClasses="0" visitedMethods="1" numMethods="1" />
              <MetadataToken>100663306</MetadataToken>
              <Name>System.Void Card::Start()</Name>
              <FileRef uid="3" />
              <SequencePoints>
                <SequencePoint vc="1" uspid="1263" ordinal="0" offset="0" sl="65" sc="5" el="65" ec="5" bec="0" bev="0" fileid="3" />
                <SequencePoint vc="1" uspid="1264" ordinal="0" offset="1" sl="66" sc="9" el="66" ec="9" bec="0" bev="0" fileid="3" />
                <SequencePoint vc="1" uspid="1265" ordinal="0" offset="8" sl="67" sc="9" el="67" ec="9" bec="0" bev="0" fileid="3" />
                <SequencePoint vc="1" uspid="1266" ordinal="0" offset="19" sl="68" sc="9" el="68" ec="9" bec="0" bev="0" fileid="3" />
                <SequencePoint vc="1" uspid="1267" ordinal="0" offset="30" sl="69" sc="9" el="69" ec="9" bec="0" bev="0" fileid="3" />
                <SequencePoint vc="1" uspid="1268" ordinal="0" offset="37" sl="70" sc="9" el="70" ec="9" bec="0" bev="0" fileid="3" />
                <SequencePoint vc="0" uspid="1269" ordinal="0" offset="54" sl="71" sc="5" el="71" ec="5" bec="0" bev="0" fileid="3" />
              </SequencePoints>
              <BranchPoints />
            </Method>
            <Method visited="true" cyclomaticComplexity="0" nPathComplexity="0" sequenceCoverage="44.44" branchCoverage="0" crapScore="0" isConstructor="false" isStatic="false" isGetter="false" isSetter="false">
              <Summary numSequencePoints="18" visitedSequencePoints="8" numBranchPoints="0" visitedBranchPoints="0" sequenceCoverage="44.44" branchCoverage="0" maxCyclomaticComplexity="0" minCyclomaticComplexity="0" maxCrapScore="0" minCrapScore="0" visitedClasses="0" numClasses="0" visitedMethods="1" numMethods="1" />
              <MetadataToken>100663312</MetadataToken>
              <Name>System.Void Card::assignCardUI()</Name>
              <FileRef uid="3" />
              <SequencePoints>
                <SequencePoint vc="13" uspid="1314" ordinal="0" offset="0" sl="207" sc="5" el="207" ec="5" bec="0" bev="0" fileid="3" />
                <SequencePoint vc="13" uspid="1315" ordinal="0" offset="1" sl="209" sc="9" el="209" ec="9" bec="0" bev="0" fileid="3" />
                <SequencePoint vc="13" uspid="1316" ordinal="0" offset="2013" sl="360" sc="9" el="360" ec="9" bec="0" bev="0" fileid="3" />
                <SequencePoint vc="13" uspid="1317" ordinal="0" offset="2024" sl="361" sc="9" el="361" ec="9" bec="0" bev="0" fileid="3" />
                <SequencePoint vc="13" uspid="1318" ordinal="0" offset="2051" sl="363" sc="9" el="363" ec="9" bec="0" bev="0" fileid="3" />
                <SequencePoint vc="13" uspid="1319" ordinal="0" offset="2052" sl="363" sc="37" el="363" ec="37" bec="0" bev="0" fileid="3" />
                <SequencePoint vc="0" uspid="1320" ordinal="0" offset="2059" sl="363" sc="18" el="363" ec="18" bec="0" bev="0" fileid="3" />
                <SequencePoint vc="0" uspid="1321" ordinal="0" offset="2065" sl="364" sc="9" el="364" ec="9" bec="0" bev="0" fileid="3" />
                <SequencePoint vc="0" uspid="1322" ordinal="0" offset="2066" sl="365" sc="13" el="365" ec="13" bec="0" bev="0" fileid="3" />
                <SequencePoint vc="0" uspid="1323" ordinal="0" offset="2075" sl="366" sc="13" el="366" ec="13" bec="0" bev="0" fileid="3" />
                <SequencePoint vc="0" uspid="1324" ordinal="0" offset="2106" sl="367" sc="13" el="367" ec="13" bec="0" bev="0" fileid="3" />
                <SequencePoint vc="0" uspid="1325" ordinal="0" offset="2107" sl="369" sc="17" el="369" ec="17" bec="0" bev="0" fileid="3" />
                <SequencePoint vc="0" uspid="1326" ordinal="0" offset="2116" sl="370" sc="17" el="370" ec="17" bec="0" bev="0" fileid="3" />
                <SequencePoint vc="0" uspid="1327" ordinal="0" offset="2146" sl="371" sc="17" el="371" ec="17" bec="0" bev="0" fileid="3" />
                <SequencePoint vc="0" uspid="1328" ordinal="0" offset="2156" sl="372" sc="13" el="372" ec="13" bec="0" bev="0" fileid="3" />
                <SequencePoint vc="0" uspid="1329" ordinal="0" offset="2157" sl="373" sc="9" el="373" ec="9" bec="0" bev="0" fileid="3" />
                <SequencePoint vc="13" uspid="1330" ordinal="0" offset="2164" sl="363" sc="34" el="363" ec="34" bec="0" bev="0" fileid="3" />
                <SequencePoint vc="13" uspid="1331" ordinal="0" offset="2171" sl="374" sc="5" el="374" ec="5" bec="0" bev="0" fileid="3" />
              </SequencePoints>
              <BranchPoints />
            </Method>
            <Method visited="true" cyclomaticComplexity="0" nPathComplexity="0" sequenceCoverage="100.0" branchCoverage="0" crapScore="0" isConstructor="true" isStatic="false" isGetter="false" isSetter="false">
              <Summary numSequencePoints="13" visitedSequencePoints="13" numBranchPoints="0" visitedBranchPoints="0" sequenceCoverage="100.0" branchCoverage="0" maxCyclomaticComplexity="0" minCyclomaticComplexity="0" maxCrapScore="0" minCrapScore="0" visitedClasses="0" numClasses="0" visitedMethods="1" numMethods="1" />
              <MetadataToken>100663307</MetadataToken>
              <Name>Card::Card(System.String, System.Int32, System.Boolean, System.Int32, System.Int32, System.Int32, System.Int32, System.Boolean, System.Int32, System.Int32)</Name>
              <FileRef uid="3" />
              <SequencePoints>
                <SequencePoint vc="8439" uspid="1332" ordinal="0" offset="0" sl="83" sc="5" el="83" ec="5" bec="0" bev="0" fileid="3" />
                <SequencePoint vc="8439" uspid="1333" ordinal="0" offset="7" sl="94" sc="5" el="94" ec="5" bec="0" bev="0" fileid="3" />
                <SequencePoint vc="8439" uspid="1334" ordinal="0" offset="8" sl="95" sc="9" el="95" ec="9" bec="0" bev="0" fileid="3" />
                <SequencePoint vc="8439" uspid="1335" ordinal="0" offset="15" sl="96" sc="9" el="96" ec="9" bec="0" bev="0" fileid="3" />
                <SequencePoint vc="8439" uspid="1336" ordinal="0" offset="22" sl="97" sc="9" el="97" ec="9" bec="0" bev="0" fileid="3" />
                <SequencePoint vc="8439" uspid="1337" ordinal="0" offset="29" sl="98" sc="9" el="98" ec="9" bec="0" bev="0" fileid="3" />
                <SequencePoint vc="8439" uspid="1338" ordinal="0" offset="37" sl="99" sc="9" el="99" ec="9" bec="0" bev="0" fileid="3" />
                <SequencePoint vc="8439" uspid="1339" ordinal="0" offset="45" sl="100" sc="9" el="100" ec="9" bec="0" bev="0" fileid="3" />
                <SequencePoint vc="8439" uspid="1340" ordinal="0" offset="53" sl="101" sc="9" el="101" ec="9" bec="0" bev="0" fileid="3" />
                <SequencePoint vc="8439" uspid="1341" ordinal="0" offset="61" sl="102" sc="9" el="102" ec="9" bec="0" bev="0" fileid="3" />
                <SequencePoint vc="8439" uspid="1342" ordinal="0" offset="69" sl="103" sc="9" el="103" ec="9" bec="0" bev="0" fileid="3" />
                <SequencePoint vc="8439" uspid="1343" ordinal="0" offset="77" sl="104" sc="9" el="104" ec="9" bec="0" bev="0" fileid="3" />
                <SequencePoint vc="8439" uspid="1344" ordinal="0" offset="85" sl="105" sc="5" el="105" ec="5" bec="0" bev="0" fileid="3" />
              </SequencePoints>
              <BranchPoints />
            </Method>
          </Methods>
        </Class>
        <Class>
          <Summary numSequencePoints="22" visitedSequencePoints="22" numBranchPoints="0" visitedBranchPoints="0" sequenceCoverage="100.0" branchCoverage="0.0" maxCyclomaticComplexity="0" minCyclomaticComplexity="0" maxCrapScore="0" minCrapScore="0" visitedClasses="1" numClasses="1" visitedMethods="3" numMethods="3" />
          <FullName>CardStealing</FullName>
          <Methods>
            <Method visited="true" cyclomaticComplexity="0" nPathComplexity="0" sequenceCoverage="100.0" branchCoverage="0" crapScore="0" isConstructor="false" isStatic="false" isGetter="false" isSetter="false">
              <Summary numSequencePoints="3" visitedSequencePoints="3" numBranchPoints="0" visitedBranchPoints="0" sequenceCoverage="100.0" branchCoverage="0" maxCyclomaticComplexity="0" minCyclomaticComplexity="0" maxCrapScore="0" minCrapScore="0" visitedClasses="0" numClasses="0" visitedMethods="1" numMethods="1" />
              <MetadataToken>100663317</MetadataToken>
              <Name>System.Void CardStealing::Start()</Name>
              <FileRef uid="4" />
              <SequencePoints>
                <SequencePoint vc="1" uspid="1345" ordinal="0" offset="0" sl="36" sc="5" el="36" ec="5" bec="0" bev="0" fileid="4" />
                <SequencePoint vc="1" uspid="1346" ordinal="0" offset="1" sl="37" sc="9" el="37" ec="9" bec="0" bev="0" fileid="4" />
                <SequencePoint vc="1" uspid="1347" ordinal="0" offset="8" sl="38" sc="5" el="38" ec="5" bec="0" bev="0" fileid="4" />
              </SequencePoints>
              <BranchPoints />
            </Method>
            <Method visited="true" cyclomaticComplexity="0" nPathComplexity="0" sequenceCoverage="100.0" branchCoverage="0" crapScore="0" isConstructor="false" isStatic="false" isGetter="false" isSetter="false">
              <Summary numSequencePoints="18" visitedSequencePoints="18" numBranchPoints="0" visitedBranchPoints="0" sequenceCoverage="100.0" branchCoverage="0" maxCyclomaticComplexity="0" minCyclomaticComplexity="0" maxCrapScore="0" minCrapScore="0" visitedClasses="0" numClasses="0" visitedMethods="1" numMethods="1" />
              <MetadataToken>100663318</MetadataToken>
              <Name>System.Void CardStealing::AssignEnemyCards()</Name>
              <FileRef uid="4" />
              <SequencePoints>
                <SequencePoint vc="1" uspid="1348" ordinal="0" offset="0" sl="52" sc="5" el="52" ec="5" bec="0" bev="0" fileid="4" />
                <SequencePoint vc="1" uspid="1349" ordinal="0" offset="1" sl="53" sc="13" el="53" ec="13" bec="0" bev="0" fileid="4" />
                <SequencePoint vc="4" uspid="1350" ordinal="0" offset="8" sl="54" sc="9" el="54" ec="9" bec="0" bev="0" fileid="4" />
                <SequencePoint vc="4" uspid="1351" ordinal="0" offset="9" sl="55" sc="13" el="55" ec="13" bec="0" bev="0" fileid="4" />
                <SequencePoint vc="4" uspid="1352" ordinal="0" offset="21" sl="56" sc="13" el="56" ec="13" bec="0" bev="0" fileid="4" />
                <SequencePoint vc="4" uspid="1353" ordinal="0" offset="44" sl="57" sc="13" el="57" ec="13" bec="0" bev="0" fileid="4" />
                <SequencePoint vc="4" uspid="1354" ordinal="0" offset="67" sl="58" sc="13" el="58" ec="13" bec="0" bev="0" fileid="4" />
                <SequencePoint vc="4" uspid="1355" ordinal="0" offset="90" sl="59" sc="13" el="59" ec="13" bec="0" bev="0" fileid="4" />
                <SequencePoint vc="4" uspid="1356" ordinal="0" offset="113" sl="60" sc="13" el="60" ec="13" bec="0" bev="0" fileid="4" />
                <SequencePoint vc="4" uspid="1357" ordinal="0" offset="136" sl="62" sc="13" el="62" ec="13" bec="0" bev="0" fileid="4" />
                <SequencePoint vc="4" uspid="1358" ordinal="0" offset="159" sl="63" sc="13" el="63" ec="13" bec="0" bev="0" fileid="4" />
                <SequencePoint vc="4" uspid="1359" ordinal="0" offset="182" sl="64" sc="13" el="64" ec="13" bec="0" bev="0" fileid="4" />
                <SequencePoint vc="4" uspid="1360" ordinal="0" offset="205" sl="65" sc="13" el="65" ec="13" bec="0" bev="0" fileid="4" />
                <SequencePoint vc="4" uspid="1361" ordinal="0" offset="228" sl="66" sc="13" el="66" ec="13" bec="0" bev="0" fileid="4" />
                <SequencePoint vc="4" uspid="1362" ordinal="0" offset="251" sl="67" sc="9" el="67" ec="9" bec="0" bev="0" fileid="4" />
                <SequencePoint vc="4" uspid="1363" ordinal="0" offset="252" sl="53" sc="68" el="53" ec="68" bec="0" bev="0" fileid="4" />
                <SequencePoint vc="5" uspid="1364" ordinal="0" offset="256" sl="53" sc="24" el="53" ec="24" bec="0" bev="0" fileid="4" />
                <SequencePoint vc="1" uspid="1365" ordinal="0" offset="276" sl="68" sc="5" el="68" ec="5" bec="0" bev="0" fileid="4" />
              </SequencePoints>
              <BranchPoints />
            </Method>
            <Method visited="true" cyclomaticComplexity="0" nPathComplexity="0" sequenceCoverage="100.0" branchCoverage="0" crapScore="0" isConstructor="true" isStatic="false" isGetter="false" isSetter="false">
              <Summary numSequencePoints="1" visitedSequencePoints="1" numBranchPoints="0" visitedBranchPoints="0" sequenceCoverage="100.0" branchCoverage="0" maxCyclomaticComplexity="0" minCyclomaticComplexity="0" maxCrapScore="0" minCrapScore="0" visitedClasses="0" numClasses="0" visitedMethods="1" numMethods="1" />
              <MetadataToken>100663319</MetadataToken>
              <Name>CardStealing::CardStealing()</Name>
              <FileRef uid="4" />
              <SequencePoints>
                <SequencePoint vc="112" uspid="1366" ordinal="0" offset="0" sl="24" sc="5" el="24" ec="5" bec="0" bev="0" fileid="4" />
              </SequencePoints>
              <BranchPoints />
            </Method>
          </Methods>
        </Class>
        <Class>
          <Summary numSequencePoints="215" visitedSequencePoints="209" numBranchPoints="0" visitedBranchPoints="0" sequenceCoverage="97.21" branchCoverage="0.0" maxCyclomaticComplexity="0" minCyclomaticComplexity="0" maxCrapScore="0" minCrapScore="0" visitedClasses="1" numClasses="1" visitedMethods="4" numMethods="4" />
          <FullName>Enemies</FullName>
          <Methods>
            <Method visited="true" cyclomaticComplexity="0" nPathComplexity="0" sequenceCoverage="100.0" branchCoverage="0" crapScore="0" isConstructor="false" isStatic="false" isGetter="false" isSetter="false">
              <Summary numSequencePoints="33" visitedSequencePoints="33" numBranchPoints="0" visitedBranchPoints="0" sequenceCoverage="100.0" branchCoverage="0" maxCyclomaticComplexity="0" minCyclomaticComplexity="0" maxCrapScore="0" minCrapScore="0" visitedClasses="0" numClasses="0" visitedMethods="1" numMethods="1" />
              <MetadataToken>100663331</MetadataToken>
              <Name>System.Void Enemies::createStageEnemies()</Name>
              <FileRef uid="5" />
              <SequencePoints>
                <SequencePoint vc="58" uspid="1367" ordinal="0" offset="0" sl="50" sc="5" el="50" ec="5" bec="0" bev="0" fileid="5" />
                <SequencePoint vc="58" uspid="1368" ordinal="0" offset="1" sl="51" sc="9" el="51" ec="9" bec="0" bev="0" fileid="5" />
                <SequencePoint vc="58" uspid="1369" ordinal="0" offset="35" sl="52" sc="9" el="52" ec="9" bec="0" bev="0" fileid="5" />
                <SequencePoint vc="58" uspid="1370" ordinal="0" offset="69" sl="53" sc="9" el="53" ec="9" bec="0" bev="0" fileid="5" />
                <SequencePoint vc="58" uspid="1371" ordinal="0" offset="103" sl="54" sc="9" el="54" ec="9" bec="0" bev="0" fileid="5" />
                <SequencePoint vc="58" uspid="1372" ordinal="0" offset="137" sl="55" sc="9" el="55" ec="9" bec="0" bev="0" fileid="5" />
                <SequencePoint vc="58" uspid="1373" ordinal="0" offset="171" sl="56" sc="9" el="56" ec="9" bec="0" bev="0" fileid="5" />
                <SequencePoint vc="58" uspid="1374" ordinal="0" offset="205" sl="57" sc="9" el="57" ec="9" bec="0" bev="0" fileid="5" />
                <SequencePoint vc="58" uspid="1375" ordinal="0" offset="239" sl="59" sc="9" el="59" ec="9" bec="0" bev="0" fileid="5" />
                <SequencePoint vc="58" uspid="1376" ordinal="0" offset="273" sl="60" sc="9" el="60" ec="9" bec="0" bev="0" fileid="5" />
                <SequencePoint vc="58" uspid="1377" ordinal="0" offset="307" sl="61" sc="9" el="61" ec="9" bec="0" bev="0" fileid="5" />
                <SequencePoint vc="58" uspid="1378" ordinal="0" offset="342" sl="62" sc="9" el="62" ec="9" bec="0" bev="0" fileid="5" />
                <SequencePoint vc="58" uspid="1379" ordinal="0" offset="377" sl="63" sc="9" el="63" ec="9" bec="0" bev="0" fileid="5" />
                <SequencePoint vc="58" uspid="1380" ordinal="0" offset="412" sl="64" sc="9" el="64" ec="9" bec="0" bev="0" fileid="5" />
                <SequencePoint vc="58" uspid="1381" ordinal="0" offset="447" sl="65" sc="9" el="65" ec="9" bec="0" bev="0" fileid="5" />
                <SequencePoint vc="58" uspid="1382" ordinal="0" offset="482" sl="68" sc="9" el="68" ec="9" bec="0" bev="0" fileid="5" />
                <SequencePoint vc="58" uspid="1383" ordinal="0" offset="517" sl="69" sc="9" el="69" ec="9" bec="0" bev="0" fileid="5" />
                <SequencePoint vc="58" uspid="1384" ordinal="0" offset="552" sl="70" sc="9" el="70" ec="9" bec="0" bev="0" fileid="5" />
                <SequencePoint vc="58" uspid="1385" ordinal="0" offset="587" sl="71" sc="9" el="71" ec="9" bec="0" bev="0" fileid="5" />
                <SequencePoint vc="58" uspid="1386" ordinal="0" offset="622" sl="72" sc="9" el="72" ec="9" bec="0" bev="0" fileid="5" />
                <SequencePoint vc="58" uspid="1387" ordinal="0" offset="657" sl="73" sc="9" el="73" ec="9" bec="0" bev="0" fileid="5" />
                <SequencePoint vc="58" uspid="1388" ordinal="0" offset="692" sl="74" sc="9" el="74" ec="9" bec="0" bev="0" fileid="5" />
                <SequencePoint vc="58" uspid="1389" ordinal="0" offset="727" sl="77" sc="9" el="77" ec="9" bec="0" bev="0" fileid="5" />
                <SequencePoint vc="58" uspid="1390" ordinal="0" offset="762" sl="78" sc="9" el="78" ec="9" bec="0" bev="0" fileid="5" />
                <SequencePoint vc="58" uspid="1391" ordinal="0" offset="797" sl="79" sc="9" el="79" ec="9" bec="0" bev="0" fileid="5" />
                <SequencePoint vc="58" uspid="1392" ordinal="0" offset="832" sl="80" sc="9" el="80" ec="9" bec="0" bev="0" fileid="5" />
                <SequencePoint vc="58" uspid="1393" ordinal="0" offset="867" sl="81" sc="9" el="81" ec="9" bec="0" bev="0" fileid="5" />
                <SequencePoint vc="58" uspid="1394" ordinal="0" offset="902" sl="82" sc="9" el="82" ec="9" bec="0" bev="0" fileid="5" />
                <SequencePoint vc="58" uspid="1395" ordinal="0" offset="937" sl="83" sc="9" el="83" ec="9" bec="0" bev="0" fileid="5" />
                <SequencePoint vc="58" uspid="1396" ordinal="0" offset="972" sl="86" sc="9" el="86" ec="9" bec="0" bev="0" fileid="5" />
                <SequencePoint vc="58" uspid="1397" ordinal="0" offset="1006" sl="87" sc="9" el="87" ec="9" bec="0" bev="0" fileid="5" />
                <SequencePoint vc="58" uspid="1398" ordinal="0" offset="1041" sl="88" sc="9" el="88" ec="9" bec="0" bev="0" fileid="5" />
                <SequencePoint vc="58" uspid="1399" ordinal="0" offset="1076" sl="89" sc="5" el="89" ec="5" bec="0" bev="0" fileid="5" />
              </SequencePoints>
              <BranchPoints />
            </Method>
            <Method visited="true" cyclomaticComplexity="0" nPathComplexity="0" sequenceCoverage="94.12" branchCoverage="0" crapScore="0" isConstructor="false" isStatic="false" isGetter="false" isSetter="false">
              <Summary numSequencePoints="17" visitedSequencePoints="16" numBranchPoints="0" visitedBranchPoints="0" sequenceCoverage="94.12" branchCoverage="0" maxCyclomaticComplexity="0" minCyclomaticComplexity="0" maxCrapScore="0" minCrapScore="0" visitedClasses="0" numClasses="0" visitedMethods="1" numMethods="1" />
              <MetadataToken>100663332</MetadataToken>
              <Name>Enemy Enemies::selectEnemy(System.Int32, System.Int32)</Name>
              <FileRef uid="5" />
              <SequencePoints>
                <SequencePoint vc="57" uspid="1400" ordinal="0" offset="0" sl="109" sc="70" el="109" ec="70" bec="0" bev="0" fileid="5" />
                <SequencePoint vc="57" uspid="1401" ordinal="0" offset="1" sl="110" sc="9" el="110" ec="9" bec="0" bev="0" fileid="5" />
                <SequencePoint vc="57" uspid="1402" ordinal="0" offset="8" sl="111" sc="9" el="111" ec="9" bec="0" bev="0" fileid="5" />
                <SequencePoint vc="57" uspid="1403" ordinal="0" offset="10" sl="112" sc="9" el="112" ec="9" bec="0" bev="0" fileid="5" />
                <SequencePoint vc="1483" uspid="1404" ordinal="0" offset="14" sl="113" sc="32" el="113" ec="32" bec="0" bev="0" fileid="5" />
                <SequencePoint vc="1483" uspid="1405" ordinal="0" offset="15" sl="114" sc="13" el="114" ec="13" bec="0" bev="0" fileid="5" />
                <SequencePoint vc="1483" uspid="1406" ordinal="0" offset="24" sl="115" sc="13" el="115" ec="13" bec="0" bev="0" fileid="5" />
                <SequencePoint vc="632" uspid="1407" ordinal="0" offset="48" sl="115" sc="74" el="115" ec="74" bec="0" bev="0" fileid="5" />
                <SequencePoint vc="632" uspid="1408" ordinal="0" offset="49" sl="116" sc="17" el="116" ec="17" bec="0" bev="0" fileid="5" />
                <SequencePoint vc="57" uspid="1409" ordinal="0" offset="73" sl="116" sc="69" el="116" ec="69" bec="0" bev="0" fileid="5" />
                <SequencePoint vc="57" uspid="1410" ordinal="0" offset="74" sl="117" sc="21" el="117" ec="21" bec="0" bev="0" fileid="5" />
                <SequencePoint vc="57" uspid="1411" ordinal="0" offset="76" sl="118" sc="21" el="118" ec="21" bec="0" bev="0" fileid="5" />
                <SequencePoint vc="575" uspid="1412" ordinal="0" offset="92" sl="120" sc="13" el="120" ec="13" bec="0" bev="0" fileid="5" />
                <SequencePoint vc="1426" uspid="1413" ordinal="0" offset="93" sl="121" sc="9" el="121" ec="9" bec="0" bev="0" fileid="5" />
                <SequencePoint vc="1483" uspid="1414" ordinal="0" offset="94" sl="113" sc="9" el="113" ec="9" bec="0" bev="0" fileid="5" />
                <SequencePoint vc="0" uspid="1415" ordinal="0" offset="104" sl="122" sc="9" el="122" ec="9" bec="0" bev="0" fileid="5" />
                <SequencePoint vc="57" uspid="1416" ordinal="0" offset="109" sl="123" sc="5" el="123" ec="5" bec="0" bev="0" fileid="5" />
              </SequencePoints>
              <BranchPoints />
            </Method>
            <Method visited="true" cyclomaticComplexity="0" nPathComplexity="0" sequenceCoverage="96.95" branchCoverage="0" crapScore="0" isConstructor="false" isStatic="false" isGetter="false" isSetter="false">
              <Summary numSequencePoints="164" visitedSequencePoints="159" numBranchPoints="0" visitedBranchPoints="0" sequenceCoverage="96.95" branchCoverage="0" maxCyclomaticComplexity="0" minCyclomaticComplexity="0" maxCrapScore="0" minCrapScore="0" visitedClasses="0" numClasses="0" visitedMethods="1" numMethods="1" />
              <MetadataToken>100663333</MetadataToken>
              <Name>System.Collections.Generic.List[Card] Enemies::assignStartingEnemyCards(System.Int32)</Name>
              <FileRef uid="5" />
              <SequencePoints>
                <SequencePoint vc="1804" uspid="1417" ordinal="0" offset="0" sl="137" sc="5" el="137" ec="5" bec="0" bev="0" fileid="5" />
                <SequencePoint vc="1804" uspid="1418" ordinal="0" offset="1" sl="138" sc="9" el="138" ec="9" bec="0" bev="0" fileid="5" />
                <SequencePoint vc="1804" uspid="1419" ordinal="0" offset="7" sl="139" sc="9" el="139" ec="9" bec="0" bev="0" fileid="5" />
                <SequencePoint vc="64" uspid="1420" ordinal="0" offset="146" sl="145" sc="17" el="145" ec="17" bec="0" bev="0" fileid="5" />
                <SequencePoint vc="64" uspid="1421" ordinal="0" offset="173" sl="147" sc="17" el="147" ec="17" bec="0" bev="0" fileid="5" />
                <SequencePoint vc="64" uspid="1422" ordinal="0" offset="199" sl="149" sc="17" el="149" ec="17" bec="0" bev="0" fileid="5" />
                <SequencePoint vc="64" uspid="1423" ordinal="0" offset="226" sl="151" sc="17" el="151" ec="17" bec="0" bev="0" fileid="5" />
                <SequencePoint vc="64" uspid="1424" ordinal="0" offset="252" sl="152" sc="17" el="152" ec="17" bec="0" bev="0" fileid="5" />
                <SequencePoint vc="58" uspid="1425" ordinal="0" offset="259" sl="156" sc="17" el="156" ec="17" bec="0" bev="0" fileid="5" />
                <SequencePoint vc="58" uspid="1426" ordinal="0" offset="286" sl="158" sc="17" el="158" ec="17" bec="0" bev="0" fileid="5" />
                <SequencePoint vc="58" uspid="1427" ordinal="0" offset="312" sl="160" sc="17" el="160" ec="17" bec="0" bev="0" fileid="5" />
                <SequencePoint vc="58" uspid="1428" ordinal="0" offset="338" sl="162" sc="17" el="162" ec="17" bec="0" bev="0" fileid="5" />
                <SequencePoint vc="58" uspid="1429" ordinal="0" offset="364" sl="163" sc="17" el="163" ec="17" bec="0" bev="0" fileid="5" />
                <SequencePoint vc="58" uspid="1430" ordinal="0" offset="371" sl="167" sc="17" el="167" ec="17" bec="0" bev="0" fileid="5" />
                <SequencePoint vc="58" uspid="1431" ordinal="0" offset="397" sl="169" sc="17" el="169" ec="17" bec="0" bev="0" fileid="5" />
                <SequencePoint vc="58" uspid="1432" ordinal="0" offset="424" sl="171" sc="17" el="171" ec="17" bec="0" bev="0" fileid="5" />
                <SequencePoint vc="58" uspid="1433" ordinal="0" offset="451" sl="173" sc="17" el="173" ec="17" bec="0" bev="0" fileid="5" />
                <SequencePoint vc="58" uspid="1434" ordinal="0" offset="477" sl="174" sc="17" el="174" ec="17" bec="0" bev="0" fileid="5" />
                <SequencePoint vc="58" uspid="1435" ordinal="0" offset="484" sl="178" sc="17" el="178" ec="17" bec="0" bev="0" fileid="5" />
                <SequencePoint vc="58" uspid="1436" ordinal="0" offset="510" sl="180" sc="17" el="180" ec="17" bec="0" bev="0" fileid="5" />
                <SequencePoint vc="58" uspid="1437" ordinal="0" offset="536" sl="182" sc="17" el="182" ec="17" bec="0" bev="0" fileid="5" />
                <SequencePoint vc="58" uspid="1438" ordinal="0" offset="562" sl="184" sc="17" el="184" ec="17" bec="0" bev="0" fileid="5" />
                <SequencePoint vc="58" uspid="1439" ordinal="0" offset="588" sl="185" sc="17" el="185" ec="17" bec="0" bev="0" fileid="5" />
                <SequencePoint vc="58" uspid="1440" ordinal="0" offset="595" sl="189" sc="17" el="189" ec="17" bec="0" bev="0" fileid="5" />
                <SequencePoint vc="58" uspid="1441" ordinal="0" offset="622" sl="191" sc="17" el="191" ec="17" bec="0" bev="0" fileid="5" />
                <SequencePoint vc="58" uspid="1442" ordinal="0" offset="649" sl="193" sc="17" el="193" ec="17" bec="0" bev="0" fileid="5" />
                <SequencePoint vc="58" uspid="1443" ordinal="0" offset="676" sl="195" sc="17" el="195" ec="17" bec="0" bev="0" fileid="5" />
                <SequencePoint vc="58" uspid="1444" ordinal="0" offset="702" sl="196" sc="17" el="196" ec="17" bec="0" bev="0" fileid="5" />
                <SequencePoint vc="58" uspid="1445" ordinal="0" offset="709" sl="200" sc="17" el="200" ec="17" bec="0" bev="0" fileid="5" />
                <SequencePoint vc="58" uspid="1446" ordinal="0" offset="736" sl="202" sc="17" el="202" ec="17" bec="0" bev="0" fileid="5" />
                <SequencePoint vc="58" uspid="1447" ordinal="0" offset="763" sl="204" sc="17" el="204" ec="17" bec="0" bev="0" fileid="5" />
                <SequencePoint vc="58" uspid="1448" ordinal="0" offset="790" sl="206" sc="17" el="206" ec="17" bec="0" bev="0" fileid="5" />
                <SequencePoint vc="58" uspid="1449" ordinal="0" offset="817" sl="207" sc="17" el="207" ec="17" bec="0" bev="0" fileid="5" />
                <SequencePoint vc="58" uspid="1450" ordinal="0" offset="824" sl="211" sc="17" el="211" ec="17" bec="0" bev="0" fileid="5" />
                <SequencePoint vc="58" uspid="1451" ordinal="0" offset="851" sl="213" sc="17" el="213" ec="17" bec="0" bev="0" fileid="5" />
                <SequencePoint vc="58" uspid="1452" ordinal="0" offset="878" sl="215" sc="17" el="215" ec="17" bec="0" bev="0" fileid="5" />
                <SequencePoint vc="58" uspid="1453" ordinal="0" offset="904" sl="217" sc="17" el="217" ec="17" bec="0" bev="0" fileid="5" />
                <SequencePoint vc="58" uspid="1454" ordinal="0" offset="931" sl="218" sc="17" el="218" ec="17" bec="0" bev="0" fileid="5" />
                <SequencePoint vc="58" uspid="1455" ordinal="0" offset="938" sl="224" sc="17" el="224" ec="17" bec="0" bev="0" fileid="5" />
                <SequencePoint vc="58" uspid="1456" ordinal="0" offset="965" sl="226" sc="17" el="226" ec="17" bec="0" bev="0" fileid="5" />
                <SequencePoint vc="58" uspid="1457" ordinal="0" offset="992" sl="228" sc="17" el="228" ec="17" bec="0" bev="0" fileid="5" />
                <SequencePoint vc="58" uspid="1458" ordinal="0" offset="1018" sl="230" sc="17" el="230" ec="17" bec="0" bev="0" fileid="5" />
                <SequencePoint vc="58" uspid="1459" ordinal="0" offset="1044" sl="231" sc="17" el="231" ec="17" bec="0" bev="0" fileid="5" />
                <SequencePoint vc="58" uspid="1460" ordinal="0" offset="1051" sl="235" sc="17" el="235" ec="17" bec="0" bev="0" fileid="5" />
                <SequencePoint vc="58" uspid="1461" ordinal="0" offset="1078" sl="237" sc="17" el="237" ec="17" bec="0" bev="0" fileid="5" />
                <SequencePoint vc="58" uspid="1462" ordinal="0" offset="1105" sl="239" sc="17" el="239" ec="17" bec="0" bev="0" fileid="5" />
                <SequencePoint vc="58" uspid="1463" ordinal="0" offset="1133" sl="241" sc="17" el="241" ec="17" bec="0" bev="0" fileid="5" />
                <SequencePoint vc="58" uspid="1464" ordinal="0" offset="1159" sl="242" sc="17" el="242" ec="17" bec="0" bev="0" fileid="5" />
                <SequencePoint vc="58" uspid="1465" ordinal="0" offset="1166" sl="246" sc="17" el="246" ec="17" bec="0" bev="0" fileid="5" />
                <SequencePoint vc="58" uspid="1466" ordinal="0" offset="1192" sl="248" sc="17" el="248" ec="17" bec="0" bev="0" fileid="5" />
                <SequencePoint vc="58" uspid="1467" ordinal="0" offset="1219" sl="250" sc="17" el="250" ec="17" bec="0" bev="0" fileid="5" />
                <SequencePoint vc="58" uspid="1468" ordinal="0" offset="1246" sl="252" sc="17" el="252" ec="17" bec="0" bev="0" fileid="5" />
                <SequencePoint vc="58" uspid="1469" ordinal="0" offset="1273" sl="253" sc="17" el="253" ec="17" bec="0" bev="0" fileid="5" />
                <SequencePoint vc="58" uspid="1470" ordinal="0" offset="1280" sl="257" sc="17" el="257" ec="17" bec="0" bev="0" fileid="5" />
                <SequencePoint vc="58" uspid="1471" ordinal="0" offset="1307" sl="259" sc="17" el="259" ec="17" bec="0" bev="0" fileid="5" />
                <SequencePoint vc="58" uspid="1472" ordinal="0" offset="1334" sl="261" sc="17" el="261" ec="17" bec="0" bev="0" fileid="5" />
                <SequencePoint vc="58" uspid="1473" ordinal="0" offset="1360" sl="263" sc="17" el="263" ec="17" bec="0" bev="0" fileid="5" />
                <SequencePoint vc="58" uspid="1474" ordinal="0" offset="1386" sl="264" sc="17" el="264" ec="17" bec="0" bev="0" fileid="5" />
                <SequencePoint vc="58" uspid="1475" ordinal="0" offset="1393" sl="268" sc="17" el="268" ec="17" bec="0" bev="0" fileid="5" />
                <SequencePoint vc="58" uspid="1476" ordinal="0" offset="1419" sl="270" sc="17" el="270" ec="17" bec="0" bev="0" fileid="5" />
                <SequencePoint vc="58" uspid="1477" ordinal="0" offset="1445" sl="272" sc="17" el="272" ec="17" bec="0" bev="0" fileid="5" />
                <SequencePoint vc="58" uspid="1478" ordinal="0" offset="1472" sl="274" sc="17" el="274" ec="17" bec="0" bev="0" fileid="5" />
                <SequencePoint vc="58" uspid="1479" ordinal="0" offset="1498" sl="275" sc="17" el="275" ec="17" bec="0" bev="0" fileid="5" />
                <SequencePoint vc="58" uspid="1480" ordinal="0" offset="1505" sl="279" sc="17" el="279" ec="17" bec="0" bev="0" fileid="5" />
                <SequencePoint vc="58" uspid="1481" ordinal="0" offset="1531" sl="281" sc="17" el="281" ec="17" bec="0" bev="0" fileid="5" />
                <SequencePoint vc="58" uspid="1482" ordinal="0" offset="1557" sl="283" sc="17" el="283" ec="17" bec="0" bev="0" fileid="5" />
                <SequencePoint vc="58" uspid="1483" ordinal="0" offset="1584" sl="285" sc="17" el="285" ec="17" bec="0" bev="0" fileid="5" />
                <SequencePoint vc="58" uspid="1484" ordinal="0" offset="1610" sl="286" sc="17" el="286" ec="17" bec="0" bev="0" fileid="5" />
                <SequencePoint vc="58" uspid="1485" ordinal="0" offset="1617" sl="290" sc="17" el="290" ec="17" bec="0" bev="0" fileid="5" />
                <SequencePoint vc="58" uspid="1486" ordinal="0" offset="1644" sl="292" sc="17" el="292" ec="17" bec="0" bev="0" fileid="5" />
                <SequencePoint vc="58" uspid="1487" ordinal="0" offset="1670" sl="294" sc="17" el="294" ec="17" bec="0" bev="0" fileid="5" />
                <SequencePoint vc="58" uspid="1488" ordinal="0" offset="1696" sl="296" sc="17" el="296" ec="17" bec="0" bev="0" fileid="5" />
                <SequencePoint vc="58" uspid="1489" ordinal="0" offset="1723" sl="297" sc="17" el="297" ec="17" bec="0" bev="0" fileid="5" />
                <SequencePoint vc="58" uspid="1490" ordinal="0" offset="1730" sl="303" sc="17" el="303" ec="17" bec="0" bev="0" fileid="5" />
                <SequencePoint vc="58" uspid="1491" ordinal="0" offset="1756" sl="305" sc="17" el="305" ec="17" bec="0" bev="0" fileid="5" />
                <SequencePoint vc="58" uspid="1492" ordinal="0" offset="1782" sl="307" sc="17" el="307" ec="17" bec="0" bev="0" fileid="5" />
                <SequencePoint vc="58" uspid="1493" ordinal="0" offset="1808" sl="309" sc="17" el="309" ec="17" bec="0" bev="0" fileid="5" />
                <SequencePoint vc="58" uspid="1494" ordinal="0" offset="1834" sl="310" sc="17" el="310" ec="17" bec="0" bev="0" fileid="5" />
                <SequencePoint vc="58" uspid="1495" ordinal="0" offset="1841" sl="314" sc="17" el="314" ec="17" bec="0" bev="0" fileid="5" />
                <SequencePoint vc="58" uspid="1496" ordinal="0" offset="1867" sl="316" sc="17" el="316" ec="17" bec="0" bev="0" fileid="5" />
                <SequencePoint vc="58" uspid="1497" ordinal="0" offset="1894" sl="318" sc="17" el="318" ec="17" bec="0" bev="0" fileid="5" />
                <SequencePoint vc="58" uspid="1498" ordinal="0" offset="1921" sl="320" sc="17" el="320" ec="17" bec="0" bev="0" fileid="5" />
                <SequencePoint vc="58" uspid="1499" ordinal="0" offset="1947" sl="321" sc="17" el="321" ec="17" bec="0" bev="0" fileid="5" />
                <SequencePoint vc="58" uspid="1500" ordinal="0" offset="1954" sl="325" sc="17" el="325" ec="17" bec="0" bev="0" fileid="5" />
                <SequencePoint vc="58" uspid="1501" ordinal="0" offset="1980" sl="327" sc="17" el="327" ec="17" bec="0" bev="0" fileid="5" />
                <SequencePoint vc="58" uspid="1502" ordinal="0" offset="2006" sl="329" sc="17" el="329" ec="17" bec="0" bev="0" fileid="5" />
                <SequencePoint vc="58" uspid="1503" ordinal="0" offset="2033" sl="331" sc="17" el="331" ec="17" bec="0" bev="0" fileid="5" />
                <SequencePoint vc="58" uspid="1504" ordinal="0" offset="2060" sl="332" sc="17" el="332" ec="17" bec="0" bev="0" fileid="5" />
                <SequencePoint vc="58" uspid="1505" ordinal="0" offset="2067" sl="336" sc="17" el="336" ec="17" bec="0" bev="0" fileid="5" />
                <SequencePoint vc="58" uspid="1506" ordinal="0" offset="2093" sl="338" sc="17" el="338" ec="17" bec="0" bev="0" fileid="5" />
                <SequencePoint vc="58" uspid="1507" ordinal="0" offset="2119" sl="340" sc="17" el="340" ec="17" bec="0" bev="0" fileid="5" />
                <SequencePoint vc="58" uspid="1508" ordinal="0" offset="2146" sl="342" sc="17" el="342" ec="17" bec="0" bev="0" fileid="5" />
                <SequencePoint vc="58" uspid="1509" ordinal="0" offset="2172" sl="343" sc="17" el="343" ec="17" bec="0" bev="0" fileid="5" />
                <SequencePoint vc="58" uspid="1510" ordinal="0" offset="2179" sl="347" sc="17" el="347" ec="17" bec="0" bev="0" fileid="5" />
                <SequencePoint vc="58" uspid="1511" ordinal="0" offset="2206" sl="349" sc="17" el="349" ec="17" bec="0" bev="0" fileid="5" />
                <SequencePoint vc="58" uspid="1512" ordinal="0" offset="2233" sl="351" sc="17" el="351" ec="17" bec="0" bev="0" fileid="5" />
                <SequencePoint vc="58" uspid="1513" ordinal="0" offset="2259" sl="353" sc="17" el="353" ec="17" bec="0" bev="0" fileid="5" />
                <SequencePoint vc="58" uspid="1514" ordinal="0" offset="2285" sl="354" sc="17" el="354" ec="17" bec="0" bev="0" fileid="5" />
                <SequencePoint vc="58" uspid="1515" ordinal="0" offset="2292" sl="358" sc="17" el="358" ec="17" bec="0" bev="0" fileid="5" />
                <SequencePoint vc="58" uspid="1516" ordinal="0" offset="2319" sl="360" sc="17" el="360" ec="17" bec="0" bev="0" fileid="5" />
                <SequencePoint vc="58" uspid="1517" ordinal="0" offset="2346" sl="362" sc="17" el="362" ec="17" bec="0" bev="0" fileid="5" />
                <SequencePoint vc="58" uspid="1518" ordinal="0" offset="2373" sl="364" sc="17" el="364" ec="17" bec="0" bev="0" fileid="5" />
                <SequencePoint vc="58" uspid="1519" ordinal="0" offset="2400" sl="365" sc="17" el="365" ec="17" bec="0" bev="0" fileid="5" />
                <SequencePoint vc="58" uspid="1520" ordinal="0" offset="2407" sl="369" sc="17" el="369" ec="17" bec="0" bev="0" fileid="5" />
                <SequencePoint vc="58" uspid="1521" ordinal="0" offset="2433" sl="371" sc="17" el="371" ec="17" bec="0" bev="0" fileid="5" />
                <SequencePoint vc="58" uspid="1522" ordinal="0" offset="2459" sl="373" sc="17" el="373" ec="17" bec="0" bev="0" fileid="5" />
                <SequencePoint vc="58" uspid="1523" ordinal="0" offset="2486" sl="375" sc="17" el="375" ec="17" bec="0" bev="0" fileid="5" />
                <SequencePoint vc="58" uspid="1524" ordinal="0" offset="2513" sl="376" sc="17" el="376" ec="17" bec="0" bev="0" fileid="5" />
                <SequencePoint vc="58" uspid="1525" ordinal="0" offset="2520" sl="381" sc="17" el="381" ec="17" bec="0" bev="0" fileid="5" />
                <SequencePoint vc="58" uspid="1526" ordinal="0" offset="2546" sl="382" sc="17" el="382" ec="17" bec="0" bev="0" fileid="5" />
                <SequencePoint vc="58" uspid="1527" ordinal="0" offset="2572" sl="383" sc="17" el="383" ec="17" bec="0" bev="0" fileid="5" />
                <SequencePoint vc="58" uspid="1528" ordinal="0" offset="2599" sl="384" sc="17" el="384" ec="17" bec="0" bev="0" fileid="5" />
                <SequencePoint vc="58" uspid="1529" ordinal="0" offset="2626" sl="385" sc="17" el="385" ec="17" bec="0" bev="0" fileid="5" />
                <SequencePoint vc="58" uspid="1530" ordinal="0" offset="2633" sl="388" sc="17" el="388" ec="17" bec="0" bev="0" fileid="5" />
                <SequencePoint vc="58" uspid="1531" ordinal="0" offset="2660" sl="389" sc="17" el="389" ec="17" bec="0" bev="0" fileid="5" />
                <SequencePoint vc="58" uspid="1532" ordinal="0" offset="2687" sl="390" sc="17" el="390" ec="17" bec="0" bev="0" fileid="5" />
                <SequencePoint vc="58" uspid="1533" ordinal="0" offset="2715" sl="391" sc="17" el="391" ec="17" bec="0" bev="0" fileid="5" />
                <SequencePoint vc="58" uspid="1534" ordinal="0" offset="2742" sl="392" sc="17" el="392" ec="17" bec="0" bev="0" fileid="5" />
                <SequencePoint vc="58" uspid="1535" ordinal="0" offset="2749" sl="395" sc="17" el="395" ec="17" bec="0" bev="0" fileid="5" />
                <SequencePoint vc="58" uspid="1536" ordinal="0" offset="2775" sl="396" sc="17" el="396" ec="17" bec="0" bev="0" fileid="5" />
                <SequencePoint vc="58" uspid="1537" ordinal="0" offset="2802" sl="397" sc="17" el="397" ec="17" bec="0" bev="0" fileid="5" />
                <SequencePoint vc="58" uspid="1538" ordinal="0" offset="2828" sl="398" sc="17" el="398" ec="17" bec="0" bev="0" fileid="5" />
                <SequencePoint vc="58" uspid="1539" ordinal="0" offset="2854" sl="399" sc="17" el="399" ec="17" bec="0" bev="0" fileid="5" />
                <SequencePoint vc="58" uspid="1540" ordinal="0" offset="2861" sl="402" sc="17" el="402" ec="17" bec="0" bev="0" fileid="5" />
                <SequencePoint vc="58" uspid="1541" ordinal="0" offset="2887" sl="403" sc="17" el="403" ec="17" bec="0" bev="0" fileid="5" />
                <SequencePoint vc="58" uspid="1542" ordinal="0" offset="2913" sl="404" sc="17" el="404" ec="17" bec="0" bev="0" fileid="5" />
                <SequencePoint vc="58" uspid="1543" ordinal="0" offset="2940" sl="405" sc="17" el="405" ec="17" bec="0" bev="0" fileid="5" />
                <SequencePoint vc="58" uspid="1544" ordinal="0" offset="2966" sl="406" sc="17" el="406" ec="17" bec="0" bev="0" fileid="5" />
                <SequencePoint vc="58" uspid="1545" ordinal="0" offset="2973" sl="409" sc="17" el="409" ec="17" bec="0" bev="0" fileid="5" />
                <SequencePoint vc="58" uspid="1546" ordinal="0" offset="3000" sl="410" sc="17" el="410" ec="17" bec="0" bev="0" fileid="5" />
                <SequencePoint vc="58" uspid="1547" ordinal="0" offset="3026" sl="411" sc="17" el="411" ec="17" bec="0" bev="0" fileid="5" />
                <SequencePoint vc="58" uspid="1548" ordinal="0" offset="3053" sl="412" sc="17" el="412" ec="17" bec="0" bev="0" fileid="5" />
                <SequencePoint vc="58" uspid="1549" ordinal="0" offset="3080" sl="413" sc="17" el="413" ec="17" bec="0" bev="0" fileid="5" />
                <SequencePoint vc="58" uspid="1550" ordinal="0" offset="3087" sl="417" sc="17" el="417" ec="17" bec="0" bev="0" fileid="5" />
                <SequencePoint vc="58" uspid="1551" ordinal="0" offset="3114" sl="418" sc="17" el="418" ec="17" bec="0" bev="0" fileid="5" />
                <SequencePoint vc="58" uspid="1552" ordinal="0" offset="3141" sl="419" sc="17" el="419" ec="17" bec="0" bev="0" fileid="5" />
                <SequencePoint vc="58" uspid="1553" ordinal="0" offset="3168" sl="420" sc="17" el="420" ec="17" bec="0" bev="0" fileid="5" />
                <SequencePoint vc="58" uspid="1554" ordinal="0" offset="3194" sl="421" sc="17" el="421" ec="17" bec="0" bev="0" fileid="5" />
                <SequencePoint vc="58" uspid="1555" ordinal="0" offset="3201" sl="425" sc="17" el="425" ec="17" bec="0" bev="0" fileid="5" />
                <SequencePoint vc="58" uspid="1556" ordinal="0" offset="3227" sl="426" sc="17" el="426" ec="17" bec="0" bev="0" fileid="5" />
                <SequencePoint vc="58" uspid="1557" ordinal="0" offset="3253" sl="427" sc="17" el="427" ec="17" bec="0" bev="0" fileid="5" />
                <SequencePoint vc="58" uspid="1558" ordinal="0" offset="3280" sl="428" sc="17" el="428" ec="17" bec="0" bev="0" fileid="5" />
                <SequencePoint vc="58" uspid="1559" ordinal="0" offset="3307" sl="429" sc="17" el="429" ec="17" bec="0" bev="0" fileid="5" />
                <SequencePoint vc="58" uspid="1560" ordinal="0" offset="3314" sl="435" sc="17" el="435" ec="17" bec="0" bev="0" fileid="5" />
                <SequencePoint vc="58" uspid="1561" ordinal="0" offset="3341" sl="437" sc="17" el="437" ec="17" bec="0" bev="0" fileid="5" />
                <SequencePoint vc="58" uspid="1562" ordinal="0" offset="3368" sl="439" sc="17" el="439" ec="17" bec="0" bev="0" fileid="5" />
                <SequencePoint vc="58" uspid="1563" ordinal="0" offset="3394" sl="441" sc="17" el="441" ec="17" bec="0" bev="0" fileid="5" />
                <SequencePoint vc="58" uspid="1564" ordinal="0" offset="3420" sl="442" sc="17" el="442" ec="17" bec="0" bev="0" fileid="5" />
                <SequencePoint vc="58" uspid="1565" ordinal="0" offset="3427" sl="446" sc="17" el="446" ec="17" bec="0" bev="0" fileid="5" />
                <SequencePoint vc="58" uspid="1566" ordinal="0" offset="3453" sl="448" sc="17" el="448" ec="17" bec="0" bev="0" fileid="5" />
                <SequencePoint vc="58" uspid="1567" ordinal="0" offset="3479" sl="450" sc="17" el="450" ec="17" bec="0" bev="0" fileid="5" />
                <SequencePoint vc="58" uspid="1568" ordinal="0" offset="3505" sl="452" sc="17" el="452" ec="17" bec="0" bev="0" fileid="5" />
                <SequencePoint vc="58" uspid="1569" ordinal="0" offset="3531" sl="453" sc="17" el="453" ec="17" bec="0" bev="0" fileid="5" />
                <SequencePoint vc="58" uspid="1570" ordinal="0" offset="3538" sl="457" sc="17" el="457" ec="17" bec="0" bev="0" fileid="5" />
                <SequencePoint vc="58" uspid="1571" ordinal="0" offset="3565" sl="459" sc="17" el="459" ec="17" bec="0" bev="0" fileid="5" />
                <SequencePoint vc="58" uspid="1572" ordinal="0" offset="3592" sl="461" sc="17" el="461" ec="17" bec="0" bev="0" fileid="5" />
                <SequencePoint vc="58" uspid="1573" ordinal="0" offset="3618" sl="463" sc="17" el="463" ec="17" bec="0" bev="0" fileid="5" />
                <SequencePoint vc="58" uspid="1574" ordinal="0" offset="3645" sl="464" sc="17" el="464" ec="17" bec="0" bev="0" fileid="5" />
                <SequencePoint vc="0" uspid="1575" ordinal="0" offset="3649" sl="468" sc="17" el="468" ec="17" bec="0" bev="0" fileid="5" />
                <SequencePoint vc="0" uspid="1576" ordinal="0" offset="3675" sl="470" sc="17" el="470" ec="17" bec="0" bev="0" fileid="5" />
                <SequencePoint vc="0" uspid="1577" ordinal="0" offset="3701" sl="472" sc="17" el="472" ec="17" bec="0" bev="0" fileid="5" />
                <SequencePoint vc="0" uspid="1578" ordinal="0" offset="3727" sl="474" sc="17" el="474" ec="17" bec="0" bev="0" fileid="5" />
                <SequencePoint vc="0" uspid="1579" ordinal="0" offset="3754" sl="475" sc="17" el="475" ec="17" bec="0" bev="0" fileid="5" />
                <SequencePoint vc="1804" uspid="1580" ordinal="0" offset="3758" sl="477" sc="5" el="477" ec="5" bec="0" bev="0" fileid="5" />
              </SequencePoints>
              <BranchPoints />
            </Method>
            <Method visited="true" cyclomaticComplexity="0" nPathComplexity="0" sequenceCoverage="100.0" branchCoverage="0" crapScore="0" isConstructor="true" isStatic="false" isGetter="false" isSetter="false">
              <Summary numSequencePoints="1" visitedSequencePoints="1" numBranchPoints="0" visitedBranchPoints="0" sequenceCoverage="100.0" branchCoverage="0" maxCyclomaticComplexity="0" minCyclomaticComplexity="0" maxCrapScore="0" minCrapScore="0" visitedClasses="0" numClasses="0" visitedMethods="1" numMethods="1" />
              <MetadataToken>100663334</MetadataToken>
              <Name>Enemies::Enemies()</Name>
              <FileRef uid="5" />
              <SequencePoints>
                <SequencePoint vc="7272" uspid="1581" ordinal="0" offset="0" sl="23" sc="5" el="23" ec="5" bec="0" bev="0" fileid="5" />
              </SequencePoints>
              <BranchPoints />
            </Method>
          </Methods>
        </Class>
        <Class>
          <Summary numSequencePoints="162" visitedSequencePoints="131" numBranchPoints="0" visitedBranchPoints="0" sequenceCoverage="80.86" branchCoverage="0.0" maxCyclomaticComplexity="0" minCyclomaticComplexity="0" maxCrapScore="0" minCrapScore="0" visitedClasses="1" numClasses="1" visitedMethods="7" numMethods="7" />
          <FullName>Enemy</FullName>
          <Methods>
            <Method visited="true" cyclomaticComplexity="0" nPathComplexity="0" sequenceCoverage="100.0" branchCoverage="0" crapScore="0" isConstructor="false" isStatic="false" isGetter="false" isSetter="false">
              <Summary numSequencePoints="4" visitedSequencePoints="4" numBranchPoints="0" visitedBranchPoints="0" sequenceCoverage="100.0" branchCoverage="0" maxCyclomaticComplexity="0" minCyclomaticComplexity="0" maxCrapScore="0" minCrapScore="0" visitedClasses="0" numClasses="0" visitedMethods="1" numMethods="1" />
              <MetadataToken>100663336</MetadataToken>
              <Name>System.Void Enemy::Start()</Name>
              <FileRef uid="6" />
              <SequencePoints>
                <SequencePoint vc="1" uspid="1582" ordinal="0" offset="0" sl="79" sc="5" el="79" ec="5" bec="0" bev="0" fileid="6" />
                <SequencePoint vc="1" uspid="1583" ordinal="0" offset="1" sl="80" sc="9" el="80" ec="9" bec="0" bev="0" fileid="6" />
                <SequencePoint vc="1" uspid="1584" ordinal="0" offset="12" sl="81" sc="9" el="81" ec="9" bec="0" bev="0" fileid="6" />
                <SequencePoint vc="1" uspid="1585" ordinal="0" offset="19" sl="82" sc="5" el="82" ec="5" bec="0" bev="0" fileid="6" />
              </SequencePoints>
              <BranchPoints />
            </Method>
            <Method visited="true" cyclomaticComplexity="0" nPathComplexity="0" sequenceCoverage="74.07" branchCoverage="0" crapScore="0" isConstructor="false" isStatic="false" isGetter="false" isSetter="false">
              <Summary numSequencePoints="27" visitedSequencePoints="20" numBranchPoints="0" visitedBranchPoints="0" sequenceCoverage="74.07" branchCoverage="0" maxCyclomaticComplexity="0" minCyclomaticComplexity="0" maxCrapScore="0" minCrapScore="0" visitedClasses="0" numClasses="0" visitedMethods="1" numMethods="1" />
              <MetadataToken>100663337</MetadataToken>
              <Name>System.Void Enemy::attackPlayer()</Name>
              <FileRef uid="6" />
              <SequencePoints>
                <SequencePoint vc="19" uspid="1586" ordinal="0" offset="0" sl="106" sc="31" el="106" ec="31" bec="0" bev="0" fileid="6" />
                <SequencePoint vc="19" uspid="1587" ordinal="0" offset="1" sl="108" sc="9" el="108" ec="9" bec="0" bev="0" fileid="6" />
                <SequencePoint vc="19" uspid="1588" ordinal="0" offset="35" sl="111" sc="9" el="111" ec="9" bec="0" bev="0" fileid="6" />
                <SequencePoint vc="1" uspid="1589" ordinal="0" offset="62" sl="111" sc="44" el="111" ec="44" bec="0" bev="0" fileid="6" />
                <SequencePoint vc="1" uspid="1590" ordinal="0" offset="63" sl="112" sc="13" el="112" ec="13" bec="0" bev="0" fileid="6" />
                <SequencePoint vc="1" uspid="1591" ordinal="0" offset="81" sl="113" sc="9" el="113" ec="9" bec="0" bev="0" fileid="6" />
                <SequencePoint vc="19" uspid="1592" ordinal="0" offset="82" sl="115" sc="9" el="115" ec="9" bec="0" bev="0" fileid="6" />
                <SequencePoint vc="19" uspid="1593" ordinal="0" offset="118" sl="116" sc="9" el="116" ec="9" bec="0" bev="0" fileid="6" />
                <SequencePoint vc="19" uspid="1594" ordinal="0" offset="125" sl="118" sc="9" el="118" ec="9" bec="0" bev="0" fileid="6" />
                <SequencePoint vc="19" uspid="1595" ordinal="0" offset="149" sl="119" sc="9" el="119" ec="9" bec="0" bev="0" fileid="6" />
                <SequencePoint vc="19" uspid="1596" ordinal="0" offset="173" sl="121" sc="9" el="121" ec="9" bec="0" bev="0" fileid="6" />
                <SequencePoint vc="5" uspid="1597" ordinal="0" offset="191" sl="121" sc="39" el="121" ec="39" bec="0" bev="0" fileid="6" />
                <SequencePoint vc="5" uspid="1598" ordinal="0" offset="192" sl="122" sc="13" el="122" ec="13" bec="0" bev="0" fileid="6" />
                <SequencePoint vc="5" uspid="1599" ordinal="0" offset="202" sl="124" sc="13" el="124" ec="13" bec="0" bev="0" fileid="6" />
                <SequencePoint vc="1" uspid="1600" ordinal="0" offset="226" sl="124" sc="44" el="124" ec="44" bec="0" bev="0" fileid="6" />
                <SequencePoint vc="1" uspid="1601" ordinal="0" offset="227" sl="125" sc="17" el="125" ec="17" bec="0" bev="0" fileid="6" />
                <SequencePoint vc="1" uspid="1602" ordinal="0" offset="234" sl="126" sc="13" el="126" ec="13" bec="0" bev="0" fileid="6" />
                <SequencePoint vc="5" uspid="1603" ordinal="0" offset="235" sl="127" sc="9" el="127" ec="9" bec="0" bev="0" fileid="6" />
                <SequencePoint vc="19" uspid="1604" ordinal="0" offset="236" sl="129" sc="9" el="129" ec="9" bec="0" bev="0" fileid="6" />
                <SequencePoint vc="19" uspid="1605" ordinal="0" offset="254" sl="131" sc="9" el="131" ec="9" bec="0" bev="0" fileid="6" />
                <SequencePoint vc="0" uspid="1606" ordinal="0" offset="271" sl="132" sc="9" el="132" ec="9" bec="0" bev="0" fileid="6" />
                <SequencePoint vc="0" uspid="1607" ordinal="0" offset="299" sl="133" sc="9" el="133" ec="9" bec="0" bev="0" fileid="6" />
                <SequencePoint vc="0" uspid="1608" ordinal="0" offset="317" sl="135" sc="9" el="135" ec="9" bec="0" bev="0" fileid="6" />
                <SequencePoint vc="0" uspid="1609" ordinal="0" offset="329" sl="136" sc="9" el="136" ec="9" bec="0" bev="0" fileid="6" />
                <SequencePoint vc="0" uspid="1610" ordinal="0" offset="361" sl="137" sc="9" el="137" ec="9" bec="0" bev="0" fileid="6" />
                <SequencePoint vc="0" uspid="1611" ordinal="0" offset="390" sl="139" sc="9" el="139" ec="9" bec="0" bev="0" fileid="6" />
                <SequencePoint vc="0" uspid="1612" ordinal="0" offset="410" sl="140" sc="5" el="140" ec="5" bec="0" bev="0" fileid="6" />
              </SequencePoints>
              <BranchPoints />
            </Method>
            <Method visited="true" cyclomaticComplexity="0" nPathComplexity="0" sequenceCoverage="85.71" branchCoverage="0" crapScore="0" isConstructor="false" isStatic="false" isGetter="false" isSetter="false">
              <Summary numSequencePoints="21" visitedSequencePoints="18" numBranchPoints="0" visitedBranchPoints="0" sequenceCoverage="85.71" branchCoverage="0" maxCyclomaticComplexity="0" minCyclomaticComplexity="0" maxCrapScore="0" minCrapScore="0" visitedClasses="0" numClasses="0" visitedMethods="1" numMethods="1" />
              <MetadataToken>100663338</MetadataToken>
              <Name>System.Void Enemy::hitPlayer(System.Int32, System.Boolean)</Name>
              <FileRef uid="6" />
              <SequencePoints>
                <SequencePoint vc="25" uspid="1613" ordinal="0" offset="0" sl="142" sc="57" el="142" ec="57" bec="0" bev="0" fileid="6" />
                <SequencePoint vc="25" uspid="1614" ordinal="0" offset="1" sl="143" sc="9" el="143" ec="9" bec="0" bev="0" fileid="6" />
                <SequencePoint vc="2" uspid="1615" ordinal="0" offset="49" sl="144" sc="9" el="144" ec="9" bec="0" bev="0" fileid="6" />
                <SequencePoint vc="2" uspid="1616" ordinal="0" offset="50" sl="146" sc="13" el="146" ec="13" bec="0" bev="0" fileid="6" />
                <SequencePoint vc="1" uspid="1617" ordinal="0" offset="73" sl="147" sc="13" el="147" ec="13" bec="0" bev="0" fileid="6" />
                <SequencePoint vc="1" uspid="1618" ordinal="0" offset="74" sl="148" sc="17" el="148" ec="17" bec="0" bev="0" fileid="6" />
                <SequencePoint vc="1" uspid="1619" ordinal="0" offset="94" sl="149" sc="17" el="149" ec="17" bec="0" bev="0" fileid="6" />
                <SequencePoint vc="1" uspid="1620" ordinal="0" offset="111" sl="150" sc="17" el="150" ec="17" bec="0" bev="0" fileid="6" />
                <SequencePoint vc="1" uspid="1621" ordinal="0" offset="135" sl="151" sc="13" el="151" ec="13" bec="0" bev="0" fileid="6" />
                <SequencePoint vc="1" uspid="1622" ordinal="0" offset="138" sl="154" sc="13" el="154" ec="13" bec="0" bev="0" fileid="6" />
                <SequencePoint vc="1" uspid="1623" ordinal="0" offset="139" sl="155" sc="17" el="155" ec="17" bec="0" bev="0" fileid="6" />
                <SequencePoint vc="1" uspid="1624" ordinal="0" offset="163" sl="156" sc="13" el="156" ec="13" bec="0" bev="0" fileid="6" />
                <SequencePoint vc="2" uspid="1625" ordinal="0" offset="164" sl="157" sc="9" el="157" ec="9" bec="0" bev="0" fileid="6" />
                <SequencePoint vc="23" uspid="1626" ordinal="0" offset="167" sl="159" sc="14" el="159" ec="14" bec="0" bev="0" fileid="6" />
                <SequencePoint vc="23" uspid="1627" ordinal="0" offset="190" sl="160" sc="9" el="160" ec="9" bec="0" bev="0" fileid="6" />
                <SequencePoint vc="23" uspid="1628" ordinal="0" offset="191" sl="161" sc="13" el="161" ec="13" bec="0" bev="0" fileid="6" />
                <SequencePoint vc="23" uspid="1629" ordinal="0" offset="215" sl="162" sc="9" el="162" ec="9" bec="0" bev="0" fileid="6" />
                <SequencePoint vc="0" uspid="1630" ordinal="0" offset="218" sl="163" sc="13" el="163" ec="13" bec="0" bev="0" fileid="6" />
                <SequencePoint vc="0" uspid="1631" ordinal="0" offset="219" sl="164" sc="13" el="164" ec="13" bec="0" bev="0" fileid="6" />
                <SequencePoint vc="0" uspid="1632" ordinal="0" offset="236" sl="165" sc="9" el="165" ec="9" bec="0" bev="0" fileid="6" />
                <SequencePoint vc="25" uspid="1633" ordinal="0" offset="237" sl="167" sc="5" el="167" ec="5" bec="0" bev="0" fileid="6" />
              </SequencePoints>
              <BranchPoints />
            </Method>
            <Method visited="true" cyclomaticComplexity="0" nPathComplexity="0" sequenceCoverage="78.57" branchCoverage="0" crapScore="0" isConstructor="false" isStatic="false" isGetter="false" isSetter="false">
              <Summary numSequencePoints="70" visitedSequencePoints="55" numBranchPoints="0" visitedBranchPoints="0" sequenceCoverage="78.57" branchCoverage="0" maxCyclomaticComplexity="0" minCyclomaticComplexity="0" maxCrapScore="0" minCrapScore="0" visitedClasses="0" numClasses="0" visitedMethods="1" numMethods="1" />
              <MetadataToken>100663339</MetadataToken>
              <Name>System.Void Enemy::endTurnMechanics(System.Int32)</Name>
              <FileRef uid="6" />
              <SequencePoints>
                <SequencePoint vc="19" uspid="1634" ordinal="0" offset="0" sl="169" sc="52" el="169" ec="52" bec="0" bev="0" fileid="6" />
                <SequencePoint vc="19" uspid="1635" ordinal="0" offset="1" sl="170" sc="9" el="170" ec="9" bec="0" bev="0" fileid="6" />
                <SequencePoint vc="2" uspid="1636" ordinal="0" offset="84" sl="172" sc="17" el="172" ec="17" bec="0" bev="0" fileid="6" />
                <SequencePoint vc="2" uspid="1637" ordinal="0" offset="187" sl="173" sc="17" el="173" ec="17" bec="0" bev="0" fileid="6" />
                <SequencePoint vc="0" uspid="1638" ordinal="0" offset="200" sl="173" sc="40" el="173" ec="40" bec="0" bev="0" fileid="6" />
                <SequencePoint vc="0" uspid="1639" ordinal="0" offset="201" sl="174" sc="21" el="174" ec="21" bec="0" bev="0" fileid="6" />
                <SequencePoint vc="0" uspid="1640" ordinal="0" offset="215" sl="175" sc="17" el="175" ec="17" bec="0" bev="0" fileid="6" />
                <SequencePoint vc="2" uspid="1641" ordinal="0" offset="216" sl="176" sc="17" el="176" ec="17" bec="0" bev="0" fileid="6" />
                <SequencePoint vc="2" uspid="1642" ordinal="0" offset="319" sl="177" sc="17" el="177" ec="17" bec="0" bev="0" fileid="6" />
                <SequencePoint vc="1" uspid="1643" ordinal="0" offset="324" sl="179" sc="17" el="179" ec="17" bec="0" bev="0" fileid="6" />
                <SequencePoint vc="1" uspid="1644" ordinal="0" offset="331" sl="180" sc="17" el="180" ec="17" bec="0" bev="0" fileid="6" />
                <SequencePoint vc="1" uspid="1645" ordinal="0" offset="336" sl="182" sc="17" el="182" ec="17" bec="0" bev="0" fileid="6" />
                <SequencePoint vc="1" uspid="1646" ordinal="0" offset="343" sl="183" sc="17" el="183" ec="17" bec="0" bev="0" fileid="6" />
                <SequencePoint vc="1" uspid="1647" ordinal="0" offset="348" sl="185" sc="17" el="185" ec="17" bec="0" bev="0" fileid="6" />
                <SequencePoint vc="1" uspid="1648" ordinal="0" offset="355" sl="186" sc="17" el="186" ec="17" bec="0" bev="0" fileid="6" />
                <SequencePoint vc="1" uspid="1649" ordinal="0" offset="360" sl="188" sc="17" el="188" ec="17" bec="0" bev="0" fileid="6" />
                <SequencePoint vc="1" uspid="1650" ordinal="0" offset="373" sl="188" sc="40" el="188" ec="40" bec="0" bev="0" fileid="6" />
                <SequencePoint vc="1" uspid="1651" ordinal="0" offset="374" sl="189" sc="21" el="189" ec="21" bec="0" bev="0" fileid="6" />
                <SequencePoint vc="1" uspid="1652" ordinal="0" offset="384" sl="190" sc="17" el="190" ec="17" bec="0" bev="0" fileid="6" />
                <SequencePoint vc="1" uspid="1653" ordinal="0" offset="385" sl="191" sc="17" el="191" ec="17" bec="0" bev="0" fileid="6" />
                <SequencePoint vc="1" uspid="1654" ordinal="0" offset="390" sl="193" sc="17" el="193" ec="17" bec="0" bev="0" fileid="6" />
                <SequencePoint vc="0" uspid="1655" ordinal="0" offset="419" sl="193" sc="58" el="193" ec="58" bec="0" bev="0" fileid="6" />
                <SequencePoint vc="0" uspid="1656" ordinal="0" offset="420" sl="194" sc="21" el="194" ec="21" bec="0" bev="0" fileid="6" />
                <SequencePoint vc="0" uspid="1657" ordinal="0" offset="430" sl="195" sc="17" el="195" ec="17" bec="0" bev="0" fileid="6" />
                <SequencePoint vc="1" uspid="1658" ordinal="0" offset="431" sl="196" sc="17" el="196" ec="17" bec="0" bev="0" fileid="6" />
                <SequencePoint vc="1" uspid="1659" ordinal="0" offset="436" sl="198" sc="17" el="198" ec="17" bec="0" bev="0" fileid="6" />
                <SequencePoint vc="1" uspid="1660" ordinal="0" offset="451" sl="198" sc="31" el="198" ec="31" bec="0" bev="0" fileid="6" />
                <SequencePoint vc="1" uspid="1661" ordinal="0" offset="452" sl="199" sc="21" el="199" ec="21" bec="0" bev="0" fileid="6" />
                <SequencePoint vc="1" uspid="1662" ordinal="0" offset="462" sl="200" sc="17" el="200" ec="17" bec="0" bev="0" fileid="6" />
                <SequencePoint vc="1" uspid="1663" ordinal="0" offset="463" sl="201" sc="17" el="201" ec="17" bec="0" bev="0" fileid="6" />
                <SequencePoint vc="1" uspid="1664" ordinal="0" offset="468" sl="203" sc="17" el="203" ec="17" bec="0" bev="0" fileid="6" />
                <SequencePoint vc="1" uspid="1665" ordinal="0" offset="483" sl="203" sc="40" el="203" ec="40" bec="0" bev="0" fileid="6" />
                <SequencePoint vc="1" uspid="1666" ordinal="0" offset="484" sl="204" sc="21" el="204" ec="21" bec="0" bev="0" fileid="6" />
                <SequencePoint vc="1" uspid="1667" ordinal="0" offset="500" sl="205" sc="17" el="205" ec="17" bec="0" bev="0" fileid="6" />
                <SequencePoint vc="1" uspid="1668" ordinal="0" offset="501" sl="206" sc="17" el="206" ec="17" bec="0" bev="0" fileid="6" />
                <SequencePoint vc="1" uspid="1669" ordinal="0" offset="506" sl="208" sc="17" el="208" ec="17" bec="0" bev="0" fileid="6" />
                <SequencePoint vc="0" uspid="1670" ordinal="0" offset="522" sl="208" sc="33" el="208" ec="33" bec="0" bev="0" fileid="6" />
                <SequencePoint vc="0" uspid="1671" ordinal="0" offset="523" sl="209" sc="21" el="209" ec="21" bec="0" bev="0" fileid="6" />
                <SequencePoint vc="0" uspid="1672" ordinal="0" offset="538" sl="210" sc="17" el="210" ec="17" bec="0" bev="0" fileid="6" />
                <SequencePoint vc="1" uspid="1673" ordinal="0" offset="539" sl="211" sc="17" el="211" ec="17" bec="0" bev="0" fileid="6" />
                <SequencePoint vc="1" uspid="1674" ordinal="0" offset="544" sl="213" sc="17" el="213" ec="17" bec="0" bev="0" fileid="6" />
                <SequencePoint vc="0" uspid="1675" ordinal="0" offset="569" sl="213" sc="55" el="213" ec="55" bec="0" bev="0" fileid="6" />
                <SequencePoint vc="0" uspid="1676" ordinal="0" offset="570" sl="214" sc="21" el="214" ec="21" bec="0" bev="0" fileid="6" />
                <SequencePoint vc="0" uspid="1677" ordinal="0" offset="580" sl="215" sc="17" el="215" ec="17" bec="0" bev="0" fileid="6" />
                <SequencePoint vc="1" uspid="1678" ordinal="0" offset="581" sl="216" sc="17" el="216" ec="17" bec="0" bev="0" fileid="6" />
                <SequencePoint vc="1" uspid="1679" ordinal="0" offset="586" sl="218" sc="17" el="218" ec="17" bec="0" bev="0" fileid="6" />
                <SequencePoint vc="0" uspid="1680" ordinal="0" offset="612" sl="218" sc="58" el="218" ec="58" bec="0" bev="0" fileid="6" />
                <SequencePoint vc="0" uspid="1681" ordinal="0" offset="613" sl="219" sc="21" el="219" ec="21" bec="0" bev="0" fileid="6" />
                <SequencePoint vc="0" uspid="1682" ordinal="0" offset="623" sl="220" sc="17" el="220" ec="17" bec="0" bev="0" fileid="6" />
                <SequencePoint vc="1" uspid="1683" ordinal="0" offset="624" sl="221" sc="17" el="221" ec="17" bec="0" bev="0" fileid="6" />
                <SequencePoint vc="1" uspid="1684" ordinal="0" offset="626" sl="223" sc="17" el="223" ec="17" bec="0" bev="0" fileid="6" />
                <SequencePoint vc="1" uspid="1685" ordinal="0" offset="633" sl="224" sc="17" el="224" ec="17" bec="0" bev="0" fileid="6" />
                <SequencePoint vc="1" uspid="1686" ordinal="0" offset="635" sl="226" sc="17" el="226" ec="17" bec="0" bev="0" fileid="6" />
                <SequencePoint vc="1" uspid="1687" ordinal="0" offset="652" sl="227" sc="17" el="227" ec="17" bec="0" bev="0" fileid="6" />
                <SequencePoint vc="1" uspid="1688" ordinal="0" offset="661" sl="228" sc="17" el="228" ec="17" bec="0" bev="0" fileid="6" />
                <SequencePoint vc="1" uspid="1689" ordinal="0" offset="663" sl="230" sc="17" el="230" ec="17" bec="0" bev="0" fileid="6" />
                <SequencePoint vc="1" uspid="1690" ordinal="0" offset="678" sl="230" sc="40" el="230" ec="40" bec="0" bev="0" fileid="6" />
                <SequencePoint vc="1" uspid="1691" ordinal="0" offset="679" sl="231" sc="21" el="231" ec="21" bec="0" bev="0" fileid="6" />
                <SequencePoint vc="1" uspid="1692" ordinal="0" offset="695" sl="232" sc="17" el="232" ec="17" bec="0" bev="0" fileid="6" />
                <SequencePoint vc="1" uspid="1693" ordinal="0" offset="696" sl="233" sc="17" el="233" ec="17" bec="0" bev="0" fileid="6" />
                <SequencePoint vc="1" uspid="1694" ordinal="0" offset="698" sl="235" sc="17" el="235" ec="17" bec="0" bev="0" fileid="6" />
                <SequencePoint vc="1" uspid="1695" ordinal="0" offset="705" sl="236" sc="17" el="236" ec="17" bec="0" bev="0" fileid="6" />
                <SequencePoint vc="1" uspid="1696" ordinal="0" offset="707" sl="238" sc="17" el="238" ec="17" bec="0" bev="0" fileid="6" />
                <SequencePoint vc="1" uspid="1697" ordinal="0" offset="714" sl="239" sc="17" el="239" ec="17" bec="0" bev="0" fileid="6" />
                <SequencePoint vc="2" uspid="1698" ordinal="0" offset="716" sl="241" sc="17" el="241" ec="17" bec="0" bev="0" fileid="6" />
                <SequencePoint vc="1" uspid="1699" ordinal="0" offset="731" sl="241" sc="40" el="241" ec="40" bec="0" bev="0" fileid="6" />
                <SequencePoint vc="1" uspid="1700" ordinal="0" offset="732" sl="242" sc="21" el="242" ec="21" bec="0" bev="0" fileid="6" />
                <SequencePoint vc="1" uspid="1701" ordinal="0" offset="746" sl="243" sc="17" el="243" ec="17" bec="0" bev="0" fileid="6" />
                <SequencePoint vc="2" uspid="1702" ordinal="0" offset="747" sl="244" sc="17" el="244" ec="17" bec="0" bev="0" fileid="6" />
                <SequencePoint vc="19" uspid="1703" ordinal="0" offset="749" sl="246" sc="5" el="246" ec="5" bec="0" bev="0" fileid="6" />
              </SequencePoints>
              <BranchPoints />
            </Method>
            <Method visited="true" cyclomaticComplexity="0" nPathComplexity="0" sequenceCoverage="50.00" branchCoverage="0" crapScore="0" isConstructor="false" isStatic="false" isGetter="false" isSetter="false">
              <Summary numSequencePoints="12" visitedSequencePoints="6" numBranchPoints="0" visitedBranchPoints="0" sequenceCoverage="50.00" branchCoverage="0" maxCyclomaticComplexity="0" minCyclomaticComplexity="0" maxCrapScore="0" minCrapScore="0" visitedClasses="0" numClasses="0" visitedMethods="1" numMethods="1" />
              <MetadataToken>100663340</MetadataToken>
              <Name>System.Void Enemy::Update()</Name>
              <FileRef uid="6" />
              <SequencePoints>
                <SequencePoint vc="2" uspid="1704" ordinal="0" offset="0" sl="262" sc="5" el="262" ec="5" bec="0" bev="0" fileid="6" />
                <SequencePoint vc="2" uspid="1705" ordinal="0" offset="1" sl="263" sc="9" el="263" ec="9" bec="0" bev="0" fileid="6" />
                <SequencePoint vc="1" uspid="1706" ordinal="0" offset="17" sl="264" sc="9" el="264" ec="9" bec="0" bev="0" fileid="6" />
[...]
              <MetadataToken>100663455</MetadataToken>
              <Name>System.Void Player::getStartingCards()</Name>
              <FileRef uid="14" />
              <SequencePoints>
                <SequencePoint vc="2" uspid="2360" ordinal="0" offset="0" sl="441" sc="5" el="441" ec="5" bec="0" bev="0" fileid="14" />
                <SequencePoint vc="2" uspid="2361" ordinal="0" offset="1" sl="442" sc="13" el="442" ec="13" bec="0" bev="0" fileid="14" />
                <SequencePoint vc="24" uspid="2362" ordinal="0" offset="8" sl="443" sc="9" el="443" ec="9" bec="0" bev="0" fileid="14" />
                <SequencePoint vc="24" uspid="2363" ordinal="0" offset="9" sl="444" sc="13" el="444" ec="13" bec="0" bev="0" fileid="14" />
                <SequencePoint vc="24" uspid="2364" ordinal="0" offset="21" sl="445" sc="13" el="445" ec="13" bec="0" bev="0" fileid="14" />
                <SequencePoint vc="24" uspid="2365" ordinal="0" offset="44" sl="446" sc="13" el="446" ec="13" bec="0" bev="0" fileid="14" />
                <SequencePoint vc="24" uspid="2366" ordinal="0" offset="67" sl="447" sc="13" el="447" ec="13" bec="0" bev="0" fileid="14" />
                <SequencePoint vc="24" uspid="2367" ordinal="0" offset="90" sl="448" sc="13" el="448" ec="13" bec="0" bev="0" fileid="14" />
                <SequencePoint vc="24" uspid="2368" ordinal="0" offset="113" sl="449" sc="13" el="449" ec="13" bec="0" bev="0" fileid="14" />
                <SequencePoint vc="24" uspid="2369" ordinal="0" offset="136" sl="451" sc="13" el="451" ec="13" bec="0" bev="0" fileid="14" />
                <SequencePoint vc="24" uspid="2370" ordinal="0" offset="159" sl="452" sc="13" el="452" ec="13" bec="0" bev="0" fileid="14" />
                <SequencePoint vc="24" uspid="2371" ordinal="0" offset="182" sl="453" sc="13" el="453" ec="13" bec="0" bev="0" fileid="14" />
                <SequencePoint vc="24" uspid="2372" ordinal="0" offset="205" sl="454" sc="13" el="454" ec="13" bec="0" bev="0" fileid="14" />
                <SequencePoint vc="24" uspid="2373" ordinal="0" offset="228" sl="455" sc="13" el="455" ec="13" bec="0" bev="0" fileid="14" />
                <SequencePoint vc="24" uspid="2374" ordinal="0" offset="251" sl="456" sc="9" el="456" ec="9" bec="0" bev="0" fileid="14" />
                <SequencePoint vc="24" uspid="2375" ordinal="0" offset="252" sl="442" sc="69" el="442" ec="69" bec="0" bev="0" fileid="14" />
                <SequencePoint vc="26" uspid="2376" ordinal="0" offset="256" sl="442" sc="24" el="442" ec="24" bec="0" bev="0" fileid="14" />
                <SequencePoint vc="2" uspid="2377" ordinal="0" offset="276" sl="457" sc="5" el="457" ec="5" bec="0" bev="0" fileid="14" />
              </SequencePoints>
              <BranchPoints />
            </Method>
            <Method visited="true" cyclomaticComplexity="0" nPathComplexity="0" sequenceCoverage="100.0" branchCoverage="0" crapScore="0" isConstructor="true" isStatic="false" isGetter="false" isSetter="false">
              <Summary numSequencePoints="3" visitedSequencePoints="3" numBranchPoints="0" visitedBranchPoints="0" sequenceCoverage="100.0" branchCoverage="0" maxCyclomaticComplexity="0" minCyclomaticComplexity="0" maxCrapScore="0" minCrapScore="0" visitedClasses="0" numClasses="0" visitedMethods="1" numMethods="1" />
              <MetadataToken>100663458</MetadataToken>
              <Name>Player::Player()</Name>
              <FileRef uid="14" />
              <SequencePoints>
                <SequencePoint vc="72" uspid="2378" ordinal="0" offset="0" sl="47" sc="5" el="47" ec="5" bec="0" bev="0" fileid="14" />
                <SequencePoint vc="72" uspid="2379" ordinal="0" offset="11" sl="48" sc="5" el="48" ec="5" bec="0" bev="0" fileid="14" />
                <SequencePoint vc="72" uspid="2380" ordinal="0" offset="22" sl="49" sc="5" el="49" ec="5" bec="0" bev="0" fileid="14" />
              </SequencePoints>
              <BranchPoints />
            </Method>
          </Methods>
        </Class>
        <Class>
          <Summary numSequencePoints="11" visitedSequencePoints="11" numBranchPoints="0" visitedBranchPoints="0" sequenceCoverage="100.0" branchCoverage="0.0" maxCyclomaticComplexity="0" minCyclomaticComplexity="0" maxCrapScore="0" minCrapScore="0" visitedClasses="1" numClasses="1" visitedMethods="2" numMethods="2" />
          <FullName>ScaleChange</FullName>
          <Methods>
            <Method visited="true" cyclomaticComplexity="0" nPathComplexity="0" sequenceCoverage="100.0" branchCoverage="0" crapScore="0" isConstructor="false" isStatic="false" isGetter="false" isSetter="false">
              <Summary numSequencePoints="10" visitedSequencePoints="10" numBranchPoints="0" visitedBranchPoints="0" sequenceCoverage="100.0" branchCoverage="0" maxCyclomaticComplexity="0" minCyclomaticComplexity="0" maxCrapScore="0" minCrapScore="0" visitedClasses="0" numClasses="0" visitedMethods="1" numMethods="1" />
              <MetadataToken>100663473</MetadataToken>
              <Name>System.Void ScaleChange::changeColour(System.Boolean)</Name>
              <FileRef uid="15" />
              <SequencePoints>
                <SequencePoint vc="2" uspid="2381" ordinal="0" offset="0" sl="43" sc="5" el="43" ec="5" bec="0" bev="0" fileid="15" />
                <SequencePoint vc="2" uspid="2382" ordinal="0" offset="1" sl="45" sc="9" el="45" ec="9" bec="0" bev="0" fileid="15" />
                <SequencePoint vc="1" uspid="2383" ordinal="0" offset="6" sl="46" sc="9" el="46" ec="9" bec="0" bev="0" fileid="15" />
                <SequencePoint vc="1" uspid="2384" ordinal="0" offset="7" sl="47" sc="13" el="47" ec="13" bec="0" bev="0" fileid="15" />
                <SequencePoint vc="1" uspid="2385" ordinal="0" offset="24" sl="48" sc="13" el="48" ec="13" bec="0" bev="0" fileid="15" />
                <SequencePoint vc="1" uspid="2386" ordinal="0" offset="41" sl="49" sc="9" el="49" ec="9" bec="0" bev="0" fileid="15" />
                <SequencePoint vc="1" uspid="2387" ordinal="0" offset="44" sl="52" sc="9" el="52" ec="9" bec="0" bev="0" fileid="15" />
                <SequencePoint vc="1" uspid="2388" ordinal="0" offset="45" sl="53" sc="13" el="53" ec="13" bec="0" bev="0" fileid="15" />
                <SequencePoint vc="1" uspid="2389" ordinal="0" offset="63" sl="54" sc="9" el="54" ec="9" bec="0" bev="0" fileid="15" />
                <SequencePoint vc="2" uspid="2390" ordinal="0" offset="64" sl="55" sc="5" el="55" ec="5" bec="0" bev="0" fileid="15" />
              </SequencePoints>
              <BranchPoints />
            </Method>
            <Method visited="true" cyclomaticComplexity="0" nPathComplexity="0" sequenceCoverage="100.0" branchCoverage="0" crapScore="0" isConstructor="true" isStatic="false" isGetter="false" isSetter="false">
              <Summary numSequencePoints="1" visitedSequencePoints="1" numBranchPoints="0" visitedBranchPoints="0" sequenceCoverage="100.0" branchCoverage="0" maxCyclomaticComplexity="0" minCyclomaticComplexity="0" maxCrapScore="0" minCrapScore="0" visitedClasses="0" numClasses="0" visitedMethods="1" numMethods="1" />
              <MetadataToken>100663474</MetadataToken>
              <Name>ScaleChange::ScaleChange()</Name>
              <FileRef uid="15" />
              <SequencePoints>
                <SequencePoint vc="383" uspid="2391" ordinal="0" offset="0" sl="23" sc="5" el="23" ec="5" bec="0" bev="0" fileid="15" />
              </SequencePoints>
              <BranchPoints />
            </Method>
          </Methods>
        </Class>
        <Class>
          <Summary numSequencePoints="16" visitedSequencePoints="16" numBranchPoints="0" visitedBranchPoints="0" sequenceCoverage="100.0" branchCoverage="0.0" maxCyclomaticComplexity="0" minCyclomaticComplexity="0" maxCrapScore="0" minCrapScore="0" visitedClasses="1" numClasses="1" visitedMethods="1" numMethods="1" />
          <FullName>StageCompleteTextManipulator</FullName>
          <Methods>
            <Method visited="true" cyclomaticComplexity="0" nPathComplexity="0" sequenceCoverage="100.0" branchCoverage="0" crapScore="0" isConstructor="false" isStatic="false" isGetter="false" isSetter="false">
              <Summary numSequencePoints="16" visitedSequencePoints="16" numBranchPoints="0" visitedBranchPoints="0" sequenceCoverage="100.0" branchCoverage="0" maxCyclomaticComplexity="0" minCyclomaticComplexity="0" maxCrapScore="0" minCrapScore="0" visitedClasses="0" numClasses="0" visitedMethods="1" numMethods="1" />
              <MetadataToken>100663475</MetadataToken>
              <Name>System.Void StageCompleteTextManipulator::Start()</Name>
              <FileRef uid="16" />
              <SequencePoints>
                <SequencePoint vc="2" uspid="2392" ordinal="0" offset="0" sl="32" sc="5" el="32" ec="5" bec="0" bev="0" fileid="16" />
                <SequencePoint vc="2" uspid="2393" ordinal="0" offset="1" sl="33" sc="9" el="33" ec="9" bec="0" bev="0" fileid="16" />
                <SequencePoint vc="2" uspid="2394" ordinal="0" offset="27" sl="34" sc="9" el="34" ec="9" bec="0" bev="0" fileid="16" />
                <SequencePoint vc="1" uspid="2395" ordinal="0" offset="39" sl="34" sc="40" el="34" ec="40" bec="0" bev="0" fileid="16" />
                <SequencePoint vc="1" uspid="2396" ordinal="0" offset="40" sl="35" sc="13" el="35" ec="13" bec="0" bev="0" fileid="16" />
                <SequencePoint vc="1" uspid="2397" ordinal="0" offset="46" sl="36" sc="9" el="36" ec="9" bec="0" bev="0" fileid="16" />
                <SequencePoint vc="2" uspid="2398" ordinal="0" offset="47" sl="37" sc="9" el="37" ec="9" bec="0" bev="0" fileid="16" />
                <SequencePoint vc="2" uspid="2399" ordinal="0" offset="60" sl="38" sc="9" el="38" ec="9" bec="0" bev="0" fileid="16" />
                <SequencePoint vc="1" uspid="2400" ordinal="0" offset="72" sl="38" sc="40" el="38" ec="40" bec="0" bev="0" fileid="16" />
                <SequencePoint vc="1" uspid="2401" ordinal="0" offset="73" sl="39" sc="13" el="39" ec="13" bec="0" bev="0" fileid="16" />
                <SequencePoint vc="1" uspid="2402" ordinal="0" offset="85" sl="40" sc="9" el="40" ec="9" bec="0" bev="0" fileid="16" />
                <SequencePoint vc="1" uspid="2403" ordinal="0" offset="88" sl="41" sc="13" el="41" ec="13" bec="0" bev="0" fileid="16" />
                <SequencePoint vc="1" uspid="2404" ordinal="0" offset="89" sl="42" sc="13" el="42" ec="13" bec="0" bev="0" fileid="16" />
                <SequencePoint vc="1" uspid="2405" ordinal="0" offset="95" sl="43" sc="9" el="43" ec="9" bec="0" bev="0" fileid="16" />
                <SequencePoint vc="2" uspid="2406" ordinal="0" offset="96" sl="44" sc="9" el="44" ec="9" bec="0" bev="0" fileid="16" />
                <SequencePoint vc="2" uspid="2407" ordinal="0" offset="103" sl="45" sc="5" el="45" ec="5" bec="0" bev="0" fileid="16" />
              </SequencePoints>
              <BranchPoints />
            </Method>
          </Methods>
        </Class>
        <Class>
          <Summary numSequencePoints="11" visitedSequencePoints="11" numBranchPoints="0" visitedBranchPoints="0" sequenceCoverage="100.0" branchCoverage="0.0" maxCyclomaticComplexity="0" minCyclomaticComplexity="0" maxCrapScore="0" minCrapScore="0" visitedClasses="1" numClasses="1" visitedMethods="1" numMethods="1" />
          <FullName>StageTextManipulator</FullName>
          <Methods>
            <Method visited="true" cyclomaticComplexity="0" nPathComplexity="0" sequenceCoverage="100.0" branchCoverage="0" crapScore="0" isConstructor="false" isStatic="false" isGetter="false" isSetter="false">
              <Summary numSequencePoints="11" visitedSequencePoints="11" numBranchPoints="0" visitedBranchPoints="0" sequenceCoverage="100.0" branchCoverage="0" maxCyclomaticComplexity="0" minCyclomaticComplexity="0" maxCrapScore="0" minCrapScore="0" visitedClasses="0" numClasses="0" visitedMethods="1" numMethods="1" />
              <MetadataToken>100663477</MetadataToken>
              <Name>System.Void StageTextManipulator::Start()</Name>
              <FileRef uid="17" />
              <SequencePoints>
                <SequencePoint vc="2" uspid="2408" ordinal="0" offset="0" sl="32" sc="5" el="32" ec="5" bec="0" bev="0" fileid="17" />
                <SequencePoint vc="2" uspid="2409" ordinal="0" offset="1" sl="33" sc="9" el="33" ec="9" bec="0" bev="0" fileid="17" />
                <SequencePoint vc="1" uspid="2410" ordinal="0" offset="13" sl="34" sc="9" el="34" ec="9" bec="0" bev="0" fileid="17" />
                <SequencePoint vc="1" uspid="2411" ordinal="0" offset="14" sl="35" sc="13" el="35" ec="13" bec="0" bev="0" fileid="17" />
                <SequencePoint vc="1" uspid="2412" ordinal="0" offset="35" sl="36" sc="13" el="36" ec="13" bec="0" bev="0" fileid="17" />
                <SequencePoint vc="1" uspid="2413" ordinal="0" offset="48" sl="37" sc="9" el="37" ec="9" bec="0" bev="0" fileid="17" />
                <SequencePoint vc="1" uspid="2414" ordinal="0" offset="51" sl="39" sc="9" el="39" ec="9" bec="0" bev="0" fileid="17" />
                <SequencePoint vc="1" uspid="2415" ordinal="0" offset="52" sl="40" sc="13" el="40" ec="13" bec="0" bev="0" fileid="17" />
                <SequencePoint vc="1" uspid="2416" ordinal="0" offset="58" sl="41" sc="13" el="41" ec="13" bec="0" bev="0" fileid="17" />
                <SequencePoint vc="1" uspid="2417" ordinal="0" offset="71" sl="42" sc="9" el="42" ec="9" bec="0" bev="0" fileid="17" />
                <SequencePoint vc="2" uspid="2418" ordinal="0" offset="72" sl="43" sc="5" el="43" ec="5" bec="0" bev="0" fileid="17" />
              </SequencePoints>
              <BranchPoints />
            </Method>
          </Methods>
        </Class>
        <Class>
          <Summary numSequencePoints="23" visitedSequencePoints="23" numBranchPoints="0" visitedBranchPoints="0" sequenceCoverage="100.0" branchCoverage="0.0" maxCyclomaticComplexity="0" minCyclomaticComplexity="0" maxCrapScore="0" minCrapScore="0" visitedClasses="1" numClasses="1" visitedMethods="3" numMethods="3" />
          <FullName>ViewCardsUI</FullName>
          <Methods>
            <Method visited="true" cyclomaticComplexity="0" nPathComplexity="0" sequenceCoverage="100.0" branchCoverage="0" crapScore="0" isConstructor="false" isStatic="false" isGetter="false" isSetter="false">
              <Summary numSequencePoints="3" visitedSequencePoints="3" numBranchPoints="0" visitedBranchPoints="0" sequenceCoverage="100.0" branchCoverage="0" maxCyclomaticComplexity="0" minCyclomaticComplexity="0" maxCrapScore="0" minCrapScore="0" visitedClasses="0" numClasses="0" visitedMethods="1" numMethods="1" />
              <MetadataToken>100663524</MetadataToken>
              <Name>System.Void ViewCardsUI::Start()</Name>
              <FileRef uid="18" />
              <SequencePoints>
                <SequencePoint vc="1" uspid="2419" ordinal="0" offset="0" sl="35" sc="5" el="35" ec="5" bec="0" bev="0" fileid="18" />
                <SequencePoint vc="1" uspid="2420" ordinal="0" offset="1" sl="36" sc="9" el="36" ec="9" bec="0" bev="0" fileid="18" />
                <SequencePoint vc="1" uspid="2421" ordinal="0" offset="8" sl="37" sc="5" el="37" ec="5" bec="0" bev="0" fileid="18" />
              </SequencePoints>
              <BranchPoints />
            </Method>
            <Method visited="true" cyclomaticComplexity="0" nPathComplexity="0" sequenceCoverage="100.0" branchCoverage="0" crapScore="0" isConstructor="false" isStatic="false" isGetter="false" isSetter="false">
              <Summary numSequencePoints="19" visitedSequencePoints="19" numBranchPoints="0" visitedBranchPoints="0" sequenceCoverage="100.0" branchCoverage="0" maxCyclomaticComplexity="0" minCyclomaticComplexity="0" maxCrapScore="0" minCrapScore="0" visitedClasses="0" numClasses="0" visitedMethods="1" numMethods="1" />
              <MetadataToken>100663525</MetadataToken>
              <Name>System.Void ViewCardsUI::setUpCards()</Name>
              <FileRef uid="18" />
              <SequencePoints>
                <SequencePoint vc="1" uspid="2422" ordinal="0" offset="0" sl="51" sc="5" el="51" ec="5" bec="0" bev="0" fileid="18" />
                <SequencePoint vc="1" uspid="2423" ordinal="0" offset="1" sl="52" sc="13" el="52" ec="13" bec="0" bev="0" fileid="18" />
                <SequencePoint vc="12" uspid="2424" ordinal="0" offset="8" sl="53" sc="9" el="53" ec="9" bec="0" bev="0" fileid="18" />
                <SequencePoint vc="12" uspid="2425" ordinal="0" offset="9" sl="54" sc="13" el="54" ec="13" bec="0" bev="0" fileid="18" />
                <SequencePoint vc="12" uspid="2426" ordinal="0" offset="21" sl="55" sc="13" el="55" ec="13" bec="0" bev="0" fileid="18" />
                <SequencePoint vc="12" uspid="2427" ordinal="0" offset="44" sl="56" sc="13" el="56" ec="13" bec="0" bev="0" fileid="18" />
                <SequencePoint vc="12" uspid="2428" ordinal="0" offset="67" sl="57" sc="13" el="57" ec="13" bec="0" bev="0" fileid="18" />
                <SequencePoint vc="12" uspid="2429" ordinal="0" offset="90" sl="58" sc="13" el="58" ec="13" bec="0" bev="0" fileid="18" />
                <SequencePoint vc="12" uspid="2430" ordinal="0" offset="113" sl="59" sc="13" el="59" ec="13" bec="0" bev="0" fileid="18" />
                <SequencePoint vc="12" uspid="2431" ordinal="0" offset="136" sl="60" sc="13" el="60" ec="13" bec="0" bev="0" fileid="18" />
                <SequencePoint vc="12" uspid="2432" ordinal="0" offset="159" sl="61" sc="13" el="61" ec="13" bec="0" bev="0" fileid="18" />
                <SequencePoint vc="12" uspid="2433" ordinal="0" offset="182" sl="62" sc="13" el="62" ec="13" bec="0" bev="0" fileid="18" />
                <SequencePoint vc="12" uspid="2434" ordinal="0" offset="205" sl="63" sc="13" el="63" ec="13" bec="0" bev="0" fileid="18" />
                <SequencePoint vc="12" uspid="2435" ordinal="0" offset="228" sl="64" sc="13" el="64" ec="13" bec="0" bev="0" fileid="18" />
                <SequencePoint vc="12" uspid="2436" ordinal="0" offset="251" sl="65" sc="13" el="65" ec="13" bec="0" bev="0" fileid="18" />
                <SequencePoint vc="12" uspid="2437" ordinal="0" offset="269" sl="66" sc="9" el="66" ec="9" bec="0" bev="0" fileid="18" />
                <SequencePoint vc="12" uspid="2438" ordinal="0" offset="270" sl="52" sc="69" el="52" ec="69" bec="0" bev="0" fileid="18" />
                <SequencePoint vc="13" uspid="2439" ordinal="0" offset="274" sl="52" sc="24" el="52" ec="24" bec="0" bev="0" fileid="18" />
                <SequencePoint vc="1" uspid="2440" ordinal="0" offset="294" sl="67" sc="5" el="67" ec="5" bec="0" bev="0" fileid="18" />
              </SequencePoints>
              <BranchPoints />
            </Method>
            <Method visited="true" cyclomaticComplexity="0" nPathComplexity="0" sequenceCoverage="100.0" branchCoverage="0" crapScore="0" isConstructor="true" isStatic="false" isGetter="false" isSetter="false">
              <Summary numSequencePoints="1" visitedSequencePoints="1" numBranchPoints="0" visitedBranchPoints="0" sequenceCoverage="100.0" branchCoverage="0" maxCyclomaticComplexity="0" minCyclomaticComplexity="0" maxCrapScore="0" minCrapScore="0" visitedClasses="0" numClasses="0" visitedMethods="1" numMethods="1" />
              <MetadataToken>100663526</MetadataToken>
              <Name>ViewCardsUI::ViewCardsUI()</Name>
              <FileRef uid="18" />
              <SequencePoints>
                <SequencePoint vc="65" uspid="2441" ordinal="0" offset="0" sl="23" sc="5" el="23" ec="5" bec="0" bev="0" fileid="18" />
              </SequencePoints>
              <BranchPoints />
            </Method>
          </Methods>
        </Class>
      </Classes>
    </Module>
  </Modules>
</CoverageSession>